[2018-01-01 14:40:51 ERROR] [main] (com.erp.task.DefaultFTPClient:438) - 开始处理嘉善停车收费离线数据文件...
[2018-01-01 14:40:52 ERROR] [main] (com.erp.task.DefaultFTPClient:438) - FTP连接成功：220 Serv-U FTP Server v6.4 for WinSock ready...
[2018-01-01 14:40:52 ERROR] [main] (com.erp.task.DefaultFTPClient:438) - FTP登录成功：230 User logged in, proceed.
[2018-01-01 14:40:52 ERROR] [main] (com.erp.task.DefaultFTPClient:438) - 未获取到指定目录下的文件：/upload/
[2018-01-01 14:40:52 ERROR] [main] (com.erp.task.DefaultFTPClient:438) - 结束处理嘉善停车收费离线数据文件...
[2018-01-01 14:40:52 ERROR] [main] (com.erp.task.DefaultFTPClient:438) - 开始验证消费数据TAC...
[2018-01-01 14:40:57 ERROR] [main] (com.erp.serviceImpl.OfflineDataProcessServiceImpl:345) - 未获取到需要验证TAC的数据文件...
[2018-01-01 14:40:57 ERROR] [main] (com.erp.task.DefaultFTPClient:438) - 验证XF消费数据 TAC出现错误！未获取到需要验证TAC的数据文件...
[2018-01-01 14:40:57 ERROR] [main] (com.erp.task.DefaultFTPClient:438) - 结束验证消费数据TAC...
[2018-01-01 14:40:57 ERROR] [main] (com.erp.task.OfflineHlhtTask:97) - 获取DF和DT有误:null
[2018-01-01 14:40:57 ERROR] [main] (com.erp.task.OfflineHlhtTask:104) - 处理DF和DT有误:null
[2018-01-01 14:40:57 ERROR] [main] (com.erp.task.DefaultFTPClient:438) - 开始脱机数据处理...
[2018-01-01 14:40:57 ERROR] [main] (com.erp.task.OfflineHlhtTask:180) - java.lang.NullPointerException
[2018-01-01 14:40:57 ERROR] [main] (com.erp.task.DefaultFTPClient:438) - 脱机数据处理出现错误！null
[2018-01-01 14:40:57 ERROR] [main] (com.erp.task.DefaultFTPClient:438) - 结束脱机数据处理...
[2018-01-01 14:40:57 ERROR] [main] (com.erp.task.DefaultFTPClient:438) - 开始脱机数据处理...
[2018-01-01 14:41:01 ERROR] [main] (com.erp.task.DefaultFTPClient:438) - 结束脱机数据处理...
[2018-01-01 14:41:01 ERROR] [main] (com.erp.task.DefaultFTPClient:438) - 开始上传拒付（SS）、清算(QS)、清算文件明细(NS)  文件...
[2018-01-01 14:41:01 ERROR] [main] (com.erp.task.OfflineHlhtTask:220) - com.erp.exception.CommonException: 获取ftp配置出错，请联系系统管理员！
[2018-01-01 14:41:01 ERROR] [main] (com.erp.task.DefaultFTPClient:438) - 脱机数据处理出现错误！获取ftp配置出错，请联系系统管理员！
[2018-01-01 14:41:01 ERROR] [main] (com.erp.task.DefaultFTPClient:438) - 结束上传拒付（SS）、清算(QS)、清算文件明细(NS)  文件...
[2018-01-01 14:41:01 ERROR] [main] (com.erp.task.OfflineHlhtTask:259) - java.lang.NullPointerException
[2018-01-01 14:41:01 ERROR] [main] (com.erp.task.DefaultFTPClient:438) - 脱机数据处理出现错误！null
[2018-01-01 14:41:01 ERROR] [main] (com.erp.task.DefaultFTPClient:438) - 结束上传Gf文件...
[2018-01-01 14:41:01 ERROR] [main] (com.erp.task.OfflineHlhtTask:152) - 上传上海FH文件有误:null
[2018-01-01 14:41:01 ERROR] [main] (com.erp.task.OfflineHlhtTask:157) - 上传全国FH文件有误:null
