[2018-01-02 09:05:14 ERROR] [main] (com.erp.task.DefaultFTPClient:438) - 开始处理嘉善停车收费离线数据文件...
[2018-01-02 09:05:15 ERROR] [main] (com.erp.task.DefaultFTPClient:438) - FTP连接成功：220 Serv-U FTP Server v6.4 for WinSock ready...
[2018-01-02 09:05:15 ERROR] [main] (com.erp.task.DefaultFTPClient:438) - FTP登录成功：230 User logged in, proceed.
[2018-01-02 09:05:15 ERROR] [main] (com.erp.task.DefaultFTPClient:438) - 未获取到指定目录下的文件：/upload/
[2018-01-02 09:05:15 ERROR] [main] (com.erp.task.DefaultFTPClient:438) - 结束处理嘉善停车收费离线数据文件...
[2018-01-02 09:05:15 ERROR] [main] (com.erp.task.DefaultFTPClient:438) - 开始验证消费数据TAC...
[2018-01-02 09:05:18 ERROR] [main] (com.erp.serviceImpl.OfflineDataProcessServiceImpl:345) - 未获取到需要验证TAC的数据文件...
[2018-01-02 09:05:18 ERROR] [main] (com.erp.task.DefaultFTPClient:438) - 验证XF消费数据 TAC出现错误！未获取到需要验证TAC的数据文件...
[2018-01-02 09:05:18 ERROR] [main] (com.erp.task.DefaultFTPClient:438) - 结束验证消费数据TAC...
[2018-01-02 09:05:18 ERROR] [main] (com.erp.task.OfflineHlhtTask:97) - 获取DF和DT有误:null
[2018-01-02 09:05:18 ERROR] [main] (com.erp.task.OfflineHlhtTask:104) - 处理DF和DT有误:null
[2018-01-02 09:05:18 ERROR] [main] (com.erp.task.DefaultFTPClient:438) - 开始脱机数据处理...
[2018-01-02 09:05:18 ERROR] [main] (com.erp.task.OfflineHlhtTask:180) - java.lang.NullPointerException
[2018-01-02 09:05:18 ERROR] [main] (com.erp.task.DefaultFTPClient:438) - 脱机数据处理出现错误！null
[2018-01-02 09:05:18 ERROR] [main] (com.erp.task.DefaultFTPClient:438) - 结束脱机数据处理...
[2018-01-02 09:05:18 ERROR] [main] (com.erp.task.DefaultFTPClient:438) - 开始脱机数据处理...
[2018-01-02 09:05:20 ERROR] [main] (com.erp.task.DefaultFTPClient:438) - 结束脱机数据处理...
[2018-01-02 09:05:20 ERROR] [main] (com.erp.task.DefaultFTPClient:438) - 开始上传拒付（SS）、清算(QS)、清算文件明细(NS)  文件...
[2018-01-02 09:05:20 ERROR] [main] (com.erp.task.OfflineHlhtTask:220) - com.erp.exception.CommonException: 获取ftp配置出错，请联系系统管理员！
[2018-01-02 09:05:20 ERROR] [main] (com.erp.task.DefaultFTPClient:438) - 脱机数据处理出现错误！获取ftp配置出错，请联系系统管理员！
[2018-01-02 09:05:20 ERROR] [main] (com.erp.task.DefaultFTPClient:438) - 结束上传拒付（SS）、清算(QS)、清算文件明细(NS)  文件...
[2018-01-02 09:05:20 ERROR] [main] (com.erp.task.OfflineHlhtTask:259) - java.lang.NullPointerException
[2018-01-02 09:05:20 ERROR] [main] (com.erp.task.DefaultFTPClient:438) - 脱机数据处理出现错误！null
[2018-01-02 09:05:20 ERROR] [main] (com.erp.task.DefaultFTPClient:438) - 结束上传Gf文件...
[2018-01-02 09:05:20 ERROR] [main] (com.erp.task.OfflineHlhtTask:152) - 上传上海FH文件有误:null
[2018-01-02 09:05:20 ERROR] [main] (com.erp.task.OfflineHlhtTask:157) - 上传全国FH文件有误:null
[2018-01-02 09:10:31 ERROR] [main] (com.erp.task.DefaultFTPClient:438) - 开始处理嘉善停车收费离线数据文件...
[2018-01-02 09:10:31 ERROR] [main] (com.erp.task.DefaultFTPClient:438) - FTP连接成功：220 Serv-U FTP Server v6.4 for WinSock ready...
[2018-01-02 09:10:31 ERROR] [main] (com.erp.task.DefaultFTPClient:438) - FTP登录成功：230 User logged in, proceed.
[2018-01-02 09:10:31 ERROR] [main] (com.erp.task.DefaultFTPClient:438) - 未获取到指定目录下的文件：/upload/
[2018-01-02 09:10:31 ERROR] [main] (com.erp.task.DefaultFTPClient:438) - 结束处理嘉善停车收费离线数据文件...
[2018-01-02 09:10:31 ERROR] [main] (com.erp.task.DefaultFTPClient:438) - 开始验证消费数据TAC...
[2018-01-02 09:10:33 ERROR] [main] (com.erp.serviceImpl.OfflineDataProcessServiceImpl:345) - 未获取到需要验证TAC的数据文件...
[2018-01-02 09:10:33 ERROR] [main] (com.erp.task.DefaultFTPClient:438) - 验证XF消费数据 TAC出现错误！未获取到需要验证TAC的数据文件...
[2018-01-02 09:10:33 ERROR] [main] (com.erp.task.DefaultFTPClient:438) - 结束验证消费数据TAC...
[2018-01-02 09:10:33 ERROR] [main] (com.erp.task.OfflineHlhtTask:97) - 获取DF和DT有误:null
[2018-01-02 09:10:33 ERROR] [main] (com.erp.task.OfflineHlhtTask:104) - 处理DF和DT有误:null
[2018-01-02 09:10:33 ERROR] [main] (com.erp.task.DefaultFTPClient:438) - 开始脱机数据处理...
[2018-01-02 09:10:33 ERROR] [main] (com.erp.task.OfflineHlhtTask:180) - java.lang.NullPointerException
[2018-01-02 09:10:33 ERROR] [main] (com.erp.task.DefaultFTPClient:438) - 脱机数据处理出现错误！null
[2018-01-02 09:10:33 ERROR] [main] (com.erp.task.DefaultFTPClient:438) - 结束脱机数据处理...
[2018-01-02 09:10:33 ERROR] [main] (com.erp.task.DefaultFTPClient:438) - 开始脱机数据处理...
[2018-01-02 09:10:35 ERROR] [main] (com.erp.task.DefaultFTPClient:438) - 结束脱机数据处理...
[2018-01-02 09:10:35 ERROR] [main] (com.erp.task.DefaultFTPClient:438) - 开始上传拒付（SS）、清算(QS)、清算文件明细(NS)  文件...
[2018-01-02 09:10:35 ERROR] [main] (com.erp.task.OfflineHlhtTask:220) - com.erp.exception.CommonException: 获取ftp配置出错，请联系系统管理员！
[2018-01-02 09:10:35 ERROR] [main] (com.erp.task.DefaultFTPClient:438) - 脱机数据处理出现错误！获取ftp配置出错，请联系系统管理员！
[2018-01-02 09:10:35 ERROR] [main] (com.erp.task.DefaultFTPClient:438) - 结束上传拒付（SS）、清算(QS)、清算文件明细(NS)  文件...
[2018-01-02 09:10:35 ERROR] [main] (com.erp.task.OfflineHlhtTask:259) - java.lang.NullPointerException
[2018-01-02 09:10:35 ERROR] [main] (com.erp.task.DefaultFTPClient:438) - 脱机数据处理出现错误！null
[2018-01-02 09:10:35 ERROR] [main] (com.erp.task.DefaultFTPClient:438) - 结束上传Gf文件...
[2018-01-02 09:10:35 ERROR] [main] (com.erp.task.OfflineHlhtTask:152) - 上传上海FH文件有误:null
[2018-01-02 09:10:35 ERROR] [main] (com.erp.task.OfflineHlhtTask:157) - 上传全国FH文件有误:null
[2018-01-02 09:11:13 ERROR] [main] (com.erp.task.DefaultFTPClient:438) - 开始处理嘉善停车收费离线数据文件...
[2018-01-02 09:11:14 ERROR] [main] (com.erp.task.DefaultFTPClient:438) - FTP连接成功：220 Serv-U FTP Server v6.4 for WinSock ready...
[2018-01-02 09:11:14 ERROR] [main] (com.erp.task.DefaultFTPClient:438) - FTP登录成功：230 User logged in, proceed.
[2018-01-02 09:11:14 ERROR] [main] (com.erp.task.DefaultFTPClient:438) - 未获取到指定目录下的文件：/upload/
[2018-01-02 09:11:14 ERROR] [main] (com.erp.task.DefaultFTPClient:438) - 结束处理嘉善停车收费离线数据文件...
[2018-01-02 09:11:14 ERROR] [main] (com.erp.task.DefaultFTPClient:438) - 开始验证消费数据TAC...
[2018-01-02 09:11:16 ERROR] [main] (com.erp.serviceImpl.OfflineDataProcessServiceImpl:345) - 未获取到需要验证TAC的数据文件...
[2018-01-02 09:11:16 ERROR] [main] (com.erp.task.DefaultFTPClient:438) - 验证XF消费数据 TAC出现错误！未获取到需要验证TAC的数据文件...
[2018-01-02 09:11:16 ERROR] [main] (com.erp.task.DefaultFTPClient:438) - 结束验证消费数据TAC...
[2018-01-02 09:11:16 ERROR] [main] (com.erp.task.OfflineHlhtTask:97) - 获取DF和DT有误:null
[2018-01-02 09:11:16 ERROR] [main] (com.erp.task.OfflineHlhtTask:104) - 处理DF和DT有误:null
[2018-01-02 09:11:16 ERROR] [main] (com.erp.task.DefaultFTPClient:438) - 开始脱机数据处理...
[2018-01-02 09:11:16 ERROR] [main] (com.erp.task.OfflineHlhtTask:180) - java.lang.NullPointerException
[2018-01-02 09:11:16 ERROR] [main] (com.erp.task.DefaultFTPClient:438) - 脱机数据处理出现错误！null
[2018-01-02 09:11:16 ERROR] [main] (com.erp.task.DefaultFTPClient:438) - 结束脱机数据处理...
[2018-01-02 09:11:16 ERROR] [main] (com.erp.task.DefaultFTPClient:438) - 开始脱机数据处理...
[2018-01-02 09:11:17 ERROR] [main] (com.erp.task.DefaultFTPClient:438) - 结束脱机数据处理...
[2018-01-02 09:11:17 ERROR] [main] (com.erp.task.DefaultFTPClient:438) - 开始上传拒付（SS）、清算(QS)、清算文件明细(NS)  文件...
[2018-01-02 09:11:17 ERROR] [main] (com.erp.task.OfflineHlhtTask:220) - com.erp.exception.CommonException: 获取ftp配置出错，请联系系统管理员！
[2018-01-02 09:11:17 ERROR] [main] (com.erp.task.DefaultFTPClient:438) - 脱机数据处理出现错误！获取ftp配置出错，请联系系统管理员！
[2018-01-02 09:11:17 ERROR] [main] (com.erp.task.DefaultFTPClient:438) - 结束上传拒付（SS）、清算(QS)、清算文件明细(NS)  文件...
[2018-01-02 09:11:17 ERROR] [main] (com.erp.task.OfflineHlhtTask:259) - java.lang.NullPointerException
[2018-01-02 09:11:17 ERROR] [main] (com.erp.task.DefaultFTPClient:438) - 脱机数据处理出现错误！null
[2018-01-02 09:11:17 ERROR] [main] (com.erp.task.DefaultFTPClient:438) - 结束上传Gf文件...
[2018-01-02 09:11:17 ERROR] [main] (com.erp.task.OfflineHlhtTask:152) - 上传上海FH文件有误:null
[2018-01-02 09:11:17 ERROR] [main] (com.erp.task.OfflineHlhtTask:157) - 上传全国FH文件有误:null
[2018-01-02 09:12:03 ERROR] [main] (com.erp.task.DefaultFTPClient:438) - 开始处理嘉善停车收费离线数据文件...
[2018-01-02 09:12:03 ERROR] [main] (com.erp.task.DefaultFTPClient:438) - FTP连接成功：220 Serv-U FTP Server v6.4 for WinSock ready...
[2018-01-02 09:12:03 ERROR] [main] (com.erp.task.DefaultFTPClient:438) - FTP登录成功：230 User logged in, proceed.
[2018-01-02 09:12:03 ERROR] [main] (com.erp.task.DefaultFTPClient:438) - 未获取到指定目录下的文件：/upload/
[2018-01-02 09:12:03 ERROR] [main] (com.erp.task.DefaultFTPClient:438) - 结束处理嘉善停车收费离线数据文件...
[2018-01-02 09:12:03 ERROR] [main] (com.erp.task.DefaultFTPClient:438) - 开始验证消费数据TAC...
[2018-01-02 09:12:05 ERROR] [main] (com.erp.serviceImpl.OfflineDataProcessServiceImpl:345) - 未获取到需要验证TAC的数据文件...
[2018-01-02 09:12:05 ERROR] [main] (com.erp.task.DefaultFTPClient:438) - 验证XF消费数据 TAC出现错误！未获取到需要验证TAC的数据文件...
[2018-01-02 09:12:05 ERROR] [main] (com.erp.task.DefaultFTPClient:438) - 结束验证消费数据TAC...
[2018-01-02 09:12:05 ERROR] [main] (com.erp.task.OfflineHlhtTask:97) - 获取DF和DT有误:null
[2018-01-02 09:12:05 ERROR] [main] (com.erp.task.OfflineHlhtTask:104) - 处理DF和DT有误:null
[2018-01-02 09:12:05 ERROR] [main] (com.erp.task.DefaultFTPClient:438) - 开始脱机数据处理...
[2018-01-02 09:12:05 ERROR] [main] (com.erp.task.OfflineHlhtTask:180) - java.lang.NullPointerException
[2018-01-02 09:12:05 ERROR] [main] (com.erp.task.DefaultFTPClient:438) - 脱机数据处理出现错误！null
[2018-01-02 09:12:05 ERROR] [main] (com.erp.task.DefaultFTPClient:438) - 结束脱机数据处理...
[2018-01-02 09:12:05 ERROR] [main] (com.erp.task.DefaultFTPClient:438) - 开始脱机数据处理...
[2018-01-02 09:12:07 ERROR] [main] (com.erp.task.DefaultFTPClient:438) - 结束脱机数据处理...
[2018-01-02 09:12:07 ERROR] [main] (com.erp.task.DefaultFTPClient:438) - 开始上传拒付（SS）、清算(QS)、清算文件明细(NS)  文件...
[2018-01-02 09:12:07 ERROR] [main] (com.erp.task.OfflineHlhtTask:220) - com.erp.exception.CommonException: 获取ftp配置出错，请联系系统管理员！
[2018-01-02 09:12:07 ERROR] [main] (com.erp.task.DefaultFTPClient:438) - 脱机数据处理出现错误！获取ftp配置出错，请联系系统管理员！
[2018-01-02 09:12:07 ERROR] [main] (com.erp.task.DefaultFTPClient:438) - 结束上传拒付（SS）、清算(QS)、清算文件明细(NS)  文件...
[2018-01-02 09:12:07 ERROR] [main] (com.erp.task.OfflineHlhtTask:259) - java.lang.NullPointerException
[2018-01-02 09:12:07 ERROR] [main] (com.erp.task.DefaultFTPClient:438) - 脱机数据处理出现错误！null
[2018-01-02 09:12:07 ERROR] [main] (com.erp.task.DefaultFTPClient:438) - 结束上传Gf文件...
[2018-01-02 09:12:07 ERROR] [main] (com.erp.task.OfflineHlhtTask:152) - 上传上海FH文件有误:null
[2018-01-02 09:12:07 ERROR] [main] (com.erp.task.OfflineHlhtTask:157) - 上传全国FH文件有误:null
[2018-01-02 09:12:52 ERROR] [main] (com.erp.task.DefaultFTPClient:438) - 开始处理嘉善停车收费离线数据文件...
[2018-01-02 09:13:02 ERROR] [main] (com.erp.task.DefaultFTPClient:438) - FTP连接成功：220 Serv-U FTP Server v6.4 for WinSock ready...
[2018-01-02 09:13:16 ERROR] [main] (com.erp.task.DefaultFTPClient:438) - FTP登录成功：230 User logged in, proceed.
[2018-01-02 09:13:25 ERROR] [main] (com.erp.task.DefaultFTPClient:438) - 未获取到指定目录下的文件：/upload/
[2018-01-02 09:13:40 ERROR] [main] (com.erp.task.DefaultFTPClient:438) - 结束处理嘉善停车收费离线数据文件...
[2018-01-02 09:13:40 ERROR] [main] (com.erp.task.DefaultFTPClient:438) - 开始验证消费数据TAC...
[2018-01-02 09:13:42 ERROR] [main] (com.erp.serviceImpl.OfflineDataProcessServiceImpl:345) - 未获取到需要验证TAC的数据文件...
[2018-01-02 09:13:42 ERROR] [main] (com.erp.task.DefaultFTPClient:438) - 验证XF消费数据 TAC出现错误！未获取到需要验证TAC的数据文件...
[2018-01-02 09:13:42 ERROR] [main] (com.erp.task.DefaultFTPClient:438) - 结束验证消费数据TAC...
[2018-01-02 09:13:42 ERROR] [main] (com.erp.task.OfflineHlhtTask:97) - 获取DF和DT有误:null
[2018-01-02 09:13:42 ERROR] [main] (com.erp.task.OfflineHlhtTask:104) - 处理DF和DT有误:null
[2018-01-02 09:13:42 ERROR] [main] (com.erp.task.DefaultFTPClient:438) - 开始脱机数据处理...
[2018-01-02 09:13:42 ERROR] [main] (com.erp.task.OfflineHlhtTask:180) - java.lang.NullPointerException
[2018-01-02 09:13:42 ERROR] [main] (com.erp.task.DefaultFTPClient:438) - 脱机数据处理出现错误！null
[2018-01-02 09:13:42 ERROR] [main] (com.erp.task.DefaultFTPClient:438) - 结束脱机数据处理...
[2018-01-02 09:13:42 ERROR] [main] (com.erp.task.DefaultFTPClient:438) - 开始脱机数据处理...
[2018-01-02 09:13:44 ERROR] [main] (com.erp.task.DefaultFTPClient:438) - 结束脱机数据处理...
[2018-01-02 09:13:44 ERROR] [main] (com.erp.task.DefaultFTPClient:438) - 开始上传拒付（SS）、清算(QS)、清算文件明细(NS)  文件...
[2018-01-02 09:13:44 ERROR] [main] (com.erp.task.OfflineHlhtTask:220) - com.erp.exception.CommonException: 获取ftp配置出错，请联系系统管理员！
[2018-01-02 09:13:44 ERROR] [main] (com.erp.task.DefaultFTPClient:438) - 脱机数据处理出现错误！获取ftp配置出错，请联系系统管理员！
[2018-01-02 09:13:44 ERROR] [main] (com.erp.task.DefaultFTPClient:438) - 结束上传拒付（SS）、清算(QS)、清算文件明细(NS)  文件...
[2018-01-02 09:13:44 ERROR] [main] (com.erp.task.OfflineHlhtTask:259) - java.lang.NullPointerException
[2018-01-02 09:13:44 ERROR] [main] (com.erp.task.DefaultFTPClient:438) - 脱机数据处理出现错误！null
[2018-01-02 09:13:44 ERROR] [main] (com.erp.task.DefaultFTPClient:438) - 结束上传Gf文件...
[2018-01-02 09:13:44 ERROR] [main] (com.erp.task.OfflineHlhtTask:152) - 上传上海FH文件有误:null
[2018-01-02 09:13:44 ERROR] [main] (com.erp.task.OfflineHlhtTask:157) - 上传全国FH文件有误:null
[2018-01-02 09:15:20 ERROR] [main] (com.erp.task.DefaultFTPClient:438) - 开始处理嘉善停车收费离线数据文件...
[2018-01-02 09:15:20 ERROR] [main] (com.erp.task.DefaultFTPClient:438) - FTP连接成功：220 Serv-U FTP Server v6.4 for WinSock ready...
[2018-01-02 09:15:20 ERROR] [main] (com.erp.task.DefaultFTPClient:438) - FTP登录成功：230 User logged in, proceed.
[2018-01-02 09:15:20 ERROR] [main] (com.erp.task.DefaultFTPClient:438) - 未获取到指定目录下的文件：/upload/
[2018-01-02 09:15:20 ERROR] [main] (com.erp.task.DefaultFTPClient:438) - 结束处理嘉善停车收费离线数据文件...
[2018-01-02 09:15:20 ERROR] [main] (com.erp.task.DefaultFTPClient:438) - 开始验证消费数据TAC...
[2018-01-02 09:15:22 ERROR] [main] (com.erp.serviceImpl.OfflineDataProcessServiceImpl:345) - 未获取到需要验证TAC的数据文件...
[2018-01-02 09:15:22 ERROR] [main] (com.erp.task.DefaultFTPClient:438) - 验证XF消费数据 TAC出现错误！未获取到需要验证TAC的数据文件...
[2018-01-02 09:15:22 ERROR] [main] (com.erp.task.DefaultFTPClient:438) - 结束验证消费数据TAC...
[2018-01-02 09:15:22 ERROR] [main] (com.erp.task.OfflineHlhtTask:97) - 获取DF和DT有误:null
[2018-01-02 09:15:22 ERROR] [main] (com.erp.task.OfflineHlhtTask:104) - 处理DF和DT有误:null
[2018-01-02 09:15:22 ERROR] [main] (com.erp.task.DefaultFTPClient:438) - 开始脱机数据处理...
[2018-01-02 09:15:22 ERROR] [main] (com.erp.task.OfflineHlhtTask:180) - java.lang.NullPointerException
[2018-01-02 09:15:22 ERROR] [main] (com.erp.task.DefaultFTPClient:438) - 脱机数据处理出现错误！null
[2018-01-02 09:15:22 ERROR] [main] (com.erp.task.DefaultFTPClient:438) - 结束脱机数据处理...
[2018-01-02 09:15:22 ERROR] [main] (com.erp.task.DefaultFTPClient:438) - 开始脱机数据处理...
[2018-01-02 09:15:24 ERROR] [main] (com.erp.task.DefaultFTPClient:438) - 结束脱机数据处理...
[2018-01-02 09:15:24 ERROR] [main] (com.erp.task.DefaultFTPClient:438) - 开始上传拒付（SS）、清算(QS)、清算文件明细(NS)  文件...
[2018-01-02 09:15:24 ERROR] [main] (com.erp.task.OfflineHlhtTask:220) - com.erp.exception.CommonException: 获取ftp配置出错，请联系系统管理员！
[2018-01-02 09:15:24 ERROR] [main] (com.erp.task.DefaultFTPClient:438) - 脱机数据处理出现错误！获取ftp配置出错，请联系系统管理员！
[2018-01-02 09:15:24 ERROR] [main] (com.erp.task.DefaultFTPClient:438) - 结束上传拒付（SS）、清算(QS)、清算文件明细(NS)  文件...
[2018-01-02 09:15:24 ERROR] [main] (com.erp.task.OfflineHlhtTask:259) - java.lang.NullPointerException
[2018-01-02 09:15:24 ERROR] [main] (com.erp.task.DefaultFTPClient:438) - 脱机数据处理出现错误！null
[2018-01-02 09:15:24 ERROR] [main] (com.erp.task.DefaultFTPClient:438) - 结束上传Gf文件...
[2018-01-02 09:15:24 ERROR] [main] (com.erp.task.OfflineHlhtTask:152) - 上传上海FH文件有误:null
[2018-01-02 09:15:24 ERROR] [main] (com.erp.task.OfflineHlhtTask:157) - 上传全国FH文件有误:null
[2018-01-02 09:16:13 ERROR] [main] (com.erp.task.DefaultFTPClient:438) - 开始处理嘉善停车收费离线数据文件...
[2018-01-02 09:16:13 ERROR] [main] (com.erp.task.DefaultFTPClient:438) - FTP连接成功：220 Serv-U FTP Server v6.4 for WinSock ready...
[2018-01-02 09:16:13 ERROR] [main] (com.erp.task.DefaultFTPClient:438) - FTP登录成功：230 User logged in, proceed.
[2018-01-02 09:16:13 ERROR] [main] (com.erp.task.DefaultFTPClient:438) - 未获取到指定目录下的文件：/upload/
[2018-01-02 09:16:13 ERROR] [main] (com.erp.task.DefaultFTPClient:438) - 结束处理嘉善停车收费离线数据文件...
[2018-01-02 09:16:13 ERROR] [main] (com.erp.task.DefaultFTPClient:438) - 开始验证消费数据TAC...
[2018-01-02 09:16:16 ERROR] [main] (com.erp.serviceImpl.OfflineDataProcessServiceImpl:345) - 未获取到需要验证TAC的数据文件...
[2018-01-02 09:16:16 ERROR] [main] (com.erp.task.DefaultFTPClient:438) - 验证XF消费数据 TAC出现错误！未获取到需要验证TAC的数据文件...
[2018-01-02 09:16:16 ERROR] [main] (com.erp.task.DefaultFTPClient:438) - 结束验证消费数据TAC...
[2018-01-02 09:16:16 ERROR] [main] (com.erp.task.OfflineHlhtTask:97) - 获取DF和DT有误:null
[2018-01-02 09:16:16 ERROR] [main] (com.erp.task.OfflineHlhtTask:104) - 处理DF和DT有误:null
[2018-01-02 09:16:16 ERROR] [main] (com.erp.task.DefaultFTPClient:438) - 开始脱机数据处理...
[2018-01-02 09:16:16 ERROR] [main] (com.erp.task.OfflineHlhtTask:180) - java.lang.NullPointerException
[2018-01-02 09:16:16 ERROR] [main] (com.erp.task.DefaultFTPClient:438) - 脱机数据处理出现错误！null
[2018-01-02 09:16:16 ERROR] [main] (com.erp.task.DefaultFTPClient:438) - 结束脱机数据处理...
[2018-01-02 09:16:16 ERROR] [main] (com.erp.task.DefaultFTPClient:438) - 开始脱机数据处理...
[2018-01-02 09:16:17 ERROR] [main] (com.erp.task.DefaultFTPClient:438) - 结束脱机数据处理...
[2018-01-02 09:16:17 ERROR] [main] (com.erp.task.DefaultFTPClient:438) - 开始上传拒付（SS）、清算(QS)、清算文件明细(NS)  文件...
[2018-01-02 09:16:17 ERROR] [main] (com.erp.task.OfflineHlhtTask:220) - com.erp.exception.CommonException: 获取ftp配置出错，请联系系统管理员！
[2018-01-02 09:16:17 ERROR] [main] (com.erp.task.DefaultFTPClient:438) - 脱机数据处理出现错误！获取ftp配置出错，请联系系统管理员！
[2018-01-02 09:16:17 ERROR] [main] (com.erp.task.DefaultFTPClient:438) - 结束上传拒付（SS）、清算(QS)、清算文件明细(NS)  文件...
[2018-01-02 09:16:17 ERROR] [main] (com.erp.task.OfflineHlhtTask:259) - java.lang.NullPointerException
[2018-01-02 09:16:17 ERROR] [main] (com.erp.task.DefaultFTPClient:438) - 脱机数据处理出现错误！null
[2018-01-02 09:16:17 ERROR] [main] (com.erp.task.DefaultFTPClient:438) - 结束上传Gf文件...
[2018-01-02 09:16:17 ERROR] [main] (com.erp.task.OfflineHlhtTask:152) - 上传上海FH文件有误:null
[2018-01-02 09:16:17 ERROR] [main] (com.erp.task.OfflineHlhtTask:157) - 上传全国FH文件有误:null
[2018-01-02 09:17:48 ERROR] [main] (com.erp.task.DefaultFTPClient:438) - 开始处理嘉善停车收费离线数据文件...
[2018-01-02 09:17:48 ERROR] [main] (com.erp.task.DefaultFTPClient:438) - FTP连接成功：220 Serv-U FTP Server v6.4 for WinSock ready...
[2018-01-02 09:17:48 ERROR] [main] (com.erp.task.DefaultFTPClient:438) - FTP登录成功：230 User logged in, proceed.
[2018-01-02 09:17:49 ERROR] [main] (com.erp.task.DefaultFTPClient:438) - 未获取到指定目录下的文件：/upload
[2018-01-02 09:17:49 ERROR] [main] (com.erp.task.DefaultFTPClient:438) - 结束处理嘉善停车收费离线数据文件...
[2018-01-02 09:17:49 ERROR] [main] (com.erp.task.DefaultFTPClient:438) - 开始验证消费数据TAC...
[2018-01-02 09:17:51 ERROR] [main] (com.erp.serviceImpl.OfflineDataProcessServiceImpl:345) - 未获取到需要验证TAC的数据文件...
[2018-01-02 09:17:51 ERROR] [main] (com.erp.task.DefaultFTPClient:438) - 验证XF消费数据 TAC出现错误！未获取到需要验证TAC的数据文件...
[2018-01-02 09:17:51 ERROR] [main] (com.erp.task.DefaultFTPClient:438) - 结束验证消费数据TAC...
[2018-01-02 09:17:51 ERROR] [main] (com.erp.task.OfflineHlhtTask:97) - 获取DF和DT有误:null
[2018-01-02 09:17:51 ERROR] [main] (com.erp.task.OfflineHlhtTask:104) - 处理DF和DT有误:null
[2018-01-02 09:17:51 ERROR] [main] (com.erp.task.DefaultFTPClient:438) - 开始脱机数据处理...
[2018-01-02 09:17:51 ERROR] [main] (com.erp.task.OfflineHlhtTask:180) - java.lang.NullPointerException
[2018-01-02 09:17:51 ERROR] [main] (com.erp.task.DefaultFTPClient:438) - 脱机数据处理出现错误！null
[2018-01-02 09:17:51 ERROR] [main] (com.erp.task.DefaultFTPClient:438) - 结束脱机数据处理...
[2018-01-02 09:17:51 ERROR] [main] (com.erp.task.DefaultFTPClient:438) - 开始脱机数据处理...
[2018-01-02 09:17:53 ERROR] [main] (com.erp.task.DefaultFTPClient:438) - 结束脱机数据处理...
[2018-01-02 09:17:53 ERROR] [main] (com.erp.task.DefaultFTPClient:438) - 开始上传拒付（SS）、清算(QS)、清算文件明细(NS)  文件...
[2018-01-02 09:17:53 ERROR] [main] (com.erp.task.OfflineHlhtTask:220) - com.erp.exception.CommonException: 获取ftp配置出错，请联系系统管理员！
[2018-01-02 09:17:53 ERROR] [main] (com.erp.task.DefaultFTPClient:438) - 脱机数据处理出现错误！获取ftp配置出错，请联系系统管理员！
[2018-01-02 09:17:53 ERROR] [main] (com.erp.task.DefaultFTPClient:438) - 结束上传拒付（SS）、清算(QS)、清算文件明细(NS)  文件...
[2018-01-02 09:17:53 ERROR] [main] (com.erp.task.OfflineHlhtTask:259) - java.lang.NullPointerException
[2018-01-02 09:17:53 ERROR] [main] (com.erp.task.DefaultFTPClient:438) - 脱机数据处理出现错误！null
[2018-01-02 09:17:53 ERROR] [main] (com.erp.task.DefaultFTPClient:438) - 结束上传Gf文件...
[2018-01-02 09:17:53 ERROR] [main] (com.erp.task.OfflineHlhtTask:152) - 上传上海FH文件有误:null
[2018-01-02 09:17:53 ERROR] [main] (com.erp.task.OfflineHlhtTask:157) - 上传全国FH文件有误:null
[2018-01-02 10:58:26 ERROR] [main] (com.erp.task.DefaultFTPClient:438) - 开始处理嘉善停车收费离线数据文件...
[2018-01-02 10:58:26 ERROR] [main] (com.erp.task.DefaultFTPClient:438) - FTP连接成功：220 Serv-U FTP Server v6.4 for WinSock ready...
[2018-01-02 10:58:26 ERROR] [main] (com.erp.task.DefaultFTPClient:438) - FTP登录成功：230 User logged in, proceed.
[2018-01-02 10:58:26 ERROR] [main] (com.erp.task.DefaultFTPClient:438) - 未获取到指定目录下的文件：/upload/
[2018-01-02 10:58:26 ERROR] [main] (com.erp.task.DefaultFTPClient:438) - 结束处理嘉善停车收费离线数据文件...
[2018-01-02 10:58:26 ERROR] [main] (com.erp.task.DefaultFTPClient:438) - 开始验证消费数据TAC...
[2018-01-02 10:58:28 ERROR] [main] (com.erp.serviceImpl.OfflineDataProcessServiceImpl:345) - 未获取到需要验证TAC的数据文件...
[2018-01-02 10:58:28 ERROR] [main] (com.erp.task.DefaultFTPClient:438) - 验证XF消费数据 TAC出现错误！未获取到需要验证TAC的数据文件...
[2018-01-02 10:58:28 ERROR] [main] (com.erp.task.DefaultFTPClient:438) - 结束验证消费数据TAC...
[2018-01-02 10:58:28 ERROR] [main] (com.erp.task.OfflineHlhtTask:97) - 获取DF和DT有误:null
[2018-01-02 10:58:28 ERROR] [main] (com.erp.task.OfflineHlhtTask:104) - 处理DF和DT有误:null
[2018-01-02 10:58:28 ERROR] [main] (com.erp.task.DefaultFTPClient:438) - 开始脱机数据处理...
[2018-01-02 10:58:28 ERROR] [main] (com.erp.task.OfflineHlhtTask:180) - java.lang.NullPointerException
[2018-01-02 10:58:28 ERROR] [main] (com.erp.task.DefaultFTPClient:438) - 脱机数据处理出现错误！null
[2018-01-02 10:58:28 ERROR] [main] (com.erp.task.DefaultFTPClient:438) - 结束脱机数据处理...
[2018-01-02 10:58:28 ERROR] [main] (com.erp.task.DefaultFTPClient:438) - 开始脱机数据处理...
[2018-01-02 10:58:30 ERROR] [main] (com.erp.task.DefaultFTPClient:438) - 结束脱机数据处理...
[2018-01-02 10:58:30 ERROR] [main] (com.erp.task.DefaultFTPClient:438) - 开始上传拒付（SS）、清算(QS)、清算文件明细(NS)  文件...
[2018-01-02 10:58:30 ERROR] [main] (com.erp.task.OfflineHlhtTask:220) - com.erp.exception.CommonException: 获取ftp配置出错，请联系系统管理员！
[2018-01-02 10:58:30 ERROR] [main] (com.erp.task.DefaultFTPClient:438) - 脱机数据处理出现错误！获取ftp配置出错，请联系系统管理员！
[2018-01-02 10:58:30 ERROR] [main] (com.erp.task.DefaultFTPClient:438) - 结束上传拒付（SS）、清算(QS)、清算文件明细(NS)  文件...
[2018-01-02 10:58:30 ERROR] [main] (com.erp.task.OfflineHlhtTask:259) - java.lang.NullPointerException
[2018-01-02 10:58:30 ERROR] [main] (com.erp.task.DefaultFTPClient:438) - 脱机数据处理出现错误！null
[2018-01-02 10:58:30 ERROR] [main] (com.erp.task.DefaultFTPClient:438) - 结束上传Gf文件...
[2018-01-02 10:58:30 ERROR] [main] (com.erp.task.OfflineHlhtTask:152) - 上传上海FH文件有误:null
[2018-01-02 10:58:30 ERROR] [main] (com.erp.task.OfflineHlhtTask:157) - 上传全国FH文件有误:null
[2018-01-02 10:59:38 ERROR] [main] (com.erp.task.DefaultFTPClient:438) - 开始处理嘉善停车收费离线数据文件...
[2018-01-02 10:59:38 ERROR] [main] (com.erp.task.DefaultFTPClient:438) - FTP连接成功：220 Serv-U FTP Server v6.4 for WinSock ready...
[2018-01-02 10:59:38 ERROR] [main] (com.erp.task.DefaultFTPClient:438) - FTP登录成功：230 User logged in, proceed.
[2018-01-02 10:59:38 ERROR] [main] (com.erp.task.DefaultFTPClient:438) - 未获取到指定目录下的文件：/upload/
[2018-01-02 10:59:38 ERROR] [main] (com.erp.task.DefaultFTPClient:438) - 结束处理嘉善停车收费离线数据文件...
[2018-01-02 10:59:38 ERROR] [main] (com.erp.task.DefaultFTPClient:438) - 开始验证消费数据TAC...
[2018-01-02 10:59:40 ERROR] [main] (com.erp.serviceImpl.OfflineDataProcessServiceImpl:345) - 未获取到需要验证TAC的数据文件...
[2018-01-02 10:59:40 ERROR] [main] (com.erp.task.DefaultFTPClient:438) - 验证XF消费数据 TAC出现错误！未获取到需要验证TAC的数据文件...
[2018-01-02 10:59:40 ERROR] [main] (com.erp.task.DefaultFTPClient:438) - 结束验证消费数据TAC...
[2018-01-02 10:59:40 ERROR] [main] (com.erp.task.OfflineHlhtTask:97) - 获取DF和DT有误:null
[2018-01-02 10:59:40 ERROR] [main] (com.erp.task.OfflineHlhtTask:104) - 处理DF和DT有误:null
[2018-01-02 10:59:40 ERROR] [main] (com.erp.task.DefaultFTPClient:438) - 开始脱机数据处理...
[2018-01-02 10:59:40 ERROR] [main] (com.erp.task.OfflineHlhtTask:180) - java.lang.NullPointerException
[2018-01-02 10:59:40 ERROR] [main] (com.erp.task.DefaultFTPClient:438) - 脱机数据处理出现错误！null
[2018-01-02 10:59:40 ERROR] [main] (com.erp.task.DefaultFTPClient:438) - 结束脱机数据处理...
[2018-01-02 10:59:40 ERROR] [main] (com.erp.task.DefaultFTPClient:438) - 开始脱机数据处理...
[2018-01-02 10:59:43 ERROR] [main] (com.erp.task.DefaultFTPClient:438) - 结束脱机数据处理...
[2018-01-02 10:59:43 ERROR] [main] (com.erp.task.DefaultFTPClient:438) - 开始上传拒付（SS）、清算(QS)、清算文件明细(NS)  文件...
[2018-01-02 10:59:43 ERROR] [main] (com.erp.task.OfflineHlhtTask:220) - com.erp.exception.CommonException: 获取ftp配置出错，请联系系统管理员！
[2018-01-02 10:59:43 ERROR] [main] (com.erp.task.DefaultFTPClient:438) - 脱机数据处理出现错误！获取ftp配置出错，请联系系统管理员！
[2018-01-02 10:59:43 ERROR] [main] (com.erp.task.DefaultFTPClient:438) - 结束上传拒付（SS）、清算(QS)、清算文件明细(NS)  文件...
[2018-01-02 10:59:43 ERROR] [main] (com.erp.task.OfflineHlhtTask:259) - java.lang.NullPointerException
[2018-01-02 10:59:43 ERROR] [main] (com.erp.task.DefaultFTPClient:438) - 脱机数据处理出现错误！null
[2018-01-02 10:59:43 ERROR] [main] (com.erp.task.DefaultFTPClient:438) - 结束上传Gf文件...
[2018-01-02 10:59:43 ERROR] [main] (com.erp.task.OfflineHlhtTask:152) - 上传上海FH文件有误:null
[2018-01-02 10:59:43 ERROR] [main] (com.erp.task.OfflineHlhtTask:157) - 上传全国FH文件有误:null
[2018-01-02 11:00:14 ERROR] [main] (com.erp.task.DefaultFTPClient:438) - 开始处理嘉善停车收费离线数据文件...
[2018-01-02 11:00:14 ERROR] [main] (com.erp.task.DefaultFTPClient:438) - FTP连接成功：220 Serv-U FTP Server v6.4 for WinSock ready...
[2018-01-02 11:00:14 ERROR] [main] (com.erp.task.DefaultFTPClient:438) - FTP登录成功：230 User logged in, proceed.
[2018-01-02 11:00:14 ERROR] [main] (com.erp.task.DefaultFTPClient:438) - 未获取到指定目录下的文件：/upload/
[2018-01-02 11:00:14 ERROR] [main] (com.erp.task.DefaultFTPClient:438) - 结束处理嘉善停车收费离线数据文件...
[2018-01-02 11:00:14 ERROR] [main] (com.erp.task.DefaultFTPClient:438) - 开始验证消费数据TAC...
[2018-01-02 11:00:16 ERROR] [main] (com.erp.serviceImpl.OfflineDataProcessServiceImpl:345) - 未获取到需要验证TAC的数据文件...
[2018-01-02 11:00:16 ERROR] [main] (com.erp.task.DefaultFTPClient:438) - 验证XF消费数据 TAC出现错误！未获取到需要验证TAC的数据文件...
[2018-01-02 11:00:16 ERROR] [main] (com.erp.task.DefaultFTPClient:438) - 结束验证消费数据TAC...
[2018-01-02 11:00:16 ERROR] [main] (com.erp.task.OfflineHlhtTask:97) - 获取DF和DT有误:null
[2018-01-02 11:00:16 ERROR] [main] (com.erp.task.OfflineHlhtTask:104) - 处理DF和DT有误:null
[2018-01-02 11:00:16 ERROR] [main] (com.erp.task.DefaultFTPClient:438) - 开始脱机数据处理...
[2018-01-02 11:00:16 ERROR] [main] (com.erp.task.OfflineHlhtTask:180) - java.lang.NullPointerException
[2018-01-02 11:00:16 ERROR] [main] (com.erp.task.DefaultFTPClient:438) - 脱机数据处理出现错误！null
[2018-01-02 11:00:16 ERROR] [main] (com.erp.task.DefaultFTPClient:438) - 结束脱机数据处理...
[2018-01-02 11:00:16 ERROR] [main] (com.erp.task.DefaultFTPClient:438) - 开始脱机数据处理...
[2018-01-02 11:00:18 ERROR] [main] (com.erp.task.DefaultFTPClient:438) - 结束脱机数据处理...
[2018-01-02 11:00:18 ERROR] [main] (com.erp.task.DefaultFTPClient:438) - 开始上传拒付（SS）、清算(QS)、清算文件明细(NS)  文件...
[2018-01-02 11:00:18 ERROR] [main] (com.erp.task.OfflineHlhtTask:220) - com.erp.exception.CommonException: 获取ftp配置出错，请联系系统管理员！
[2018-01-02 11:00:18 ERROR] [main] (com.erp.task.DefaultFTPClient:438) - 脱机数据处理出现错误！获取ftp配置出错，请联系系统管理员！
[2018-01-02 11:00:18 ERROR] [main] (com.erp.task.DefaultFTPClient:438) - 结束上传拒付（SS）、清算(QS)、清算文件明细(NS)  文件...
[2018-01-02 11:00:18 ERROR] [main] (com.erp.task.OfflineHlhtTask:259) - java.lang.NullPointerException
[2018-01-02 11:00:18 ERROR] [main] (com.erp.task.DefaultFTPClient:438) - 脱机数据处理出现错误！null
[2018-01-02 11:00:18 ERROR] [main] (com.erp.task.DefaultFTPClient:438) - 结束上传Gf文件...
[2018-01-02 11:00:18 ERROR] [main] (com.erp.task.OfflineHlhtTask:152) - 上传上海FH文件有误:null
[2018-01-02 11:00:18 ERROR] [main] (com.erp.task.OfflineHlhtTask:157) - 上传全国FH文件有误:null
[2018-01-02 11:00:46 ERROR] [main] (com.erp.task.DefaultFTPClient:438) - 开始处理嘉善停车收费离线数据文件...
[2018-01-02 11:00:46 ERROR] [main] (com.erp.task.DefaultFTPClient:438) - FTP连接成功：220 Serv-U FTP Server v6.4 for WinSock ready...
[2018-01-02 11:00:46 ERROR] [main] (com.erp.task.DefaultFTPClient:438) - FTP登录成功：230 User logged in, proceed.
[2018-01-02 11:00:46 ERROR] [main] (com.erp.task.DefaultFTPClient:438) - 未获取到指定目录下的文件：/upload/
[2018-01-02 11:00:46 ERROR] [main] (com.erp.task.DefaultFTPClient:438) - 结束处理嘉善停车收费离线数据文件...
[2018-01-02 11:00:46 ERROR] [main] (com.erp.task.DefaultFTPClient:438) - 开始验证消费数据TAC...
[2018-01-02 11:00:48 ERROR] [main] (com.erp.serviceImpl.OfflineDataProcessServiceImpl:345) - 未获取到需要验证TAC的数据文件...
[2018-01-02 11:00:48 ERROR] [main] (com.erp.task.DefaultFTPClient:438) - 验证XF消费数据 TAC出现错误！未获取到需要验证TAC的数据文件...
[2018-01-02 11:00:48 ERROR] [main] (com.erp.task.DefaultFTPClient:438) - 结束验证消费数据TAC...
[2018-01-02 11:00:48 ERROR] [main] (com.erp.task.OfflineHlhtTask:97) - 获取DF和DT有误:null
[2018-01-02 11:00:48 ERROR] [main] (com.erp.task.OfflineHlhtTask:104) - 处理DF和DT有误:null
[2018-01-02 11:00:48 ERROR] [main] (com.erp.task.DefaultFTPClient:438) - 开始脱机数据处理...
[2018-01-02 11:00:48 ERROR] [main] (com.erp.task.OfflineHlhtTask:180) - java.lang.NullPointerException
[2018-01-02 11:00:48 ERROR] [main] (com.erp.task.DefaultFTPClient:438) - 脱机数据处理出现错误！null
[2018-01-02 11:00:48 ERROR] [main] (com.erp.task.DefaultFTPClient:438) - 结束脱机数据处理...
[2018-01-02 11:00:48 ERROR] [main] (com.erp.task.DefaultFTPClient:438) - 开始脱机数据处理...
[2018-01-02 11:00:51 ERROR] [main] (com.erp.task.DefaultFTPClient:438) - 结束脱机数据处理...
[2018-01-02 11:00:51 ERROR] [main] (com.erp.task.DefaultFTPClient:438) - 开始上传拒付（SS）、清算(QS)、清算文件明细(NS)  文件...
[2018-01-02 11:00:51 ERROR] [main] (com.erp.task.OfflineHlhtTask:220) - com.erp.exception.CommonException: 获取ftp配置出错，请联系系统管理员！
[2018-01-02 11:00:51 ERROR] [main] (com.erp.task.DefaultFTPClient:438) - 脱机数据处理出现错误！获取ftp配置出错，请联系系统管理员！
[2018-01-02 11:00:51 ERROR] [main] (com.erp.task.DefaultFTPClient:438) - 结束上传拒付（SS）、清算(QS)、清算文件明细(NS)  文件...
[2018-01-02 11:00:51 ERROR] [main] (com.erp.task.OfflineHlhtTask:259) - java.lang.NullPointerException
[2018-01-02 11:00:51 ERROR] [main] (com.erp.task.DefaultFTPClient:438) - 脱机数据处理出现错误！null
[2018-01-02 11:00:51 ERROR] [main] (com.erp.task.DefaultFTPClient:438) - 结束上传Gf文件...
[2018-01-02 11:00:51 ERROR] [main] (com.erp.task.OfflineHlhtTask:152) - 上传上海FH文件有误:null
[2018-01-02 11:00:51 ERROR] [main] (com.erp.task.OfflineHlhtTask:157) - 上传全国FH文件有误:null
[2018-01-02 11:01:35 ERROR] [main] (com.erp.task.DefaultFTPClient:438) - 开始处理嘉善停车收费离线数据文件...
[2018-01-02 11:01:35 ERROR] [main] (com.erp.task.DefaultFTPClient:438) - FTP连接成功：220 Serv-U FTP Server v6.4 for WinSock ready...
[2018-01-02 11:01:35 ERROR] [main] (com.erp.task.DefaultFTPClient:438) - FTP登录成功：230 User logged in, proceed.
[2018-01-02 11:01:35 ERROR] [main] (com.erp.task.DefaultFTPClient:438) - 未获取到指定目录下的文件：/upload/
[2018-01-02 11:01:35 ERROR] [main] (com.erp.task.DefaultFTPClient:438) - 结束处理嘉善停车收费离线数据文件...
[2018-01-02 11:01:35 ERROR] [main] (com.erp.task.DefaultFTPClient:438) - 开始验证消费数据TAC...
[2018-01-02 11:01:37 ERROR] [main] (com.erp.serviceImpl.OfflineDataProcessServiceImpl:345) - 未获取到需要验证TAC的数据文件...
[2018-01-02 11:01:37 ERROR] [main] (com.erp.task.DefaultFTPClient:438) - 验证XF消费数据 TAC出现错误！未获取到需要验证TAC的数据文件...
[2018-01-02 11:01:37 ERROR] [main] (com.erp.task.DefaultFTPClient:438) - 结束验证消费数据TAC...
[2018-01-02 11:01:37 ERROR] [main] (com.erp.task.OfflineHlhtTask:97) - 获取DF和DT有误:null
[2018-01-02 11:01:37 ERROR] [main] (com.erp.task.OfflineHlhtTask:104) - 处理DF和DT有误:null
[2018-01-02 11:01:37 ERROR] [main] (com.erp.task.DefaultFTPClient:438) - 开始脱机数据处理...
[2018-01-02 11:01:37 ERROR] [main] (com.erp.task.OfflineHlhtTask:180) - java.lang.NullPointerException
[2018-01-02 11:01:37 ERROR] [main] (com.erp.task.DefaultFTPClient:438) - 脱机数据处理出现错误！null
[2018-01-02 11:01:37 ERROR] [main] (com.erp.task.DefaultFTPClient:438) - 结束脱机数据处理...
[2018-01-02 11:01:37 ERROR] [main] (com.erp.task.DefaultFTPClient:438) - 开始脱机数据处理...
[2018-01-02 11:01:39 ERROR] [main] (com.erp.task.DefaultFTPClient:438) - 结束脱机数据处理...
[2018-01-02 11:01:39 ERROR] [main] (com.erp.task.DefaultFTPClient:438) - 开始上传拒付（SS）、清算(QS)、清算文件明细(NS)  文件...
[2018-01-02 11:01:39 ERROR] [main] (com.erp.task.OfflineHlhtTask:220) - com.erp.exception.CommonException: 获取ftp配置出错，请联系系统管理员！
[2018-01-02 11:01:39 ERROR] [main] (com.erp.task.DefaultFTPClient:438) - 脱机数据处理出现错误！获取ftp配置出错，请联系系统管理员！
[2018-01-02 11:01:39 ERROR] [main] (com.erp.task.DefaultFTPClient:438) - 结束上传拒付（SS）、清算(QS)、清算文件明细(NS)  文件...
[2018-01-02 11:01:39 ERROR] [main] (com.erp.task.OfflineHlhtTask:259) - java.lang.NullPointerException
[2018-01-02 11:01:39 ERROR] [main] (com.erp.task.DefaultFTPClient:438) - 脱机数据处理出现错误！null
[2018-01-02 11:01:39 ERROR] [main] (com.erp.task.DefaultFTPClient:438) - 结束上传Gf文件...
[2018-01-02 11:01:39 ERROR] [main] (com.erp.task.OfflineHlhtTask:152) - 上传上海FH文件有误:null
[2018-01-02 11:01:39 ERROR] [main] (com.erp.task.OfflineHlhtTask:157) - 上传全国FH文件有误:null
[2018-01-02 11:02:36 ERROR] [main] (com.erp.task.DefaultFTPClient:438) - 开始处理嘉善停车收费离线数据文件...
[2018-01-02 11:10:30 ERROR] [main] (com.erp.task.DefaultFTPClient:438) - 开始处理嘉善停车收费离线数据文件...
[2018-01-02 11:10:30 ERROR] [main] (com.erp.task.DefaultFTPClient:438) - FTP连接成功：220 Serv-U FTP Server v6.4 for WinSock ready...
[2018-01-02 11:10:30 ERROR] [main] (com.erp.task.DefaultFTPClient:438) - FTP登录成功：230 User logged in, proceed.
[2018-01-02 11:10:30 ERROR] [main] (com.erp.task.DefaultFTPClient:438) - 未获取到指定目录下的文件：/upload/
[2018-01-02 11:10:30 ERROR] [main] (com.erp.task.DefaultFTPClient:438) - 结束处理嘉善停车收费离线数据文件...
[2018-01-02 11:10:30 ERROR] [main] (com.erp.task.DefaultFTPClient:438) - 开始验证消费数据TAC...
[2018-01-02 11:10:33 ERROR] [main] (com.erp.serviceImpl.OfflineDataProcessServiceImpl:345) - 未获取到需要验证TAC的数据文件...
[2018-01-02 11:10:33 ERROR] [main] (com.erp.task.DefaultFTPClient:438) - 验证XF消费数据 TAC出现错误！未获取到需要验证TAC的数据文件...
[2018-01-02 11:10:33 ERROR] [main] (com.erp.task.DefaultFTPClient:438) - 结束验证消费数据TAC...
[2018-01-02 11:10:33 ERROR] [main] (com.erp.task.OfflineHlhtTask:97) - 获取DF和DT有误:null
[2018-01-02 11:10:33 ERROR] [main] (com.erp.task.OfflineHlhtTask:104) - 处理DF和DT有误:null
[2018-01-02 11:10:33 ERROR] [main] (com.erp.task.DefaultFTPClient:438) - 开始脱机数据处理...
[2018-01-02 11:10:33 ERROR] [main] (com.erp.task.OfflineHlhtTask:180) - java.lang.NullPointerException
[2018-01-02 11:10:33 ERROR] [main] (com.erp.task.DefaultFTPClient:438) - 脱机数据处理出现错误！null
[2018-01-02 11:10:33 ERROR] [main] (com.erp.task.DefaultFTPClient:438) - 结束脱机数据处理...
[2018-01-02 11:10:33 ERROR] [main] (com.erp.task.DefaultFTPClient:438) - 开始脱机数据处理...
[2018-01-02 11:10:34 ERROR] [main] (com.erp.task.DefaultFTPClient:438) - 结束脱机数据处理...
[2018-01-02 11:10:34 ERROR] [main] (com.erp.task.DefaultFTPClient:438) - 开始上传拒付（SS）、清算(QS)、清算文件明细(NS)  文件...
[2018-01-02 11:10:34 ERROR] [main] (com.erp.task.OfflineHlhtTask:220) - com.erp.exception.CommonException: 获取ftp配置出错，请联系系统管理员！
[2018-01-02 11:10:34 ERROR] [main] (com.erp.task.DefaultFTPClient:438) - 脱机数据处理出现错误！获取ftp配置出错，请联系系统管理员！
[2018-01-02 11:10:34 ERROR] [main] (com.erp.task.DefaultFTPClient:438) - 结束上传拒付（SS）、清算(QS)、清算文件明细(NS)  文件...
[2018-01-02 11:10:34 ERROR] [main] (com.erp.task.OfflineHlhtTask:259) - java.lang.NullPointerException
[2018-01-02 11:10:34 ERROR] [main] (com.erp.task.DefaultFTPClient:438) - 脱机数据处理出现错误！null
[2018-01-02 11:10:34 ERROR] [main] (com.erp.task.DefaultFTPClient:438) - 结束上传Gf文件...
[2018-01-02 11:10:34 ERROR] [main] (com.erp.task.OfflineHlhtTask:152) - 上传上海FH文件有误:null
[2018-01-02 11:10:34 ERROR] [main] (com.erp.task.OfflineHlhtTask:157) - 上传全国FH文件有误:null
[2018-01-02 11:11:03 ERROR] [main] (com.erp.task.DefaultFTPClient:438) - 开始处理嘉善停车收费离线数据文件...
[2018-01-02 11:11:03 ERROR] [main] (com.erp.task.DefaultFTPClient:438) - FTP连接成功：220 Serv-U FTP Server v6.4 for WinSock ready...
[2018-01-02 11:11:03 ERROR] [main] (com.erp.task.DefaultFTPClient:438) - FTP登录成功：230 User logged in, proceed.
[2018-01-02 11:11:03 ERROR] [main] (com.erp.task.DefaultFTPClient:438) - 未获取到指定目录下的文件：/upload/
[2018-01-02 11:11:03 ERROR] [main] (com.erp.task.DefaultFTPClient:438) - 结束处理嘉善停车收费离线数据文件...
[2018-01-02 11:11:03 ERROR] [main] (com.erp.task.DefaultFTPClient:438) - 开始验证消费数据TAC...
[2018-01-02 11:11:05 ERROR] [main] (com.erp.serviceImpl.OfflineDataProcessServiceImpl:345) - 未获取到需要验证TAC的数据文件...
[2018-01-02 11:11:05 ERROR] [main] (com.erp.task.DefaultFTPClient:438) - 验证XF消费数据 TAC出现错误！未获取到需要验证TAC的数据文件...
[2018-01-02 11:11:05 ERROR] [main] (com.erp.task.DefaultFTPClient:438) - 结束验证消费数据TAC...
[2018-01-02 11:11:05 ERROR] [main] (com.erp.task.OfflineHlhtTask:97) - 获取DF和DT有误:null
[2018-01-02 11:11:05 ERROR] [main] (com.erp.task.OfflineHlhtTask:104) - 处理DF和DT有误:null
[2018-01-02 11:11:05 ERROR] [main] (com.erp.task.DefaultFTPClient:438) - 开始脱机数据处理...
[2018-01-02 11:11:05 ERROR] [main] (com.erp.task.OfflineHlhtTask:180) - java.lang.NullPointerException
[2018-01-02 11:11:05 ERROR] [main] (com.erp.task.DefaultFTPClient:438) - 脱机数据处理出现错误！null
[2018-01-02 11:11:05 ERROR] [main] (com.erp.task.DefaultFTPClient:438) - 结束脱机数据处理...
[2018-01-02 11:11:05 ERROR] [main] (com.erp.task.DefaultFTPClient:438) - 开始脱机数据处理...
[2018-01-02 11:11:08 ERROR] [main] (com.erp.task.DefaultFTPClient:438) - 结束脱机数据处理...
[2018-01-02 11:11:08 ERROR] [main] (com.erp.task.DefaultFTPClient:438) - 开始上传拒付（SS）、清算(QS)、清算文件明细(NS)  文件...
[2018-01-02 11:11:08 ERROR] [main] (com.erp.task.OfflineHlhtTask:220) - com.erp.exception.CommonException: 获取ftp配置出错，请联系系统管理员！
[2018-01-02 11:11:08 ERROR] [main] (com.erp.task.DefaultFTPClient:438) - 脱机数据处理出现错误！获取ftp配置出错，请联系系统管理员！
[2018-01-02 11:11:08 ERROR] [main] (com.erp.task.DefaultFTPClient:438) - 结束上传拒付（SS）、清算(QS)、清算文件明细(NS)  文件...
[2018-01-02 11:11:08 ERROR] [main] (com.erp.task.OfflineHlhtTask:259) - java.lang.NullPointerException
[2018-01-02 11:11:08 ERROR] [main] (com.erp.task.DefaultFTPClient:438) - 脱机数据处理出现错误！null
[2018-01-02 11:11:08 ERROR] [main] (com.erp.task.DefaultFTPClient:438) - 结束上传Gf文件...
[2018-01-02 11:11:08 ERROR] [main] (com.erp.task.OfflineHlhtTask:152) - 上传上海FH文件有误:null
[2018-01-02 11:11:08 ERROR] [main] (com.erp.task.OfflineHlhtTask:157) - 上传全国FH文件有误:null
[2018-01-02 14:02:27 ERROR] [main] (com.erp.task.DefaultFTPClient:438) - 开始处理嘉善停车收费离线数据文件...
[2018-01-02 14:02:27 ERROR] [main] (com.erp.task.DefaultFTPClient:438) - FTP连接成功：220 Serv-U FTP Server v6.4 for WinSock ready...
[2018-01-02 14:02:27 ERROR] [main] (com.erp.task.DefaultFTPClient:438) - FTP登录成功：230 User logged in, proceed.
[2018-01-02 14:02:27 ERROR] [main] (com.erp.task.DefaultFTPClient:438) - 未获取到指定目录下的文件：/upload/
[2018-01-02 14:02:27 ERROR] [main] (com.erp.task.DefaultFTPClient:438) - 结束处理嘉善停车收费离线数据文件...
[2018-01-02 14:02:27 ERROR] [main] (com.erp.task.DefaultFTPClient:438) - 开始验证消费数据TAC...
[2018-01-02 14:02:29 ERROR] [main] (com.erp.serviceImpl.OfflineDataProcessServiceImpl:345) - 未获取到需要验证TAC的数据文件...
[2018-01-02 14:02:29 ERROR] [main] (com.erp.task.DefaultFTPClient:438) - 验证XF消费数据 TAC出现错误！未获取到需要验证TAC的数据文件...
[2018-01-02 14:02:29 ERROR] [main] (com.erp.task.DefaultFTPClient:438) - 结束验证消费数据TAC...
[2018-01-02 14:02:29 ERROR] [main] (com.erp.task.OfflineHlhtTask:97) - 获取DF和DT有误:null
[2018-01-02 14:02:29 ERROR] [main] (com.erp.task.OfflineHlhtTask:104) - 处理DF和DT有误:null
[2018-01-02 14:02:29 ERROR] [main] (com.erp.task.DefaultFTPClient:438) - 开始脱机数据处理...
[2018-01-02 14:02:29 ERROR] [main] (com.erp.task.OfflineHlhtTask:180) - java.lang.NullPointerException
[2018-01-02 14:02:29 ERROR] [main] (com.erp.task.DefaultFTPClient:438) - 脱机数据处理出现错误！null
[2018-01-02 14:02:29 ERROR] [main] (com.erp.task.DefaultFTPClient:438) - 结束脱机数据处理...
[2018-01-02 14:02:29 ERROR] [main] (com.erp.task.DefaultFTPClient:438) - 开始脱机数据处理...
[2018-01-02 14:02:32 ERROR] [main] (com.erp.task.DefaultFTPClient:438) - 结束脱机数据处理...
[2018-01-02 14:02:32 ERROR] [main] (com.erp.task.DefaultFTPClient:438) - 开始上传拒付（SS）、清算(QS)、清算文件明细(NS)  文件...
[2018-01-02 14:02:32 ERROR] [main] (com.erp.task.OfflineHlhtTask:220) - com.erp.exception.CommonException: 获取ftp配置出错，请联系系统管理员！
[2018-01-02 14:02:32 ERROR] [main] (com.erp.task.DefaultFTPClient:438) - 脱机数据处理出现错误！获取ftp配置出错，请联系系统管理员！
[2018-01-02 14:02:32 ERROR] [main] (com.erp.task.DefaultFTPClient:438) - 结束上传拒付（SS）、清算(QS)、清算文件明细(NS)  文件...
[2018-01-02 14:02:32 ERROR] [main] (com.erp.task.OfflineHlhtTask:259) - java.lang.NullPointerException
[2018-01-02 14:02:32 ERROR] [main] (com.erp.task.DefaultFTPClient:438) - 脱机数据处理出现错误！null
[2018-01-02 14:02:32 ERROR] [main] (com.erp.task.DefaultFTPClient:438) - 结束上传Gf文件...
[2018-01-02 14:02:32 ERROR] [main] (com.erp.task.OfflineHlhtTask:152) - 上传上海FH文件有误:null
[2018-01-02 14:02:32 ERROR] [main] (com.erp.task.OfflineHlhtTask:157) - 上传全国FH文件有误:null
[2018-01-02 16:28:36 ERROR] [main] (com.erp.task.DefaultFTPClient:438) - 开始处理嘉善停车收费离线数据文件...
[2018-01-02 16:28:36 ERROR] [main] (com.erp.task.DefaultFTPClient:438) - FTP连接成功：220 Serv-U FTP Server v6.4 for WinSock ready...
[2018-01-02 16:28:36 ERROR] [main] (com.erp.task.DefaultFTPClient:438) - FTP登录成功：230 User logged in, proceed.
[2018-01-02 16:28:36 ERROR] [main] (com.erp.task.DefaultFTPClient:438) - 未获取到指定目录下的文件：/upload/
[2018-01-02 16:28:36 ERROR] [main] (com.erp.task.DefaultFTPClient:438) - 结束处理嘉善停车收费离线数据文件...
[2018-01-02 16:28:36 ERROR] [main] (com.erp.task.DefaultFTPClient:438) - 开始验证消费数据TAC...
[2018-01-02 16:28:39 ERROR] [main] (com.erp.serviceImpl.OfflineDataProcessServiceImpl:345) - 未获取到需要验证TAC的数据文件...
[2018-01-02 16:28:39 ERROR] [main] (com.erp.task.DefaultFTPClient:438) - 验证XF消费数据 TAC出现错误！未获取到需要验证TAC的数据文件...
[2018-01-02 16:28:39 ERROR] [main] (com.erp.task.DefaultFTPClient:438) - 结束验证消费数据TAC...
[2018-01-02 16:28:39 ERROR] [main] (com.erp.task.OfflineHlhtTask:97) - 获取DF和DT有误:null
[2018-01-02 16:28:39 ERROR] [main] (com.erp.task.OfflineHlhtTask:104) - 处理DF和DT有误:null
[2018-01-02 16:28:39 ERROR] [main] (com.erp.task.DefaultFTPClient:438) - 开始脱机数据处理...
[2018-01-02 16:28:39 ERROR] [main] (com.erp.task.OfflineHlhtTask:180) - java.lang.NullPointerException
[2018-01-02 16:28:39 ERROR] [main] (com.erp.task.DefaultFTPClient:438) - 脱机数据处理出现错误！null
[2018-01-02 16:28:39 ERROR] [main] (com.erp.task.DefaultFTPClient:438) - 结束脱机数据处理...
[2018-01-02 16:28:39 ERROR] [main] (com.erp.task.DefaultFTPClient:438) - 开始脱机数据处理...
[2018-01-02 16:28:41 ERROR] [main] (com.erp.task.DefaultFTPClient:438) - 结束脱机数据处理...
[2018-01-02 16:28:41 ERROR] [main] (com.erp.task.DefaultFTPClient:438) - 开始上传拒付（SS）、清算(QS)、清算文件明细(NS)  文件...
[2018-01-02 16:28:41 ERROR] [main] (com.erp.task.OfflineHlhtTask:220) - com.erp.exception.CommonException: 获取ftp配置出错，请联系系统管理员！
[2018-01-02 16:28:41 ERROR] [main] (com.erp.task.DefaultFTPClient:438) - 脱机数据处理出现错误！获取ftp配置出错，请联系系统管理员！
[2018-01-02 16:28:41 ERROR] [main] (com.erp.task.DefaultFTPClient:438) - 结束上传拒付（SS）、清算(QS)、清算文件明细(NS)  文件...
[2018-01-02 16:28:41 ERROR] [main] (com.erp.task.OfflineHlhtTask:259) - java.lang.NullPointerException
[2018-01-02 16:28:41 ERROR] [main] (com.erp.task.DefaultFTPClient:438) - 脱机数据处理出现错误！null
[2018-01-02 16:28:41 ERROR] [main] (com.erp.task.DefaultFTPClient:438) - 结束上传Gf文件...
[2018-01-02 16:28:41 ERROR] [main] (com.erp.task.OfflineHlhtTask:152) - 上传上海FH文件有误:null
[2018-01-02 16:28:41 ERROR] [main] (com.erp.task.OfflineHlhtTask:157) - 上传全国FH文件有误:null
[2018-01-02 16:32:39 ERROR] [main] (com.erp.task.DefaultFTPClient:438) - 开始处理嘉善停车收费离线数据文件...
[2018-01-02 16:32:45 ERROR] [main] (com.erp.task.DefaultFTPClient:438) - FTP连接成功：220 Serv-U FTP Server v6.4 for WinSock ready...
[2018-01-02 16:32:47 ERROR] [main] (com.erp.task.DefaultFTPClient:438) - FTP登录成功：230 User logged in, proceed.
[2018-01-02 16:33:17 ERROR] [main] (com.erp.task.DefaultFTPClient:438) - 未获取到指定目录下的文件：/upload/
[2018-01-02 16:33:31 ERROR] [main] (com.erp.task.DefaultFTPClient:438) - 结束处理嘉善停车收费离线数据文件...
[2018-01-02 16:33:31 ERROR] [main] (com.erp.task.DefaultFTPClient:438) - 开始验证消费数据TAC...
[2018-01-02 16:33:34 ERROR] [main] (com.erp.serviceImpl.OfflineDataProcessServiceImpl:345) - 未获取到需要验证TAC的数据文件...
[2018-01-02 16:33:34 ERROR] [main] (com.erp.task.DefaultFTPClient:438) - 验证XF消费数据 TAC出现错误！未获取到需要验证TAC的数据文件...
[2018-01-02 16:33:34 ERROR] [main] (com.erp.task.DefaultFTPClient:438) - 结束验证消费数据TAC...
[2018-01-02 16:33:34 ERROR] [main] (com.erp.task.OfflineHlhtTask:97) - 获取DF和DT有误:null
[2018-01-02 16:33:34 ERROR] [main] (com.erp.task.OfflineHlhtTask:104) - 处理DF和DT有误:null
[2018-01-02 16:33:34 ERROR] [main] (com.erp.task.DefaultFTPClient:438) - 开始脱机数据处理...
[2018-01-02 16:33:34 ERROR] [main] (com.erp.task.OfflineHlhtTask:180) - java.lang.NullPointerException
[2018-01-02 16:33:34 ERROR] [main] (com.erp.task.DefaultFTPClient:438) - 脱机数据处理出现错误！null
[2018-01-02 16:33:34 ERROR] [main] (com.erp.task.DefaultFTPClient:438) - 结束脱机数据处理...
[2018-01-02 16:33:34 ERROR] [main] (com.erp.task.DefaultFTPClient:438) - 开始脱机数据处理...
[2018-01-02 16:33:36 ERROR] [main] (com.erp.task.DefaultFTPClient:438) - 结束脱机数据处理...
[2018-01-02 16:33:36 ERROR] [main] (com.erp.task.DefaultFTPClient:438) - 开始上传拒付（SS）、清算(QS)、清算文件明细(NS)  文件...
[2018-01-02 16:33:36 ERROR] [main] (com.erp.task.OfflineHlhtTask:220) - com.erp.exception.CommonException: 获取ftp配置出错，请联系系统管理员！
[2018-01-02 16:33:36 ERROR] [main] (com.erp.task.DefaultFTPClient:438) - 脱机数据处理出现错误！获取ftp配置出错，请联系系统管理员！
[2018-01-02 16:33:36 ERROR] [main] (com.erp.task.DefaultFTPClient:438) - 结束上传拒付（SS）、清算(QS)、清算文件明细(NS)  文件...
[2018-01-02 16:33:36 ERROR] [main] (com.erp.task.OfflineHlhtTask:259) - java.lang.NullPointerException
[2018-01-02 16:33:36 ERROR] [main] (com.erp.task.DefaultFTPClient:438) - 脱机数据处理出现错误！null
[2018-01-02 16:33:36 ERROR] [main] (com.erp.task.DefaultFTPClient:438) - 结束上传Gf文件...
[2018-01-02 16:33:36 ERROR] [main] (com.erp.task.OfflineHlhtTask:152) - 上传上海FH文件有误:null
[2018-01-02 16:33:36 ERROR] [main] (com.erp.task.OfflineHlhtTask:157) - 上传全国FH文件有误:null
[2018-01-02 16:33:50 ERROR] [main] (com.erp.task.DefaultFTPClient:438) - 开始处理嘉善停车收费离线数据文件...
[2018-01-02 16:33:52 ERROR] [main] (com.erp.task.DefaultFTPClient:438) - FTP连接成功：220 Serv-U FTP Server v6.4 for WinSock ready...
[2018-01-02 16:33:52 ERROR] [main] (com.erp.task.DefaultFTPClient:438) - FTP登录成功：230 User logged in, proceed.
[2018-01-02 16:34:37 ERROR] [main] (com.erp.task.DefaultFTPClient:438) - 未获取到指定目录下的文件：/upload/
[2018-01-02 16:34:37 ERROR] [main] (com.erp.task.DefaultFTPClient:438) - 结束处理嘉善停车收费离线数据文件...
[2018-01-02 16:34:37 ERROR] [main] (com.erp.task.DefaultFTPClient:438) - 开始验证消费数据TAC...
[2018-01-02 16:34:40 ERROR] [main] (com.erp.serviceImpl.OfflineDataProcessServiceImpl:345) - 未获取到需要验证TAC的数据文件...
[2018-01-02 16:34:40 ERROR] [main] (com.erp.task.DefaultFTPClient:438) - 验证XF消费数据 TAC出现错误！未获取到需要验证TAC的数据文件...
[2018-01-02 16:34:40 ERROR] [main] (com.erp.task.DefaultFTPClient:438) - 结束验证消费数据TAC...
[2018-01-02 16:34:40 ERROR] [main] (com.erp.task.OfflineHlhtTask:97) - 获取DF和DT有误:null
[2018-01-02 16:34:40 ERROR] [main] (com.erp.task.OfflineHlhtTask:104) - 处理DF和DT有误:null
[2018-01-02 16:34:40 ERROR] [main] (com.erp.task.DefaultFTPClient:438) - 开始脱机数据处理...
[2018-01-02 16:34:40 ERROR] [main] (com.erp.task.OfflineHlhtTask:180) - java.lang.NullPointerException
[2018-01-02 16:34:40 ERROR] [main] (com.erp.task.DefaultFTPClient:438) - 脱机数据处理出现错误！null
[2018-01-02 16:34:40 ERROR] [main] (com.erp.task.DefaultFTPClient:438) - 结束脱机数据处理...
[2018-01-02 16:34:40 ERROR] [main] (com.erp.task.DefaultFTPClient:438) - 开始脱机数据处理...
[2018-01-02 16:34:42 ERROR] [main] (com.erp.task.DefaultFTPClient:438) - 结束脱机数据处理...
[2018-01-02 16:34:42 ERROR] [main] (com.erp.task.DefaultFTPClient:438) - 开始上传拒付（SS）、清算(QS)、清算文件明细(NS)  文件...
[2018-01-02 16:34:42 ERROR] [main] (com.erp.task.OfflineHlhtTask:220) - com.erp.exception.CommonException: 获取ftp配置出错，请联系系统管理员！
[2018-01-02 16:34:42 ERROR] [main] (com.erp.task.DefaultFTPClient:438) - 脱机数据处理出现错误！获取ftp配置出错，请联系系统管理员！
[2018-01-02 16:34:42 ERROR] [main] (com.erp.task.DefaultFTPClient:438) - 结束上传拒付（SS）、清算(QS)、清算文件明细(NS)  文件...
[2018-01-02 16:34:42 ERROR] [main] (com.erp.task.OfflineHlhtTask:259) - java.lang.NullPointerException
[2018-01-02 16:34:42 ERROR] [main] (com.erp.task.DefaultFTPClient:438) - 脱机数据处理出现错误！null
[2018-01-02 16:34:42 ERROR] [main] (com.erp.task.DefaultFTPClient:438) - 结束上传Gf文件...
[2018-01-02 16:34:42 ERROR] [main] (com.erp.task.OfflineHlhtTask:152) - 上传上海FH文件有误:null
[2018-01-02 16:34:42 ERROR] [main] (com.erp.task.OfflineHlhtTask:157) - 上传全国FH文件有误:null
[2018-01-02 16:38:52 ERROR] [main] (com.erp.task.DefaultFTPClient:438) - 开始处理嘉善停车收费离线数据文件...
[2018-01-02 16:38:52 ERROR] [main] (com.erp.task.DefaultFTPClient:438) - FTP连接成功：220 Serv-U FTP Server v6.4 for WinSock ready...
[2018-01-02 16:38:52 ERROR] [main] (com.erp.task.DefaultFTPClient:438) - FTP登录成功：230 User logged in, proceed.
[2018-01-02 16:38:52 ERROR] [main] (com.erp.task.DefaultFTPClient:438) - 未获取到指定目录下的文件：/upload/
[2018-01-02 16:38:52 ERROR] [main] (com.erp.task.DefaultFTPClient:438) - 结束处理嘉善停车收费离线数据文件...
[2018-01-02 16:38:52 ERROR] [main] (com.erp.task.DefaultFTPClient:438) - 开始验证消费数据TAC...
[2018-01-02 16:38:55 ERROR] [main] (com.erp.serviceImpl.OfflineDataProcessServiceImpl:345) - 未获取到需要验证TAC的数据文件...
[2018-01-02 16:38:55 ERROR] [main] (com.erp.task.DefaultFTPClient:438) - 验证XF消费数据 TAC出现错误！未获取到需要验证TAC的数据文件...
[2018-01-02 16:38:55 ERROR] [main] (com.erp.task.DefaultFTPClient:438) - 结束验证消费数据TAC...
[2018-01-02 16:38:55 ERROR] [main] (com.erp.task.OfflineHlhtTask:97) - 获取DF和DT有误:null
[2018-01-02 16:38:55 ERROR] [main] (com.erp.task.OfflineHlhtTask:104) - 处理DF和DT有误:null
[2018-01-02 16:38:55 ERROR] [main] (com.erp.task.DefaultFTPClient:438) - 开始脱机数据处理...
[2018-01-02 16:38:55 ERROR] [main] (com.erp.task.OfflineHlhtTask:180) - java.lang.NullPointerException
[2018-01-02 16:38:55 ERROR] [main] (com.erp.task.DefaultFTPClient:438) - 脱机数据处理出现错误！null
[2018-01-02 16:38:55 ERROR] [main] (com.erp.task.DefaultFTPClient:438) - 结束脱机数据处理...
[2018-01-02 16:38:55 ERROR] [main] (com.erp.task.DefaultFTPClient:438) - 开始脱机数据处理...
[2018-01-02 16:38:57 ERROR] [main] (com.erp.task.DefaultFTPClient:438) - 结束脱机数据处理...
[2018-01-02 16:38:57 ERROR] [main] (com.erp.task.DefaultFTPClient:438) - 开始上传拒付（SS）、清算(QS)、清算文件明细(NS)  文件...
[2018-01-02 16:38:57 ERROR] [main] (com.erp.task.OfflineHlhtTask:220) - com.erp.exception.CommonException: 获取ftp配置出错，请联系系统管理员！
[2018-01-02 16:38:57 ERROR] [main] (com.erp.task.DefaultFTPClient:438) - 脱机数据处理出现错误！获取ftp配置出错，请联系系统管理员！
[2018-01-02 16:38:57 ERROR] [main] (com.erp.task.DefaultFTPClient:438) - 结束上传拒付（SS）、清算(QS)、清算文件明细(NS)  文件...
[2018-01-02 16:38:57 ERROR] [main] (com.erp.task.OfflineHlhtTask:259) - java.lang.NullPointerException
[2018-01-02 16:38:57 ERROR] [main] (com.erp.task.DefaultFTPClient:438) - 脱机数据处理出现错误！null
[2018-01-02 16:38:57 ERROR] [main] (com.erp.task.DefaultFTPClient:438) - 结束上传Gf文件...
[2018-01-02 16:38:57 ERROR] [main] (com.erp.task.OfflineHlhtTask:152) - 上传上海FH文件有误:null
[2018-01-02 16:38:57 ERROR] [main] (com.erp.task.OfflineHlhtTask:157) - 上传全国FH文件有误:null
[2018-01-02 16:41:28 ERROR] [main] (com.erp.task.DefaultFTPClient:438) - 开始处理嘉善停车收费离线数据文件...
[2018-01-02 16:41:54 ERROR] [main] (com.erp.task.DefaultFTPClient:438) - FTP连接成功：220 Serv-U FTP Server v6.4 for WinSock ready...
[2018-01-02 16:42:03 ERROR] [main] (com.erp.task.DefaultFTPClient:438) - FTP登录成功：230 User logged in, proceed.
[2018-01-02 16:42:49 ERROR] [main] (com.erp.task.DefaultFTPClient:438) - 未获取到指定目录下的文件：/upload/
[2018-01-02 16:42:58 ERROR] [main] (com.erp.task.DefaultFTPClient:438) - 结束处理嘉善停车收费离线数据文件...
[2018-01-02 16:42:58 ERROR] [main] (com.erp.task.DefaultFTPClient:438) - 开始验证消费数据TAC...
[2018-01-02 16:43:01 ERROR] [main] (com.erp.serviceImpl.OfflineDataProcessServiceImpl:345) - 未获取到需要验证TAC的数据文件...
[2018-01-02 16:43:01 ERROR] [main] (com.erp.task.DefaultFTPClient:438) - 验证XF消费数据 TAC出现错误！未获取到需要验证TAC的数据文件...
[2018-01-02 16:43:01 ERROR] [main] (com.erp.task.DefaultFTPClient:438) - 结束验证消费数据TAC...
[2018-01-02 16:43:01 ERROR] [main] (com.erp.task.OfflineHlhtTask:97) - 获取DF和DT有误:null
[2018-01-02 16:43:01 ERROR] [main] (com.erp.task.OfflineHlhtTask:104) - 处理DF和DT有误:null
[2018-01-02 16:43:01 ERROR] [main] (com.erp.task.DefaultFTPClient:438) - 开始脱机数据处理...
[2018-01-02 16:43:01 ERROR] [main] (com.erp.task.OfflineHlhtTask:180) - java.lang.NullPointerException
[2018-01-02 16:43:01 ERROR] [main] (com.erp.task.DefaultFTPClient:438) - 脱机数据处理出现错误！null
[2018-01-02 16:43:01 ERROR] [main] (com.erp.task.DefaultFTPClient:438) - 结束脱机数据处理...
[2018-01-02 16:43:01 ERROR] [main] (com.erp.task.DefaultFTPClient:438) - 开始脱机数据处理...
[2018-01-02 16:43:03 ERROR] [main] (com.erp.task.DefaultFTPClient:438) - 结束脱机数据处理...
[2018-01-02 16:43:03 ERROR] [main] (com.erp.task.DefaultFTPClient:438) - 开始上传拒付（SS）、清算(QS)、清算文件明细(NS)  文件...
[2018-01-02 16:43:03 ERROR] [main] (com.erp.task.OfflineHlhtTask:220) - com.erp.exception.CommonException: 获取ftp配置出错，请联系系统管理员！
[2018-01-02 16:43:03 ERROR] [main] (com.erp.task.DefaultFTPClient:438) - 脱机数据处理出现错误！获取ftp配置出错，请联系系统管理员！
[2018-01-02 16:43:03 ERROR] [main] (com.erp.task.DefaultFTPClient:438) - 结束上传拒付（SS）、清算(QS)、清算文件明细(NS)  文件...
[2018-01-02 16:43:03 ERROR] [main] (com.erp.task.OfflineHlhtTask:259) - java.lang.NullPointerException
[2018-01-02 16:43:03 ERROR] [main] (com.erp.task.DefaultFTPClient:438) - 脱机数据处理出现错误！null
[2018-01-02 16:43:03 ERROR] [main] (com.erp.task.DefaultFTPClient:438) - 结束上传Gf文件...
[2018-01-02 16:43:03 ERROR] [main] (com.erp.task.OfflineHlhtTask:152) - 上传上海FH文件有误:null
[2018-01-02 16:43:03 ERROR] [main] (com.erp.task.OfflineHlhtTask:157) - 上传全国FH文件有误:null
[2018-01-02 16:57:38 ERROR] [main] (com.erp.task.DefaultFTPClient:438) - 开始处理嘉善停车收费离线数据文件...
[2018-01-02 16:57:47 ERROR] [main] (com.erp.task.DefaultFTPClient:438) - FTP连接成功：220 Serv-U FTP Server v6.4 for WinSock ready...
[2018-01-02 16:57:49 ERROR] [main] (com.erp.task.DefaultFTPClient:438) - FTP登录成功：230 User logged in, proceed.
[2018-01-02 16:58:24 ERROR] [main] (com.erp.task.DefaultFTPClient:438) - FTP获取文件出现异常：null
[2018-01-02 16:58:24 ERROR] [main] (com.erp.task.DefaultFTPClient:152) - java.lang.NullPointerException
[2018-01-02 16:58:41 ERROR] [main] (com.erp.task.DefaultFTPClient:438) - 结束处理嘉善停车收费离线数据文件...
[2018-01-02 16:58:41 ERROR] [main] (com.erp.task.DefaultFTPClient:438) - 开始验证消费数据TAC...
[2018-01-02 16:58:43 ERROR] [main] (com.erp.serviceImpl.OfflineDataProcessServiceImpl:345) - 未获取到需要验证TAC的数据文件...
[2018-01-02 16:58:43 ERROR] [main] (com.erp.task.DefaultFTPClient:438) - 验证XF消费数据 TAC出现错误！未获取到需要验证TAC的数据文件...
[2018-01-02 16:58:43 ERROR] [main] (com.erp.task.DefaultFTPClient:438) - 结束验证消费数据TAC...
[2018-01-02 16:58:43 ERROR] [main] (com.erp.task.OfflineHlhtTask:99) - 获取DF和DT有误:null
[2018-01-02 16:58:43 ERROR] [main] (com.erp.task.OfflineHlhtTask:106) - 处理DF和DT有误:null
[2018-01-02 16:58:43 ERROR] [main] (com.erp.task.DefaultFTPClient:438) - 开始脱机数据处理...
[2018-01-02 16:58:43 ERROR] [main] (com.erp.task.OfflineHlhtTask:182) - java.lang.NullPointerException
[2018-01-02 16:58:43 ERROR] [main] (com.erp.task.DefaultFTPClient:438) - 脱机数据处理出现错误！null
[2018-01-02 16:58:43 ERROR] [main] (com.erp.task.DefaultFTPClient:438) - 结束脱机数据处理...
[2018-01-02 16:58:43 ERROR] [main] (com.erp.task.DefaultFTPClient:438) - 开始脱机数据处理...
[2018-01-02 16:58:45 ERROR] [main] (com.erp.task.DefaultFTPClient:438) - 结束脱机数据处理...
[2018-01-02 16:58:45 ERROR] [main] (com.erp.task.DefaultFTPClient:438) - 开始上传拒付（SS）、清算(QS)、清算文件明细(NS)  文件...
[2018-01-02 16:58:45 ERROR] [main] (com.erp.task.OfflineHlhtTask:222) - com.erp.exception.CommonException: 获取ftp配置出错，请联系系统管理员！
[2018-01-02 16:58:45 ERROR] [main] (com.erp.task.DefaultFTPClient:438) - 脱机数据处理出现错误！获取ftp配置出错，请联系系统管理员！
[2018-01-02 16:58:45 ERROR] [main] (com.erp.task.DefaultFTPClient:438) - 结束上传拒付（SS）、清算(QS)、清算文件明细(NS)  文件...
[2018-01-02 16:58:45 ERROR] [main] (com.erp.task.OfflineHlhtTask:261) - java.lang.NullPointerException
[2018-01-02 16:58:45 ERROR] [main] (com.erp.task.DefaultFTPClient:438) - 脱机数据处理出现错误！null
[2018-01-02 16:58:45 ERROR] [main] (com.erp.task.DefaultFTPClient:438) - 结束上传Gf文件...
[2018-01-02 16:58:45 ERROR] [main] (com.erp.task.OfflineHlhtTask:154) - 上传上海FH文件有误:null
[2018-01-02 16:58:45 ERROR] [main] (com.erp.task.OfflineHlhtTask:159) - 上传全国FH文件有误:null
[2018-01-02 17:07:07 ERROR] [main] (com.erp.task.DefaultFTPClient:438) - 开始处理嘉善停车收费离线数据文件...
[2018-01-02 17:07:07 ERROR] [main] (com.erp.task.DefaultFTPClient:438) - FTP连接成功：220 Serv-U FTP Server v6.4 for WinSock ready...
[2018-01-02 17:07:07 ERROR] [main] (com.erp.task.DefaultFTPClient:438) - FTP登录成功：230 User logged in, proceed.
[2018-01-02 17:07:10 ERROR] [main] (com.erp.task.DefaultFTPClient:438) - /upload/XF2018010206100102100101450001处理成功.
[2018-01-02 17:07:10 ERROR] [main] (com.erp.task.DefaultFTPClient:438) - 结束处理嘉善停车收费离线数据文件...
[2018-01-02 17:07:10 ERROR] [main] (com.erp.task.DefaultFTPClient:438) - 开始验证消费数据TAC...
[2018-01-02 17:07:13 ERROR] [main] (com.erp.task.DefaultFTPClient:438) - 结束验证消费数据TAC...
[2018-01-02 17:07:13 ERROR] [main] (com.erp.task.OfflineHlhtTask:99) - 获取DF和DT有误:null
[2018-01-02 17:07:13 ERROR] [main] (com.erp.task.OfflineHlhtTask:106) - 处理DF和DT有误:null
[2018-01-02 17:07:13 ERROR] [main] (com.erp.task.DefaultFTPClient:438) - 开始脱机数据处理...
[2018-01-02 17:07:13 ERROR] [main] (com.erp.task.OfflineHlhtTask:182) - java.lang.NullPointerException
[2018-01-02 17:07:13 ERROR] [main] (com.erp.task.DefaultFTPClient:438) - 脱机数据处理出现错误！null
[2018-01-02 17:07:13 ERROR] [main] (com.erp.task.DefaultFTPClient:438) - 结束脱机数据处理...
[2018-01-02 17:07:13 ERROR] [main] (com.erp.task.DefaultFTPClient:438) - 开始脱机数据处理...
[2018-01-02 17:07:16 ERROR] [main] (com.erp.task.DefaultFTPClient:438) - 结束脱机数据处理...
[2018-01-02 17:07:16 ERROR] [main] (com.erp.task.DefaultFTPClient:438) - 开始上传拒付（SS）、清算(QS)、清算文件明细(NS)  文件...
[2018-01-02 17:07:16 ERROR] [main] (com.erp.task.OfflineHlhtTask:222) - com.erp.exception.CommonException: 获取ftp配置出错，请联系系统管理员！
[2018-01-02 17:07:16 ERROR] [main] (com.erp.task.DefaultFTPClient:438) - 脱机数据处理出现错误！获取ftp配置出错，请联系系统管理员！
[2018-01-02 17:07:16 ERROR] [main] (com.erp.task.DefaultFTPClient:438) - 结束上传拒付（SS）、清算(QS)、清算文件明细(NS)  文件...
[2018-01-02 17:07:16 ERROR] [main] (com.erp.task.DefaultFTPClient:438) - 开始上传嘉善拒付（SS）、清算(QS)、清算文件明细(NS)  文件...
[2018-01-02 17:07:18 ERROR] [main] (com.erp.task.DefaultFTPClient:438) - FTP连接成功：220 Serv-U FTP Server v6.4 for WinSock ready...
[2018-01-02 17:07:18 ERROR] [main] (com.erp.task.DefaultFTPClient:438) - FTP登录成功：230 User logged in, proceed.
[2018-01-02 17:07:21 ERROR] [main] (com.erp.task.DefaultFTPClient:438) - 结束上传嘉善拒付（SS）、清算(QS)、清算文件明细(NS)  文件...
[2018-01-02 17:07:21 ERROR] [main] (com.erp.task.OfflineHlhtTask:261) - java.lang.NullPointerException
[2018-01-02 17:07:21 ERROR] [main] (com.erp.task.DefaultFTPClient:438) - 脱机数据处理出现错误！null
[2018-01-02 17:07:21 ERROR] [main] (com.erp.task.DefaultFTPClient:438) - 结束上传Gf文件...
[2018-01-02 17:07:21 ERROR] [main] (com.erp.task.OfflineHlhtTask:154) - 上传上海FH文件有误:null
[2018-01-02 17:07:21 ERROR] [main] (com.erp.task.OfflineHlhtTask:159) - 上传全国FH文件有误:null
[2018-01-03 13:10:34 ERROR] [main] (com.alibaba.druid.filter.stat.StatFilter:147) - merge sql error, dbType oracle, sql : 
select apply_id from card_apply t where apply_state = '60' exists (select * from base_personl customer_id = t.customer_id and cert_no = '330421198902132018')
com.alibaba.druid.sql.parser.ParserException: TODO : EXISTS exists
	at com.alibaba.druid.sql.dialect.oracle.parser.OracleStatementParser.parseStatementList(OracleStatementParser.java:490)
	at com.alibaba.druid.sql.parser.SQLStatementParser.parseStatementList(SQLStatementParser.java:112)
	at com.alibaba.druid.sql.parser.SQLStatementParser.parseStatementList(SQLStatementParser.java:107)
	at com.alibaba.druid.sql.visitor.ParameterizedOutputVisitorUtils.parameterize(ParameterizedOutputVisitorUtils.java:54)
	at com.alibaba.druid.filter.stat.StatFilter.mergeSql(StatFilter.java:145)
	at com.alibaba.druid.filter.stat.StatFilter.createSqlStat(StatFilter.java:629)
	at com.alibaba.druid.filter.stat.StatFilter.statementPrepareAfter(StatFilter.java:305)
	at com.alibaba.druid.filter.FilterEventAdapter.connection_prepareStatement(FilterEventAdapter.java:124)
	at com.alibaba.druid.filter.FilterChainImpl.connection_prepareStatement(FilterChainImpl.java:448)
	at com.alibaba.druid.proxy.jdbc.ConnectionProxyImpl.prepareStatement(ConnectionProxyImpl.java:342)
	at com.alibaba.druid.pool.DruidPooledConnection.prepareStatement(DruidPooledConnection.java:318)
	at sun.reflect.NativeMethodAccessorImpl.invoke0(Native Method)
	at sun.reflect.NativeMethodAccessorImpl.invoke(NativeMethodAccessorImpl.java:39)
	at sun.reflect.DelegatingMethodAccessorImpl.invoke(DelegatingMethodAccessorImpl.java:25)
	at java.lang.reflect.Method.invoke(Method.java:597)
	at org.hibernate.engine.jdbc.internal.proxy.ConnectionProxyHandler.continueInvocation(ConnectionProxyHandler.java:138)
	at org.hibernate.engine.jdbc.internal.proxy.AbstractProxyHandler.invoke(AbstractProxyHandler.java:81)
	at com.sun.proxy.$Proxy176.prepareStatement(Unknown Source)
	at org.hibernate.engine.jdbc.internal.StatementPreparerImpl$5.doPrepare(StatementPreparerImpl.java:147)
	at org.hibernate.engine.jdbc.internal.StatementPreparerImpl$StatementPreparationTemplate.prepareStatement(StatementPreparerImpl.java:166)
	at org.hibernate.engine.jdbc.internal.StatementPreparerImpl.prepareQueryStatement(StatementPreparerImpl.java:145)
	at org.hibernate.loader.Loader.prepareQueryStatement(Loader.java:1854)
	at org.hibernate.loader.Loader.executeQueryStatement(Loader.java:1831)
	at org.hibernate.loader.Loader.executeQueryStatement(Loader.java:1811)
	at org.hibernate.loader.Loader.doQuery(Loader.java:899)
	at org.hibernate.loader.Loader.doQueryAndInitializeNonLazyCollections(Loader.java:341)
	at org.hibernate.loader.Loader.doList(Loader.java:2516)
	at org.hibernate.loader.Loader.doList(Loader.java:2502)
	at org.hibernate.loader.Loader.listIgnoreQueryCache(Loader.java:2332)
	at org.hibernate.loader.Loader.list(Loader.java:2327)
	at org.hibernate.loader.custom.CustomLoader.list(CustomLoader.java:338)
	at org.hibernate.internal.SessionImpl.listCustomQuery(SessionImpl.java:1783)
	at org.hibernate.internal.AbstractSessionImpl.list(AbstractSessionImpl.java:231)
	at org.hibernate.internal.SQLQueryImpl.list(SQLQueryImpl.java:157)
	at com.erp.daoImpl.PublicDaoImpl.findOnlyFieldBySql(PublicDaoImpl.java:294)
	at sun.reflect.NativeMethodAccessorImpl.invoke0(Native Method)
	at sun.reflect.NativeMethodAccessorImpl.invoke(NativeMethodAccessorImpl.java:39)
	at sun.reflect.DelegatingMethodAccessorImpl.invoke(DelegatingMethodAccessorImpl.java:25)
	at java.lang.reflect.Method.invoke(Method.java:597)
	at org.springframework.aop.support.AopUtils.invokeJoinpointUsingReflection(AopUtils.java:317)
	at org.springframework.aop.framework.ReflectiveMethodInvocation.invokeJoinpoint(ReflectiveMethodInvocation.java:183)
	at org.springframework.aop.framework.ReflectiveMethodInvocation.proceed(ReflectiveMethodInvocation.java:150)
	at com.erp.exception.LogInterceptor.invoke(LogInterceptor.java:16)
	at org.springframework.aop.framework.ReflectiveMethodInvocation.proceed(ReflectiveMethodInvocation.java:172)
	at org.springframework.aop.framework.JdkDynamicAopProxy.invoke(JdkDynamicAopProxy.java:204)
	at com.sun.proxy.$Proxy36.findOnlyFieldBySql(Unknown Source)
	at com.erp.serviceImpl.BaseServiceImpl.findOnlyFieldBySql(BaseServiceImpl.java:225)
	at sun.reflect.NativeMethodAccessorImpl.invoke0(Native Method)
	at sun.reflect.NativeMethodAccessorImpl.invoke(NativeMethodAccessorImpl.java:39)
	at sun.reflect.DelegatingMethodAccessorImpl.invoke(DelegatingMethodAccessorImpl.java:25)
	at java.lang.reflect.Method.invoke(Method.java:597)
	at org.springframework.aop.support.AopUtils.invokeJoinpointUsingReflection(AopUtils.java:317)
	at org.springframework.aop.framework.ReflectiveMethodInvocation.invokeJoinpoint(ReflectiveMethodInvocation.java:183)
	at org.springframework.aop.framework.ReflectiveMethodInvocation.proceed(ReflectiveMethodInvocation.java:150)
	at com.alibaba.druid.support.spring.stat.DruidStatInterceptor.invoke(DruidStatInterceptor.java:72)
	at org.springframework.aop.framework.ReflectiveMethodInvocation.proceed(ReflectiveMethodInvocation.java:172)
	at org.springframework.transaction.interceptor.TransactionInterceptor$1.proceedWithInvocation(TransactionInterceptor.java:96)
	at org.springframework.transaction.interceptor.TransactionAspectSupport.invokeWithinTransaction(TransactionAspectSupport.java:260)
	at org.springframework.transaction.interceptor.TransactionInterceptor.invoke(TransactionInterceptor.java:94)
	at org.springframework.aop.framework.ReflectiveMethodInvocation.proceed(ReflectiveMethodInvocation.java:172)
	at org.springframework.aop.interceptor.ExposeInvocationInterceptor.invoke(ExposeInvocationInterceptor.java:91)
	at org.springframework.aop.framework.ReflectiveMethodInvocation.proceed(ReflectiveMethodInvocation.java:172)
	at org.springframework.aop.framework.JdkDynamicAopProxy.invoke(JdkDynamicAopProxy.java:204)
	at com.sun.proxy.$Proxy168.findOnlyFieldBySql(Unknown Source)
	at sun.reflect.NativeMethodAccessorImpl.invoke0(Native Method)
	at sun.reflect.NativeMethodAccessorImpl.invoke(NativeMethodAccessorImpl.java:39)
	at sun.reflect.DelegatingMethodAccessorImpl.invoke(DelegatingMethodAccessorImpl.java:25)
	at java.lang.reflect.Method.invoke(Method.java:597)
	at org.springframework.aop.support.AopUtils.invokeJoinpointUsingReflection(AopUtils.java:317)
	at org.springframework.aop.framework.ReflectiveMethodInvocation.invokeJoinpoint(ReflectiveMethodInvocation.java:183)
	at org.springframework.aop.framework.ReflectiveMethodInvocation.proceed(ReflectiveMethodInvocation.java:150)
	at com.erp.exception.LogInterceptor.invoke(LogInterceptor.java:16)
	at org.springframework.aop.framework.ReflectiveMethodInvocation.proceed(ReflectiveMethodInvocation.java:172)
	at org.springframework.aop.framework.JdkDynamicAopProxy.invoke(JdkDynamicAopProxy.java:204)
	at com.sun.proxy.$Proxy169.findOnlyFieldBySql(Unknown Source)
	at main.Test4.main(Test4.java:507)
[2018-01-03 13:10:34 ERROR] [main] (org.hibernate.engine.jdbc.spi.SqlExceptionHelper:144) - ORA-00933: SQL 命令未正确结束

[2018-01-03 13:18:36 ERROR] [main] (com.alibaba.druid.filter.stat.StatFilter:147) - merge sql error, dbType oracle, sql : 
select apply_id from card_apply t where apply_state = '60' exists (select * from base_personl customer_id = t.customer_id and cert_no = '330421198902132018')
com.alibaba.druid.sql.parser.ParserException: TODO : EXISTS exists
	at com.alibaba.druid.sql.dialect.oracle.parser.OracleStatementParser.parseStatementList(OracleStatementParser.java:490)
	at com.alibaba.druid.sql.parser.SQLStatementParser.parseStatementList(SQLStatementParser.java:112)
	at com.alibaba.druid.sql.parser.SQLStatementParser.parseStatementList(SQLStatementParser.java:107)
	at com.alibaba.druid.sql.visitor.ParameterizedOutputVisitorUtils.parameterize(ParameterizedOutputVisitorUtils.java:54)
	at com.alibaba.druid.filter.stat.StatFilter.mergeSql(StatFilter.java:145)
	at com.alibaba.druid.filter.stat.StatFilter.createSqlStat(StatFilter.java:629)
	at com.alibaba.druid.filter.stat.StatFilter.statementPrepareAfter(StatFilter.java:305)
	at com.alibaba.druid.filter.FilterEventAdapter.connection_prepareStatement(FilterEventAdapter.java:124)
	at com.alibaba.druid.filter.FilterChainImpl.connection_prepareStatement(FilterChainImpl.java:448)
	at com.alibaba.druid.proxy.jdbc.ConnectionProxyImpl.prepareStatement(ConnectionProxyImpl.java:342)
	at com.alibaba.druid.pool.DruidPooledConnection.prepareStatement(DruidPooledConnection.java:318)
	at sun.reflect.NativeMethodAccessorImpl.invoke0(Native Method)
	at sun.reflect.NativeMethodAccessorImpl.invoke(NativeMethodAccessorImpl.java:39)
	at sun.reflect.DelegatingMethodAccessorImpl.invoke(DelegatingMethodAccessorImpl.java:25)
	at java.lang.reflect.Method.invoke(Method.java:597)
	at org.hibernate.engine.jdbc.internal.proxy.ConnectionProxyHandler.continueInvocation(ConnectionProxyHandler.java:138)
	at org.hibernate.engine.jdbc.internal.proxy.AbstractProxyHandler.invoke(AbstractProxyHandler.java:81)
	at com.sun.proxy.$Proxy176.prepareStatement(Unknown Source)
	at org.hibernate.engine.jdbc.internal.StatementPreparerImpl$5.doPrepare(StatementPreparerImpl.java:147)
	at org.hibernate.engine.jdbc.internal.StatementPreparerImpl$StatementPreparationTemplate.prepareStatement(StatementPreparerImpl.java:166)
	at org.hibernate.engine.jdbc.internal.StatementPreparerImpl.prepareQueryStatement(StatementPreparerImpl.java:145)
	at org.hibernate.loader.Loader.prepareQueryStatement(Loader.java:1854)
	at org.hibernate.loader.Loader.executeQueryStatement(Loader.java:1831)
	at org.hibernate.loader.Loader.executeQueryStatement(Loader.java:1811)
	at org.hibernate.loader.Loader.doQuery(Loader.java:899)
	at org.hibernate.loader.Loader.doQueryAndInitializeNonLazyCollections(Loader.java:341)
	at org.hibernate.loader.Loader.doList(Loader.java:2516)
	at org.hibernate.loader.Loader.doList(Loader.java:2502)
	at org.hibernate.loader.Loader.listIgnoreQueryCache(Loader.java:2332)
	at org.hibernate.loader.Loader.list(Loader.java:2327)
	at org.hibernate.loader.custom.CustomLoader.list(CustomLoader.java:338)
	at org.hibernate.internal.SessionImpl.listCustomQuery(SessionImpl.java:1783)
	at org.hibernate.internal.AbstractSessionImpl.list(AbstractSessionImpl.java:231)
	at org.hibernate.internal.SQLQueryImpl.list(SQLQueryImpl.java:157)
	at com.erp.daoImpl.PublicDaoImpl.findOnlyFieldBySql(PublicDaoImpl.java:294)
	at sun.reflect.NativeMethodAccessorImpl.invoke0(Native Method)
	at sun.reflect.NativeMethodAccessorImpl.invoke(NativeMethodAccessorImpl.java:39)
	at sun.reflect.DelegatingMethodAccessorImpl.invoke(DelegatingMethodAccessorImpl.java:25)
	at java.lang.reflect.Method.invoke(Method.java:597)
	at org.springframework.aop.support.AopUtils.invokeJoinpointUsingReflection(AopUtils.java:317)
	at org.springframework.aop.framework.ReflectiveMethodInvocation.invokeJoinpoint(ReflectiveMethodInvocation.java:183)
	at org.springframework.aop.framework.ReflectiveMethodInvocation.proceed(ReflectiveMethodInvocation.java:150)
	at com.erp.exception.LogInterceptor.invoke(LogInterceptor.java:16)
	at org.springframework.aop.framework.ReflectiveMethodInvocation.proceed(ReflectiveMethodInvocation.java:172)
	at org.springframework.aop.framework.JdkDynamicAopProxy.invoke(JdkDynamicAopProxy.java:204)
	at com.sun.proxy.$Proxy36.findOnlyFieldBySql(Unknown Source)
	at com.erp.serviceImpl.BaseServiceImpl.findOnlyFieldBySql(BaseServiceImpl.java:225)
	at sun.reflect.NativeMethodAccessorImpl.invoke0(Native Method)
	at sun.reflect.NativeMethodAccessorImpl.invoke(NativeMethodAccessorImpl.java:39)
	at sun.reflect.DelegatingMethodAccessorImpl.invoke(DelegatingMethodAccessorImpl.java:25)
	at java.lang.reflect.Method.invoke(Method.java:597)
	at org.springframework.aop.support.AopUtils.invokeJoinpointUsingReflection(AopUtils.java:317)
	at org.springframework.aop.framework.ReflectiveMethodInvocation.invokeJoinpoint(ReflectiveMethodInvocation.java:183)
	at org.springframework.aop.framework.ReflectiveMethodInvocation.proceed(ReflectiveMethodInvocation.java:150)
	at com.alibaba.druid.support.spring.stat.DruidStatInterceptor.invoke(DruidStatInterceptor.java:72)
	at org.springframework.aop.framework.ReflectiveMethodInvocation.proceed(ReflectiveMethodInvocation.java:172)
	at org.springframework.transaction.interceptor.TransactionInterceptor$1.proceedWithInvocation(TransactionInterceptor.java:96)
	at org.springframework.transaction.interceptor.TransactionAspectSupport.invokeWithinTransaction(TransactionAspectSupport.java:260)
	at org.springframework.transaction.interceptor.TransactionInterceptor.invoke(TransactionInterceptor.java:94)
	at org.springframework.aop.framework.ReflectiveMethodInvocation.proceed(ReflectiveMethodInvocation.java:172)
	at org.springframework.aop.interceptor.ExposeInvocationInterceptor.invoke(ExposeInvocationInterceptor.java:91)
	at org.springframework.aop.framework.ReflectiveMethodInvocation.proceed(ReflectiveMethodInvocation.java:172)
	at org.springframework.aop.framework.JdkDynamicAopProxy.invoke(JdkDynamicAopProxy.java:204)
	at com.sun.proxy.$Proxy168.findOnlyFieldBySql(Unknown Source)
	at sun.reflect.NativeMethodAccessorImpl.invoke0(Native Method)
	at sun.reflect.NativeMethodAccessorImpl.invoke(NativeMethodAccessorImpl.java:39)
	at sun.reflect.DelegatingMethodAccessorImpl.invoke(DelegatingMethodAccessorImpl.java:25)
	at java.lang.reflect.Method.invoke(Method.java:597)
	at org.springframework.aop.support.AopUtils.invokeJoinpointUsingReflection(AopUtils.java:317)
	at org.springframework.aop.framework.ReflectiveMethodInvocation.invokeJoinpoint(ReflectiveMethodInvocation.java:183)
	at org.springframework.aop.framework.ReflectiveMethodInvocation.proceed(ReflectiveMethodInvocation.java:150)
	at com.erp.exception.LogInterceptor.invoke(LogInterceptor.java:16)
	at org.springframework.aop.framework.ReflectiveMethodInvocation.proceed(ReflectiveMethodInvocation.java:172)
	at org.springframework.aop.framework.JdkDynamicAopProxy.invoke(JdkDynamicAopProxy.java:204)
	at com.sun.proxy.$Proxy169.findOnlyFieldBySql(Unknown Source)
	at main.Test4.main(Test4.java:508)
[2018-01-03 13:18:36 ERROR] [main] (org.hibernate.engine.jdbc.spi.SqlExceptionHelper:144) - ORA-00933: SQL 命令未正确结束

[2018-01-03 13:19:07 ERROR] [main] (org.hibernate.engine.jdbc.spi.SqlExceptionHelper:144) - ORA-01722: 无效数字

[2018-01-03 13:20:44 ERROR] [main] (org.hibernate.engine.jdbc.spi.SqlExceptionHelper:144) - ORA-01722: 无效数字

[2018-01-03 13:21:26 ERROR] [main] (org.hibernate.engine.jdbc.spi.SqlExceptionHelper:144) - ORA-01722: 无效数字

[2018-01-03 15:30:51 ERROR] [main] (com.erp.task.DefaultFTPClient:438) - 开始处理嘉善停车收费离线数据文件...
[2018-01-03 15:30:51 ERROR] [main] (com.erp.task.DefaultFTPClient:438) - FTP连接成功：220 Serv-U FTP Server v6.4 for WinSock ready...
[2018-01-03 15:30:51 ERROR] [main] (com.erp.task.DefaultFTPClient:438) - FTP登录成功：230 User logged in, proceed.
[2018-01-03 15:30:54 ERROR] [main] (com.erp.task.DefaultFTPClient:438) - 结束处理嘉善停车收费离线数据文件...
[2018-01-03 15:30:54 ERROR] [main] (com.erp.task.DefaultFTPClient:438) - 开始验证消费数据TAC...
[2018-01-03 15:30:56 ERROR] [main] (com.erp.serviceImpl.OfflineDataProcessServiceImpl:345) - 未获取到需要验证TAC的数据文件...
[2018-01-03 15:30:56 ERROR] [main] (com.erp.task.DefaultFTPClient:438) - 验证XF消费数据 TAC出现错误！未获取到需要验证TAC的数据文件...
[2018-01-03 15:30:56 ERROR] [main] (com.erp.task.DefaultFTPClient:438) - 结束验证消费数据TAC...
[2018-01-03 15:30:56 ERROR] [main] (com.erp.task.OfflineHlhtTask:101) - 获取DF和DT有误:null
[2018-01-03 15:30:56 ERROR] [main] (com.erp.task.OfflineHlhtTask:108) - 处理DF和DT有误:null
[2018-01-03 15:30:56 ERROR] [main] (com.erp.task.DefaultFTPClient:438) - 开始脱机数据处理...
[2018-01-03 15:30:56 ERROR] [main] (com.erp.task.OfflineHlhtTask:184) - java.lang.NullPointerException
[2018-01-03 15:30:56 ERROR] [main] (com.erp.task.DefaultFTPClient:438) - 脱机数据处理出现错误！null
[2018-01-03 15:30:56 ERROR] [main] (com.erp.task.DefaultFTPClient:438) - 结束脱机数据处理...
[2018-01-03 15:30:56 ERROR] [main] (com.erp.task.DefaultFTPClient:438) - 开始脱机数据处理...
[2018-01-03 15:30:58 ERROR] [main] (com.erp.task.DefaultFTPClient:438) - 结束脱机数据处理...
[2018-01-03 15:30:58 ERROR] [main] (com.erp.task.DefaultFTPClient:438) - 开始上传拒付（SS）、清算(QS)、清算文件明细(NS)  文件...
[2018-01-03 15:30:58 ERROR] [main] (com.erp.task.OfflineHlhtTask:224) - com.erp.exception.CommonException: 获取ftp配置出错，请联系系统管理员！
[2018-01-03 15:30:58 ERROR] [main] (com.erp.task.DefaultFTPClient:438) - 脱机数据处理出现错误！获取ftp配置出错，请联系系统管理员！
[2018-01-03 15:30:58 ERROR] [main] (com.erp.task.DefaultFTPClient:438) - 结束上传拒付（SS）、清算(QS)、清算文件明细(NS)  文件...
[2018-01-03 15:30:58 ERROR] [main] (com.erp.task.OfflineHlhtTask:263) - java.lang.NullPointerException
[2018-01-03 15:30:58 ERROR] [main] (com.erp.task.DefaultFTPClient:438) - 脱机数据处理出现错误！null
[2018-01-03 15:30:58 ERROR] [main] (com.erp.task.DefaultFTPClient:438) - 结束上传Gf文件...
[2018-01-03 15:30:58 ERROR] [main] (com.erp.task.OfflineHlhtTask:156) - 上传上海FH文件有误:null
[2018-01-03 15:30:58 ERROR] [main] (com.erp.task.OfflineHlhtTask:161) - 上传全国FH文件有误:null
[2018-01-03 15:39:34 ERROR] [main] (com.erp.task.DefaultFTPClient:438) - 开始处理嘉善停车收费离线数据文件...
[2018-01-03 15:39:34 ERROR] [main] (com.erp.task.DefaultFTPClient:438) - FTP连接成功：220 Serv-U FTP Server v6.4 for WinSock ready...
[2018-01-03 15:39:34 ERROR] [main] (com.erp.task.DefaultFTPClient:438) - FTP登录成功：230 User logged in, proceed.
[2018-01-03 15:39:34 ERROR] [main] (com.erp.task.DefaultFTPClient:438) - 结束处理嘉善停车收费离线数据文件...
[2018-01-03 15:39:34 ERROR] [main] (com.erp.task.DefaultFTPClient:438) - 开始验证消费数据TAC...
[2018-01-03 15:39:34 ERROR] [main] (com.erp.task.OfflineHlhtTask:466) - java.lang.NullPointerException
[2018-01-03 15:39:34 ERROR] [main] (com.erp.task.DefaultFTPClient:438) - 验证XF消费数据 TAC出现错误！null
[2018-01-03 15:39:34 ERROR] [main] (com.erp.task.DefaultFTPClient:438) - 结束验证消费数据TAC...
[2018-01-03 15:39:34 ERROR] [main] (com.erp.task.OfflineHlhtTask:101) - 获取DF和DT有误:null
[2018-01-03 15:39:34 ERROR] [main] (com.erp.task.OfflineHlhtTask:108) - 处理DF和DT有误:null
[2018-01-03 15:39:34 ERROR] [main] (com.erp.task.DefaultFTPClient:438) - 开始脱机数据处理...
[2018-01-03 15:39:34 ERROR] [main] (com.erp.task.OfflineHlhtTask:184) - java.lang.NullPointerException
[2018-01-03 15:39:34 ERROR] [main] (com.erp.task.DefaultFTPClient:438) - 脱机数据处理出现错误！null
[2018-01-03 15:39:34 ERROR] [main] (com.erp.task.DefaultFTPClient:438) - 结束脱机数据处理...
[2018-01-03 15:39:34 ERROR] [main] (com.erp.task.DefaultFTPClient:438) - 开始脱机数据处理...
[2018-01-03 15:39:34 ERROR] [main] (com.erp.task.OfflineHlhtTask:203) - java.lang.NullPointerException
[2018-01-03 15:39:34 ERROR] [main] (com.erp.task.DefaultFTPClient:438) - 脱机数据处理出现错误！null
[2018-01-03 15:39:34 ERROR] [main] (com.erp.task.DefaultFTPClient:438) - 结束脱机数据处理...
[2018-01-03 15:39:34 ERROR] [main] (com.erp.task.DefaultFTPClient:438) - 开始上传拒付（SS）、清算(QS)、清算文件明细(NS)  文件...
[2018-01-03 15:39:34 ERROR] [main] (com.erp.task.OfflineHlhtTask:224) - com.erp.exception.CommonException: 获取ftp配置出错，请联系系统管理员！
[2018-01-03 15:39:34 ERROR] [main] (com.erp.task.DefaultFTPClient:438) - 脱机数据处理出现错误！获取ftp配置出错，请联系系统管理员！
[2018-01-03 15:39:34 ERROR] [main] (com.erp.task.DefaultFTPClient:438) - 结束上传拒付（SS）、清算(QS)、清算文件明细(NS)  文件...
[2018-01-03 15:39:34 ERROR] [main] (com.erp.task.OfflineHlhtTask:263) - java.lang.NullPointerException
[2018-01-03 15:39:34 ERROR] [main] (com.erp.task.DefaultFTPClient:438) - 脱机数据处理出现错误！null
[2018-01-03 15:39:34 ERROR] [main] (com.erp.task.DefaultFTPClient:438) - 结束上传Gf文件...
[2018-01-03 15:39:34 ERROR] [main] (com.erp.task.OfflineHlhtTask:156) - 上传上海FH文件有误:null
[2018-01-03 15:39:34 ERROR] [main] (com.erp.task.OfflineHlhtTask:161) - 上传全国FH文件有误:null
[2018-01-03 15:40:57 ERROR] [main] (com.erp.task.DefaultFTPClient:438) - 开始处理嘉善停车收费离线数据文件...
[2018-01-03 15:41:10 ERROR] [main] (com.erp.task.DefaultFTPClient:438) - FTP连接成功：220 Serv-U FTP Server v6.4 for WinSock ready...
[2018-01-03 15:41:12 ERROR] [main] (com.erp.task.DefaultFTPClient:438) - FTP登录成功：230 User logged in, proceed.
[2018-01-03 15:41:27 ERROR] [main] (com.erp.task.DefaultFTPClient:438) - 结束处理嘉善停车收费离线数据文件...
[2018-01-03 15:41:27 ERROR] [main] (com.erp.task.DefaultFTPClient:438) - 开始验证消费数据TAC...
[2018-01-03 15:41:27 ERROR] [main] (com.erp.task.OfflineHlhtTask:466) - java.lang.NullPointerException
[2018-01-03 15:41:27 ERROR] [main] (com.erp.task.DefaultFTPClient:438) - 验证XF消费数据 TAC出现错误！null
[2018-01-03 15:41:27 ERROR] [main] (com.erp.task.DefaultFTPClient:438) - 结束验证消费数据TAC...
[2018-01-03 15:41:27 ERROR] [main] (com.erp.task.OfflineHlhtTask:101) - 获取DF和DT有误:null
[2018-01-03 15:41:27 ERROR] [main] (com.erp.task.OfflineHlhtTask:108) - 处理DF和DT有误:null
[2018-01-03 15:41:27 ERROR] [main] (com.erp.task.DefaultFTPClient:438) - 开始脱机数据处理...
[2018-01-03 15:41:27 ERROR] [main] (com.erp.task.OfflineHlhtTask:184) - java.lang.NullPointerException
[2018-01-03 15:41:27 ERROR] [main] (com.erp.task.DefaultFTPClient:438) - 脱机数据处理出现错误！null
[2018-01-03 15:41:27 ERROR] [main] (com.erp.task.DefaultFTPClient:438) - 结束脱机数据处理...
[2018-01-03 15:41:27 ERROR] [main] (com.erp.task.DefaultFTPClient:438) - 开始脱机数据处理...
[2018-01-03 15:41:27 ERROR] [main] (com.erp.task.OfflineHlhtTask:203) - java.lang.NullPointerException
[2018-01-03 15:41:27 ERROR] [main] (com.erp.task.DefaultFTPClient:438) - 脱机数据处理出现错误！null
[2018-01-03 15:41:27 ERROR] [main] (com.erp.task.DefaultFTPClient:438) - 结束脱机数据处理...
[2018-01-03 15:41:27 ERROR] [main] (com.erp.task.DefaultFTPClient:438) - 开始上传拒付（SS）、清算(QS)、清算文件明细(NS)  文件...
[2018-01-03 15:41:27 ERROR] [main] (com.erp.task.OfflineHlhtTask:224) - com.erp.exception.CommonException: 获取ftp配置出错，请联系系统管理员！
[2018-01-03 15:41:27 ERROR] [main] (com.erp.task.DefaultFTPClient:438) - 脱机数据处理出现错误！获取ftp配置出错，请联系系统管理员！
[2018-01-03 15:41:27 ERROR] [main] (com.erp.task.DefaultFTPClient:438) - 结束上传拒付（SS）、清算(QS)、清算文件明细(NS)  文件...
[2018-01-03 15:41:27 ERROR] [main] (com.erp.task.OfflineHlhtTask:263) - java.lang.NullPointerException
[2018-01-03 15:41:27 ERROR] [main] (com.erp.task.DefaultFTPClient:438) - 脱机数据处理出现错误！null
[2018-01-03 15:41:27 ERROR] [main] (com.erp.task.DefaultFTPClient:438) - 结束上传Gf文件...
[2018-01-03 15:41:27 ERROR] [main] (com.erp.task.OfflineHlhtTask:156) - 上传上海FH文件有误:null
[2018-01-03 15:41:27 ERROR] [main] (com.erp.task.OfflineHlhtTask:161) - 上传全国FH文件有误:null
[2018-01-03 15:42:04 ERROR] [main] (com.erp.task.DefaultFTPClient:438) - 开始处理嘉善停车收费离线数据文件...
[2018-01-03 15:42:04 ERROR] [main] (com.erp.task.DefaultFTPClient:438) - FTP连接成功：220 Serv-U FTP Server v6.4 for WinSock ready...
[2018-01-03 15:42:04 ERROR] [main] (com.erp.task.DefaultFTPClient:438) - FTP登录成功：230 User logged in, proceed.
[2018-01-03 15:42:53 ERROR] [main] (com.erp.task.DefaultFTPClient:438) - 结束处理嘉善停车收费离线数据文件...
[2018-01-03 15:42:53 ERROR] [main] (com.erp.task.DefaultFTPClient:438) - 开始验证消费数据TAC...
[2018-01-03 15:42:53 ERROR] [main] (com.erp.task.OfflineHlhtTask:466) - java.lang.NullPointerException
[2018-01-03 15:42:53 ERROR] [main] (com.erp.task.DefaultFTPClient:438) - 验证XF消费数据 TAC出现错误！null
[2018-01-03 15:42:53 ERROR] [main] (com.erp.task.DefaultFTPClient:438) - 结束验证消费数据TAC...
[2018-01-03 15:42:53 ERROR] [main] (com.erp.task.OfflineHlhtTask:101) - 获取DF和DT有误:null
[2018-01-03 15:42:53 ERROR] [main] (com.erp.task.OfflineHlhtTask:108) - 处理DF和DT有误:null
[2018-01-03 15:42:53 ERROR] [main] (com.erp.task.DefaultFTPClient:438) - 开始脱机数据处理...
[2018-01-03 15:42:53 ERROR] [main] (com.erp.task.OfflineHlhtTask:184) - java.lang.NullPointerException
[2018-01-03 15:42:53 ERROR] [main] (com.erp.task.DefaultFTPClient:438) - 脱机数据处理出现错误！null
[2018-01-03 15:42:53 ERROR] [main] (com.erp.task.DefaultFTPClient:438) - 结束脱机数据处理...
[2018-01-03 15:42:53 ERROR] [main] (com.erp.task.DefaultFTPClient:438) - 开始脱机数据处理...
[2018-01-03 15:42:53 ERROR] [main] (com.erp.task.OfflineHlhtTask:203) - java.lang.NullPointerException
[2018-01-03 15:42:53 ERROR] [main] (com.erp.task.DefaultFTPClient:438) - 脱机数据处理出现错误！null
[2018-01-03 15:42:53 ERROR] [main] (com.erp.task.DefaultFTPClient:438) - 结束脱机数据处理...
[2018-01-03 15:42:53 ERROR] [main] (com.erp.task.DefaultFTPClient:438) - 开始上传拒付（SS）、清算(QS)、清算文件明细(NS)  文件...
[2018-01-03 15:42:53 ERROR] [main] (com.erp.task.OfflineHlhtTask:224) - com.erp.exception.CommonException: 获取ftp配置出错，请联系系统管理员！
[2018-01-03 15:42:53 ERROR] [main] (com.erp.task.DefaultFTPClient:438) - 脱机数据处理出现错误！获取ftp配置出错，请联系系统管理员！
[2018-01-03 15:42:53 ERROR] [main] (com.erp.task.DefaultFTPClient:438) - 结束上传拒付（SS）、清算(QS)、清算文件明细(NS)  文件...
[2018-01-03 15:42:53 ERROR] [main] (com.erp.task.OfflineHlhtTask:263) - java.lang.NullPointerException
[2018-01-03 15:42:53 ERROR] [main] (com.erp.task.DefaultFTPClient:438) - 脱机数据处理出现错误！null
[2018-01-03 15:42:53 ERROR] [main] (com.erp.task.DefaultFTPClient:438) - 结束上传Gf文件...
[2018-01-03 15:42:53 ERROR] [main] (com.erp.task.OfflineHlhtTask:156) - 上传上海FH文件有误:null
[2018-01-03 15:42:53 ERROR] [main] (com.erp.task.OfflineHlhtTask:161) - 上传全国FH文件有误:null
[2018-01-03 15:43:07 ERROR] [main] (com.erp.task.DefaultFTPClient:438) - 开始处理嘉善停车收费离线数据文件...
[2018-01-03 15:43:07 ERROR] [main] (com.erp.task.DefaultFTPClient:438) - FTP连接成功：220 Serv-U FTP Server v6.4 for WinSock ready...
[2018-01-03 15:43:07 ERROR] [main] (com.erp.task.DefaultFTPClient:438) - FTP登录成功：230 User logged in, proceed.
[2018-01-03 15:49:09 ERROR] [main] (com.erp.task.DefaultFTPClient:438) - 开始处理嘉善停车收费离线数据文件...
[2018-01-03 15:49:09 ERROR] [main] (com.erp.task.DefaultFTPClient:438) - FTP连接成功：220 Serv-U FTP Server v6.4 for WinSock ready...
[2018-01-03 15:49:09 ERROR] [main] (com.erp.task.DefaultFTPClient:438) - FTP登录成功：230 User logged in, proceed.
[2018-01-03 15:56:48 ERROR] [main] (com.erp.task.DefaultFTPClient:438) - 开始处理嘉善停车收费离线数据文件...
[2018-01-03 15:56:48 ERROR] [main] (com.erp.task.DefaultFTPClient:438) - FTP连接成功：220 Serv-U FTP Server v6.4 for WinSock ready...
[2018-01-03 15:56:48 ERROR] [main] (com.erp.task.DefaultFTPClient:438) - FTP登录成功：230 User logged in, proceed.
[2018-01-03 15:57:22 ERROR] [main] (com.erp.task.DefaultFTPClient:438) - 结束处理嘉善停车收费离线数据文件...
[2018-01-03 15:57:22 ERROR] [main] (com.erp.task.DefaultFTPClient:438) - 开始验证消费数据TAC...
[2018-01-03 15:57:22 ERROR] [main] (com.erp.task.OfflineHlhtTask:466) - java.lang.NullPointerException
[2018-01-03 15:57:22 ERROR] [main] (com.erp.task.DefaultFTPClient:438) - 验证XF消费数据 TAC出现错误！null
[2018-01-03 15:57:22 ERROR] [main] (com.erp.task.DefaultFTPClient:438) - 结束验证消费数据TAC...
[2018-01-03 15:57:22 ERROR] [main] (com.erp.task.OfflineHlhtTask:101) - 获取DF和DT有误:null
[2018-01-03 15:57:22 ERROR] [main] (com.erp.task.OfflineHlhtTask:108) - 处理DF和DT有误:null
[2018-01-03 15:57:22 ERROR] [main] (com.erp.task.DefaultFTPClient:438) - 开始脱机数据处理...
[2018-01-03 15:57:22 ERROR] [main] (com.erp.task.OfflineHlhtTask:184) - java.lang.NullPointerException
[2018-01-03 15:57:22 ERROR] [main] (com.erp.task.DefaultFTPClient:438) - 脱机数据处理出现错误！null
[2018-01-03 15:57:22 ERROR] [main] (com.erp.task.DefaultFTPClient:438) - 结束脱机数据处理...
[2018-01-03 15:57:22 ERROR] [main] (com.erp.task.DefaultFTPClient:438) - 开始脱机数据处理...
[2018-01-03 15:57:22 ERROR] [main] (com.erp.task.OfflineHlhtTask:203) - java.lang.NullPointerException
[2018-01-03 15:57:22 ERROR] [main] (com.erp.task.DefaultFTPClient:438) - 脱机数据处理出现错误！null
[2018-01-03 15:57:22 ERROR] [main] (com.erp.task.DefaultFTPClient:438) - 结束脱机数据处理...
[2018-01-03 15:57:22 ERROR] [main] (com.erp.task.DefaultFTPClient:438) - 开始上传拒付（SS）、清算(QS)、清算文件明细(NS)  文件...
[2018-01-03 15:57:22 ERROR] [main] (com.erp.task.OfflineHlhtTask:224) - com.erp.exception.CommonException: 获取ftp配置出错，请联系系统管理员！
[2018-01-03 15:57:22 ERROR] [main] (com.erp.task.DefaultFTPClient:438) - 脱机数据处理出现错误！获取ftp配置出错，请联系系统管理员！
[2018-01-03 15:57:22 ERROR] [main] (com.erp.task.DefaultFTPClient:438) - 结束上传拒付（SS）、清算(QS)、清算文件明细(NS)  文件...
[2018-01-03 15:57:22 ERROR] [main] (com.erp.task.OfflineHlhtTask:263) - java.lang.NullPointerException
[2018-01-03 15:57:22 ERROR] [main] (com.erp.task.DefaultFTPClient:438) - 脱机数据处理出现错误！null
[2018-01-03 15:57:22 ERROR] [main] (com.erp.task.DefaultFTPClient:438) - 结束上传Gf文件...
[2018-01-03 15:57:22 ERROR] [main] (com.erp.task.OfflineHlhtTask:156) - 上传上海FH文件有误:null
[2018-01-03 15:57:22 ERROR] [main] (com.erp.task.OfflineHlhtTask:161) - 上传全国FH文件有误:null
