[2017-12-28 08:54:33 ERROR] [main] (com.erp.task.DefaultFTPClient:438) - 开始处理嘉善停车收费离线数据文件...
[2017-12-28 08:54:34 ERROR] [main] (com.erp.task.DefaultFTPClient:438) - FTP连接成功：220 Serv-U FTP Server v6.4 for WinSock ready...
[2017-12-28 08:54:34 ERROR] [main] (com.erp.task.DefaultFTPClient:438) - FTP登录成功：230 User logged in, proceed.
[2017-12-28 08:54:45 ERROR] [main] (com.erp.task.DefaultFTPClient:438) - 商户【100102100101450】移动文件/upload/XF2017121806100102100101450001出现错误:550 Permission denied.,将在下次处理时进行移动.
[2017-12-28 08:54:45 ERROR] [main] (com.erp.task.DefaultFTPClient:438) - 处理文件失败,位置在商户100102100101450,文件名称XF2017121806100102100101450001 , 商户【100102100101450】消费文件：upload/XF2017121806100102100101450001 重复,现在移到repeat目录下
[2017-12-28 08:54:45 ERROR] [main] (com.erp.task.DefaultFTPClient:438) - 结束处理嘉善停车收费离线数据文件...
[2017-12-28 08:54:45 ERROR] [main] (com.erp.task.DefaultFTPClient:438) - 开始验证消费数据TAC...
[2017-12-28 08:54:49 ERROR] [main] (com.erp.serviceImpl.OfflineDataProcessServiceImpl:345) - 未获取到需要验证TAC的数据文件...
[2017-12-28 08:54:49 ERROR] [main] (com.erp.task.DefaultFTPClient:438) - 验证XF消费数据 TAC出现错误！未获取到需要验证TAC的数据文件...
[2017-12-28 08:54:49 ERROR] [main] (com.erp.task.DefaultFTPClient:438) - 结束验证消费数据TAC...
[2017-12-28 08:54:49 ERROR] [main] (com.erp.task.OfflineHlhtTask:97) - 获取DF和DT有误:null
[2017-12-28 08:54:49 ERROR] [main] (com.erp.task.OfflineHlhtTask:104) - 处理DF和DT有误:null
[2017-12-28 08:54:49 ERROR] [main] (com.erp.task.DefaultFTPClient:438) - 开始脱机数据处理...
[2017-12-28 08:54:49 ERROR] [main] (com.erp.task.OfflineHlhtTask:180) - java.lang.NullPointerException
[2017-12-28 08:54:49 ERROR] [main] (com.erp.task.DefaultFTPClient:438) - 脱机数据处理出现错误！null
[2017-12-28 08:54:49 ERROR] [main] (com.erp.task.DefaultFTPClient:438) - 结束脱机数据处理...
[2017-12-28 08:54:49 ERROR] [main] (com.erp.task.DefaultFTPClient:438) - 开始脱机数据处理...
[2017-12-28 08:54:54 ERROR] [main] (com.erp.task.DefaultFTPClient:438) - 结束脱机数据处理...
[2017-12-28 08:54:54 ERROR] [main] (com.erp.task.DefaultFTPClient:438) - 开始上传拒付（SS）、清算(QS)、清算文件明细(NS)  文件...
[2017-12-28 08:54:54 ERROR] [main] (com.erp.task.OfflineHlhtTask:220) - com.erp.exception.CommonException: 获取ftp配置出错，请联系系统管理员！
[2017-12-28 08:54:54 ERROR] [main] (com.erp.task.DefaultFTPClient:438) - 脱机数据处理出现错误！获取ftp配置出错，请联系系统管理员！
[2017-12-28 08:54:54 ERROR] [main] (com.erp.task.DefaultFTPClient:438) - 结束上传拒付（SS）、清算(QS)、清算文件明细(NS)  文件...
[2017-12-28 08:54:54 ERROR] [main] (com.erp.task.OfflineHlhtTask:259) - java.lang.NullPointerException
[2017-12-28 08:54:54 ERROR] [main] (com.erp.task.DefaultFTPClient:438) - 脱机数据处理出现错误！null
[2017-12-28 08:54:54 ERROR] [main] (com.erp.task.DefaultFTPClient:438) - 结束上传Gf文件...
[2017-12-28 08:54:54 ERROR] [main] (com.erp.task.OfflineHlhtTask:152) - 上传上海FH文件有误:null
[2017-12-28 08:54:54 ERROR] [main] (com.erp.task.OfflineHlhtTask:157) - 上传全国FH文件有误:null
[2017-12-28 08:59:26 ERROR] [main] (com.erp.task.DefaultFTPClient:438) - 开始处理嘉善停车收费离线数据文件...
[2017-12-28 08:59:27 ERROR] [main] (com.erp.task.DefaultFTPClient:438) - FTP连接成功：220 Serv-U FTP Server v6.4 for WinSock ready...
[2017-12-28 08:59:27 ERROR] [main] (com.erp.task.DefaultFTPClient:438) - FTP登录成功：230 User logged in, proceed.
[2017-12-28 08:59:46 ERROR] [main] (com.erp.task.DefaultFTPClient:438) - /upload/XF2017121806100102100101450001处理成功.
[2017-12-28 08:59:47 ERROR] [main] (com.erp.task.DefaultFTPClient:438) - 结束处理嘉善停车收费离线数据文件...
[2017-12-28 08:59:47 ERROR] [main] (com.erp.task.DefaultFTPClient:438) - 开始验证消费数据TAC...
[2017-12-28 09:00:04 ERROR] [main] (com.erp.task.DefaultFTPClient:438) - 结束验证消费数据TAC...
[2017-12-28 09:00:04 ERROR] [main] (com.erp.task.OfflineHlhtTask:97) - 获取DF和DT有误:null
[2017-12-28 09:00:04 ERROR] [main] (com.erp.task.OfflineHlhtTask:104) - 处理DF和DT有误:null
[2017-12-28 09:00:04 ERROR] [main] (com.erp.task.DefaultFTPClient:438) - 开始脱机数据处理...
[2017-12-28 09:00:04 ERROR] [main] (com.erp.task.OfflineHlhtTask:180) - java.lang.NullPointerException
[2017-12-28 09:00:04 ERROR] [main] (com.erp.task.DefaultFTPClient:438) - 脱机数据处理出现错误！null
[2017-12-28 09:00:04 ERROR] [main] (com.erp.task.DefaultFTPClient:438) - 结束脱机数据处理...
[2017-12-28 09:00:04 ERROR] [main] (com.erp.task.DefaultFTPClient:438) - 开始脱机数据处理...
[2017-12-28 09:00:06 ERROR] [main] (com.erp.task.DefaultFTPClient:438) - 结束脱机数据处理...
[2017-12-28 09:00:06 ERROR] [main] (com.erp.task.DefaultFTPClient:438) - 开始上传拒付（SS）、清算(QS)、清算文件明细(NS)  文件...
[2017-12-28 09:00:06 ERROR] [main] (com.erp.task.OfflineHlhtTask:220) - com.erp.exception.CommonException: 获取ftp配置出错，请联系系统管理员！
[2017-12-28 09:00:06 ERROR] [main] (com.erp.task.DefaultFTPClient:438) - 脱机数据处理出现错误！获取ftp配置出错，请联系系统管理员！
[2017-12-28 09:00:06 ERROR] [main] (com.erp.task.DefaultFTPClient:438) - 结束上传拒付（SS）、清算(QS)、清算文件明细(NS)  文件...
[2017-12-28 09:00:06 ERROR] [main] (com.erp.task.DefaultFTPClient:438) - 开始上传嘉善拒付（SS）、清算(QS)、清算文件明细(NS)  文件...
[2017-12-28 09:00:15 ERROR] [main] (com.erp.task.DefaultFTPClient:438) - FTP连接成功：220 Serv-U FTP Server v6.4 for WinSock ready...
[2017-12-28 09:00:16 ERROR] [main] (com.erp.task.DefaultFTPClient:438) - FTP登录成功：230 User logged in, proceed.
[2017-12-28 09:00:19 ERROR] [main] (com.erp.task.DefaultFTPClient:438) - 结束上传嘉善拒付（SS）、清算(QS)、清算文件明细(NS)  文件...
[2017-12-28 09:00:19 ERROR] [main] (com.erp.task.OfflineHlhtTask:259) - java.lang.NullPointerException
[2017-12-28 09:00:19 ERROR] [main] (com.erp.task.DefaultFTPClient:438) - 脱机数据处理出现错误！null
[2017-12-28 09:00:19 ERROR] [main] (com.erp.task.DefaultFTPClient:438) - 结束上传Gf文件...
[2017-12-28 09:00:19 ERROR] [main] (com.erp.task.OfflineHlhtTask:152) - 上传上海FH文件有误:null
[2017-12-28 09:00:19 ERROR] [main] (com.erp.task.OfflineHlhtTask:157) - 上传全国FH文件有误:null
