[2017-12-30 12:50:38 ERROR] [main] (com.erp.task.DefaultFTPClient:438) - 开始处理嘉善停车收费离线数据文件...
[2017-12-30 12:50:38 ERROR] [main] (com.erp.task.DefaultFTPClient:438) - FTP连接成功：220 Serv-U FTP Server v6.4 for WinSock ready...
[2017-12-30 12:50:39 ERROR] [main] (com.erp.task.DefaultFTPClient:438) - FTP登录成功：230 User logged in, proceed.
[2017-12-30 12:50:45 ERROR] [main] (com.erp.task.DefaultFTPClient:438) - /upload/XF2017121806100102100101450001处理成功.
[2017-12-30 12:50:46 ERROR] [main] (com.erp.task.DefaultFTPClient:438) - 结束处理嘉善停车收费离线数据文件...
[2017-12-30 12:50:46 ERROR] [main] (com.erp.task.DefaultFTPClient:438) - 开始验证消费数据TAC...
[2017-12-30 12:50:55 ERROR] [main] (com.erp.task.DefaultFTPClient:438) - 结束验证消费数据TAC...
[2017-12-30 12:50:55 ERROR] [main] (com.erp.task.OfflineHlhtTask:97) - 获取DF和DT有误:null
[2017-12-30 12:50:55 ERROR] [main] (com.erp.task.OfflineHlhtTask:104) - 处理DF和DT有误:null
[2017-12-30 12:50:55 ERROR] [main] (com.erp.task.DefaultFTPClient:438) - 开始脱机数据处理...
[2017-12-30 12:50:55 ERROR] [main] (com.erp.task.OfflineHlhtTask:180) - java.lang.NullPointerException
[2017-12-30 12:50:55 ERROR] [main] (com.erp.task.DefaultFTPClient:438) - 脱机数据处理出现错误！null
[2017-12-30 12:50:55 ERROR] [main] (com.erp.task.DefaultFTPClient:438) - 结束脱机数据处理...
[2017-12-30 12:50:55 ERROR] [main] (com.erp.task.DefaultFTPClient:438) - 开始脱机数据处理...
[2017-12-30 12:50:58 ERROR] [main] (com.erp.task.DefaultFTPClient:438) - 结束脱机数据处理...
[2017-12-30 12:50:58 ERROR] [main] (com.erp.task.DefaultFTPClient:438) - 开始上传拒付（SS）、清算(QS)、清算文件明细(NS)  文件...
[2017-12-30 12:50:58 ERROR] [main] (com.erp.task.OfflineHlhtTask:220) - com.erp.exception.CommonException: 获取ftp配置出错，请联系系统管理员！
[2017-12-30 12:50:58 ERROR] [main] (com.erp.task.DefaultFTPClient:438) - 脱机数据处理出现错误！获取ftp配置出错，请联系系统管理员！
[2017-12-30 12:50:58 ERROR] [main] (com.erp.task.DefaultFTPClient:438) - 结束上传拒付（SS）、清算(QS)、清算文件明细(NS)  文件...
[2017-12-30 12:50:58 ERROR] [main] (com.erp.task.DefaultFTPClient:438) - 开始上传嘉善拒付（SS）、清算(QS)、清算文件明细(NS)  文件...
[2017-12-30 12:51:02 ERROR] [main] (com.erp.task.DefaultFTPClient:438) - FTP连接成功：220 Serv-U FTP Server v6.4 for WinSock ready...
[2017-12-30 12:51:02 ERROR] [main] (com.erp.task.DefaultFTPClient:438) - FTP登录成功：230 User logged in, proceed.
[2017-12-30 12:51:07 ERROR] [main] (com.erp.task.DefaultFTPClient:438) - 结束上传嘉善拒付（SS）、清算(QS)、清算文件明细(NS)  文件...
[2017-12-30 12:51:07 ERROR] [main] (com.erp.task.OfflineHlhtTask:259) - java.lang.NullPointerException
[2017-12-30 12:51:07 ERROR] [main] (com.erp.task.DefaultFTPClient:438) - 脱机数据处理出现错误！null
[2017-12-30 12:51:07 ERROR] [main] (com.erp.task.DefaultFTPClient:438) - 结束上传Gf文件...
[2017-12-30 12:51:07 ERROR] [main] (com.erp.task.OfflineHlhtTask:152) - 上传上海FH文件有误:null
[2017-12-30 12:51:07 ERROR] [main] (com.erp.task.OfflineHlhtTask:157) - 上传全国FH文件有误:null
[2017-12-30 13:49:24 ERROR] [main] (com.erp.task.DefaultFTPClient:438) - 开始处理嘉善停车收费离线数据文件...
[2017-12-30 13:49:25 ERROR] [main] (com.erp.task.DefaultFTPClient:438) - FTP连接成功：220 Serv-U FTP Server v6.4 for WinSock ready...
[2017-12-30 13:49:25 ERROR] [main] (com.erp.task.DefaultFTPClient:438) - FTP登录成功：230 User logged in, proceed.
[2017-12-30 13:49:33 ERROR] [main] (com.erp.task.DefaultFTPClient:438) - /upload/XF2017121806100102100101450001处理成功.
[2017-12-30 13:49:34 ERROR] [main] (com.erp.task.DefaultFTPClient:438) - 结束处理嘉善停车收费离线数据文件...
[2017-12-30 13:49:34 ERROR] [main] (com.erp.task.DefaultFTPClient:438) - 开始验证消费数据TAC...
[2017-12-30 13:49:42 ERROR] [main] (com.erp.task.DefaultFTPClient:438) - 结束验证消费数据TAC...
[2017-12-30 13:49:42 ERROR] [main] (com.erp.task.OfflineHlhtTask:97) - 获取DF和DT有误:null
[2017-12-30 13:49:42 ERROR] [main] (com.erp.task.OfflineHlhtTask:104) - 处理DF和DT有误:null
[2017-12-30 13:49:42 ERROR] [main] (com.erp.task.DefaultFTPClient:438) - 开始脱机数据处理...
[2017-12-30 13:49:42 ERROR] [main] (com.erp.task.OfflineHlhtTask:180) - java.lang.NullPointerException
[2017-12-30 13:49:42 ERROR] [main] (com.erp.task.DefaultFTPClient:438) - 脱机数据处理出现错误！null
[2017-12-30 13:49:42 ERROR] [main] (com.erp.task.DefaultFTPClient:438) - 结束脱机数据处理...
[2017-12-30 13:49:42 ERROR] [main] (com.erp.task.DefaultFTPClient:438) - 开始脱机数据处理...
[2017-12-30 13:49:46 ERROR] [main] (com.erp.task.DefaultFTPClient:438) - 结束脱机数据处理...
[2017-12-30 13:49:46 ERROR] [main] (com.erp.task.DefaultFTPClient:438) - 开始上传拒付（SS）、清算(QS)、清算文件明细(NS)  文件...
[2017-12-30 13:49:46 ERROR] [main] (com.erp.task.OfflineHlhtTask:220) - com.erp.exception.CommonException: 获取ftp配置出错，请联系系统管理员！
[2017-12-30 13:49:46 ERROR] [main] (com.erp.task.DefaultFTPClient:438) - 脱机数据处理出现错误！获取ftp配置出错，请联系系统管理员！
[2017-12-30 13:49:46 ERROR] [main] (com.erp.task.DefaultFTPClient:438) - 结束上传拒付（SS）、清算(QS)、清算文件明细(NS)  文件...
[2017-12-30 13:49:46 ERROR] [main] (com.erp.task.DefaultFTPClient:438) - 开始上传嘉善拒付（SS）、清算(QS)、清算文件明细(NS)  文件...
[2017-12-30 13:49:50 ERROR] [main] (com.erp.task.DefaultFTPClient:438) - FTP连接成功：220 Serv-U FTP Server v6.4 for WinSock ready...
[2017-12-30 13:49:50 ERROR] [main] (com.erp.task.DefaultFTPClient:438) - FTP登录成功：230 User logged in, proceed.
[2017-12-30 13:49:56 ERROR] [main] (com.erp.task.DefaultFTPClient:438) - 结束上传嘉善拒付（SS）、清算(QS)、清算文件明细(NS)  文件...
[2017-12-30 13:49:56 ERROR] [main] (com.erp.task.OfflineHlhtTask:259) - java.lang.NullPointerException
[2017-12-30 13:49:56 ERROR] [main] (com.erp.task.DefaultFTPClient:438) - 脱机数据处理出现错误！null
[2017-12-30 13:49:56 ERROR] [main] (com.erp.task.DefaultFTPClient:438) - 结束上传Gf文件...
[2017-12-30 13:49:56 ERROR] [main] (com.erp.task.OfflineHlhtTask:152) - 上传上海FH文件有误:null
[2017-12-30 13:49:56 ERROR] [main] (com.erp.task.OfflineHlhtTask:157) - 上传全国FH文件有误:null
[2017-12-30 14:24:51 ERROR] [main] (com.erp.task.DefaultFTPClient:438) - 开始处理嘉善停车收费离线数据文件...
[2017-12-30 14:24:51 ERROR] [main] (com.erp.task.DefaultFTPClient:438) - FTP连接成功：220 Serv-U FTP Server v6.4 for WinSock ready...
[2017-12-30 14:24:51 ERROR] [main] (com.erp.task.DefaultFTPClient:438) - FTP登录成功：230 User logged in, proceed.
[2017-12-30 14:27:50 ERROR] [main] (com.erp.task.DefaultFTPClient:438) - /upload/XF2017121806100102100101450001处理成功.
[2017-12-30 14:27:50 ERROR] [main] (com.erp.task.DefaultFTPClient:438) - 结束处理嘉善停车收费离线数据文件...
[2017-12-30 14:27:50 ERROR] [main] (com.erp.task.DefaultFTPClient:438) - 开始验证消费数据TAC...
[2017-12-30 14:27:56 ERROR] [main] (com.erp.task.DefaultFTPClient:438) - 结束验证消费数据TAC...
[2017-12-30 14:27:56 ERROR] [main] (com.erp.task.OfflineHlhtTask:97) - 获取DF和DT有误:null
[2017-12-30 14:27:56 ERROR] [main] (com.erp.task.OfflineHlhtTask:104) - 处理DF和DT有误:null
[2017-12-30 14:27:56 ERROR] [main] (com.erp.task.DefaultFTPClient:438) - 开始脱机数据处理...
[2017-12-30 14:27:56 ERROR] [main] (com.erp.task.OfflineHlhtTask:180) - java.lang.NullPointerException
[2017-12-30 14:27:56 ERROR] [main] (com.erp.task.DefaultFTPClient:438) - 脱机数据处理出现错误！null
[2017-12-30 14:27:56 ERROR] [main] (com.erp.task.DefaultFTPClient:438) - 结束脱机数据处理...
[2017-12-30 14:27:56 ERROR] [main] (com.erp.task.DefaultFTPClient:438) - 开始脱机数据处理...
[2017-12-30 14:28:05 ERROR] [main] (com.erp.task.DefaultFTPClient:438) - 结束脱机数据处理...
[2017-12-30 14:28:05 ERROR] [main] (com.erp.task.DefaultFTPClient:438) - 开始上传拒付（SS）、清算(QS)、清算文件明细(NS)  文件...
[2017-12-30 14:28:05 ERROR] [main] (com.erp.task.OfflineHlhtTask:220) - com.erp.exception.CommonException: 获取ftp配置出错，请联系系统管理员！
[2017-12-30 14:28:05 ERROR] [main] (com.erp.task.DefaultFTPClient:438) - 脱机数据处理出现错误！获取ftp配置出错，请联系系统管理员！
[2017-12-30 14:28:05 ERROR] [main] (com.erp.task.DefaultFTPClient:438) - 结束上传拒付（SS）、清算(QS)、清算文件明细(NS)  文件...
[2017-12-30 14:28:05 ERROR] [main] (com.erp.task.DefaultFTPClient:438) - 开始上传嘉善拒付（SS）、清算(QS)、清算文件明细(NS)  文件...
[2017-12-30 14:28:33 ERROR] [main] (com.erp.task.DefaultFTPClient:438) - FTP连接成功：220 Serv-U FTP Server v6.4 for WinSock ready...
[2017-12-30 14:28:33 ERROR] [main] (com.erp.task.DefaultFTPClient:438) - FTP登录成功：230 User logged in, proceed.
[2017-12-30 14:28:53 ERROR] [main] (com.erp.task.DefaultFTPClient:438) - 结束上传嘉善拒付（SS）、清算(QS)、清算文件明细(NS)  文件...
[2017-12-30 14:28:53 ERROR] [main] (com.erp.task.OfflineHlhtTask:259) - java.lang.NullPointerException
[2017-12-30 14:28:53 ERROR] [main] (com.erp.task.DefaultFTPClient:438) - 脱机数据处理出现错误！null
[2017-12-30 14:28:53 ERROR] [main] (com.erp.task.DefaultFTPClient:438) - 结束上传Gf文件...
[2017-12-30 14:28:53 ERROR] [main] (com.erp.task.OfflineHlhtTask:152) - 上传上海FH文件有误:null
[2017-12-30 14:28:53 ERROR] [main] (com.erp.task.OfflineHlhtTask:157) - 上传全国FH文件有误:null
[2017-12-30 14:36:05 ERROR] [main] (com.erp.task.DefaultFTPClient:438) - 开始处理嘉善停车收费离线数据文件...
[2017-12-30 14:36:05 ERROR] [main] (com.erp.task.DefaultFTPClient:438) - FTP连接成功：220 Serv-U FTP Server v6.4 for WinSock ready...
[2017-12-30 14:36:06 ERROR] [main] (com.erp.task.DefaultFTPClient:438) - FTP登录成功：230 User logged in, proceed.
[2017-12-30 14:36:14 ERROR] [main] (com.erp.task.DefaultFTPClient:438) - /upload/XF2017121806100102100101450001处理成功.
[2017-12-30 14:36:14 ERROR] [main] (com.erp.task.DefaultFTPClient:438) - 结束处理嘉善停车收费离线数据文件...
[2017-12-30 14:36:14 ERROR] [main] (com.erp.task.DefaultFTPClient:438) - 开始验证消费数据TAC...
[2017-12-30 14:36:23 ERROR] [main] (com.erp.task.DefaultFTPClient:438) - 结束验证消费数据TAC...
[2017-12-30 14:36:23 ERROR] [main] (com.erp.task.OfflineHlhtTask:97) - 获取DF和DT有误:null
[2017-12-30 14:36:23 ERROR] [main] (com.erp.task.OfflineHlhtTask:104) - 处理DF和DT有误:null
[2017-12-30 14:36:23 ERROR] [main] (com.erp.task.DefaultFTPClient:438) - 开始脱机数据处理...
[2017-12-30 14:36:23 ERROR] [main] (com.erp.task.OfflineHlhtTask:180) - java.lang.NullPointerException
[2017-12-30 14:36:23 ERROR] [main] (com.erp.task.DefaultFTPClient:438) - 脱机数据处理出现错误！null
[2017-12-30 14:36:23 ERROR] [main] (com.erp.task.DefaultFTPClient:438) - 结束脱机数据处理...
[2017-12-30 14:36:23 ERROR] [main] (com.erp.task.DefaultFTPClient:438) - 开始脱机数据处理...
[2017-12-30 14:36:26 ERROR] [main] (com.erp.task.DefaultFTPClient:438) - 结束脱机数据处理...
[2017-12-30 14:36:26 ERROR] [main] (com.erp.task.DefaultFTPClient:438) - 开始上传拒付（SS）、清算(QS)、清算文件明细(NS)  文件...
[2017-12-30 14:36:26 ERROR] [main] (com.erp.task.OfflineHlhtTask:220) - com.erp.exception.CommonException: 获取ftp配置出错，请联系系统管理员！
[2017-12-30 14:36:26 ERROR] [main] (com.erp.task.DefaultFTPClient:438) - 脱机数据处理出现错误！获取ftp配置出错，请联系系统管理员！
[2017-12-30 14:36:26 ERROR] [main] (com.erp.task.DefaultFTPClient:438) - 结束上传拒付（SS）、清算(QS)、清算文件明细(NS)  文件...
[2017-12-30 14:36:26 ERROR] [main] (com.erp.task.DefaultFTPClient:438) - 开始上传嘉善拒付（SS）、清算(QS)、清算文件明细(NS)  文件...
[2017-12-30 14:36:30 ERROR] [main] (com.erp.task.DefaultFTPClient:438) - FTP连接成功：220 Serv-U FTP Server v6.4 for WinSock ready...
[2017-12-30 14:36:30 ERROR] [main] (com.erp.task.DefaultFTPClient:438) - FTP登录成功：230 User logged in, proceed.
[2017-12-30 14:36:35 ERROR] [main] (com.erp.task.DefaultFTPClient:438) - 结束上传嘉善拒付（SS）、清算(QS)、清算文件明细(NS)  文件...
[2017-12-30 14:36:35 ERROR] [main] (com.erp.task.OfflineHlhtTask:259) - java.lang.NullPointerException
[2017-12-30 14:36:35 ERROR] [main] (com.erp.task.DefaultFTPClient:438) - 脱机数据处理出现错误！null
[2017-12-30 14:36:35 ERROR] [main] (com.erp.task.DefaultFTPClient:438) - 结束上传Gf文件...
[2017-12-30 14:36:35 ERROR] [main] (com.erp.task.OfflineHlhtTask:152) - 上传上海FH文件有误:null
[2017-12-30 14:36:35 ERROR] [main] (com.erp.task.OfflineHlhtTask:157) - 上传全国FH文件有误:null
[2017-12-30 16:08:13 ERROR] [main] (com.erp.task.DefaultFTPClient:438) - 开始处理嘉善停车收费离线数据文件...
[2017-12-30 16:08:13 ERROR] [main] (com.erp.task.DefaultFTPClient:438) - FTP连接成功：220 Serv-U FTP Server v6.4 for WinSock ready...
[2017-12-30 16:08:14 ERROR] [main] (com.erp.task.DefaultFTPClient:438) - FTP登录成功：230 User logged in, proceed.
[2017-12-30 16:08:38 ERROR] [main] (com.erp.task.DefaultFTPClient:438) - /upload/XF2017121806100102100101450001处理成功.
[2017-12-30 16:08:38 ERROR] [main] (com.erp.task.DefaultFTPClient:438) - 结束处理嘉善停车收费离线数据文件...
[2017-12-30 16:08:38 ERROR] [main] (com.erp.task.DefaultFTPClient:438) - 开始验证消费数据TAC...
[2017-12-30 16:09:40 ERROR] [main] (com.erp.task.DefaultFTPClient:438) - 结束验证消费数据TAC...
[2017-12-30 16:09:40 ERROR] [main] (com.erp.task.OfflineHlhtTask:97) - 获取DF和DT有误:null
[2017-12-30 16:09:40 ERROR] [main] (com.erp.task.OfflineHlhtTask:104) - 处理DF和DT有误:null
[2017-12-30 16:09:40 ERROR] [main] (com.erp.task.DefaultFTPClient:438) - 开始脱机数据处理...
[2017-12-30 16:09:40 ERROR] [main] (com.erp.task.OfflineHlhtTask:180) - java.lang.NullPointerException
[2017-12-30 16:09:40 ERROR] [main] (com.erp.task.DefaultFTPClient:438) - 脱机数据处理出现错误！null
[2017-12-30 16:09:40 ERROR] [main] (com.erp.task.DefaultFTPClient:438) - 结束脱机数据处理...
[2017-12-30 16:09:40 ERROR] [main] (com.erp.task.DefaultFTPClient:438) - 开始脱机数据处理...
[2017-12-30 16:10:31 ERROR] [main] (com.erp.task.DefaultFTPClient:438) - 结束脱机数据处理...
[2017-12-30 16:10:31 ERROR] [main] (com.erp.task.DefaultFTPClient:438) - 开始上传拒付（SS）、清算(QS)、清算文件明细(NS)  文件...
[2017-12-30 16:10:31 ERROR] [main] (com.erp.task.OfflineHlhtTask:220) - com.erp.exception.CommonException: 获取ftp配置出错，请联系系统管理员！
[2017-12-30 16:10:31 ERROR] [main] (com.erp.task.DefaultFTPClient:438) - 脱机数据处理出现错误！获取ftp配置出错，请联系系统管理员！
[2017-12-30 16:10:31 ERROR] [main] (com.erp.task.DefaultFTPClient:438) - 结束上传拒付（SS）、清算(QS)、清算文件明细(NS)  文件...
[2017-12-30 16:10:31 ERROR] [main] (com.erp.task.DefaultFTPClient:438) - 开始上传嘉善拒付（SS）、清算(QS)、清算文件明细(NS)  文件...
[2017-12-30 16:10:57 ERROR] [main] (com.erp.task.DefaultFTPClient:438) - FTP连接成功：220 Serv-U FTP Server v6.4 for WinSock ready...
[2017-12-30 16:10:57 ERROR] [main] (com.erp.task.DefaultFTPClient:438) - FTP登录成功：230 User logged in, proceed.
[2017-12-30 16:12:45 ERROR] [main] (com.erp.task.DefaultFTPClient:438) - 写文件SS2017123006100102100101450001出错：Software caused connection abort: recv failed
[2017-12-30 16:12:46 ERROR] [main] (com.erp.task.DefaultFTPClient:438) - 写文件QS2017123006100102100101450001出错：Software caused connection abort: socket write error
[2017-12-30 16:12:46 ERROR] [main] (com.erp.task.DefaultFTPClient:438) - 写文件NS2017123006100102100101450001出错：Software caused connection abort: socket write error
[2017-12-30 16:12:47 ERROR] [main] (com.erp.task.DefaultFTPClient:438) - 结束上传嘉善拒付（SS）、清算(QS)、清算文件明细(NS)  文件...
[2017-12-30 16:12:47 ERROR] [main] (com.erp.task.OfflineHlhtTask:259) - java.lang.NullPointerException
[2017-12-30 16:12:47 ERROR] [main] (com.erp.task.DefaultFTPClient:438) - 脱机数据处理出现错误！null
[2017-12-30 16:12:47 ERROR] [main] (com.erp.task.DefaultFTPClient:438) - 结束上传Gf文件...
[2017-12-30 16:12:47 ERROR] [main] (com.erp.task.OfflineHlhtTask:152) - 上传上海FH文件有误:null
[2017-12-30 16:12:47 ERROR] [main] (com.erp.task.OfflineHlhtTask:157) - 上传全国FH文件有误:null
[2017-12-30 16:16:31 ERROR] [main] (com.erp.task.DefaultFTPClient:438) - 开始处理嘉善停车收费离线数据文件...
[2017-12-30 16:16:31 ERROR] [main] (com.erp.task.DefaultFTPClient:438) - FTP连接成功：220 Serv-U FTP Server v6.4 for WinSock ready...
[2017-12-30 16:16:32 ERROR] [main] (com.erp.task.DefaultFTPClient:438) - FTP登录成功：230 User logged in, proceed.
[2017-12-30 16:16:32 ERROR] [main] (com.erp.task.DefaultFTPClient:438) - 未获取到指定目录下的文件：/upload/
[2017-12-30 16:16:32 ERROR] [main] (com.erp.task.DefaultFTPClient:438) - 结束处理嘉善停车收费离线数据文件...
[2017-12-30 16:16:32 ERROR] [main] (com.erp.task.DefaultFTPClient:438) - 开始验证消费数据TAC...
[2017-12-30 16:16:37 ERROR] [main] (com.erp.serviceImpl.OfflineDataProcessServiceImpl:345) - 未获取到需要验证TAC的数据文件...
[2017-12-30 16:16:37 ERROR] [main] (com.erp.task.DefaultFTPClient:438) - 验证XF消费数据 TAC出现错误！未获取到需要验证TAC的数据文件...
[2017-12-30 16:16:37 ERROR] [main] (com.erp.task.DefaultFTPClient:438) - 结束验证消费数据TAC...
[2017-12-30 16:16:37 ERROR] [main] (com.erp.task.OfflineHlhtTask:97) - 获取DF和DT有误:null
[2017-12-30 16:16:37 ERROR] [main] (com.erp.task.OfflineHlhtTask:104) - 处理DF和DT有误:null
[2017-12-30 16:16:37 ERROR] [main] (com.erp.task.DefaultFTPClient:438) - 开始脱机数据处理...
[2017-12-30 16:16:37 ERROR] [main] (com.erp.task.OfflineHlhtTask:180) - java.lang.NullPointerException
[2017-12-30 16:16:37 ERROR] [main] (com.erp.task.DefaultFTPClient:438) - 脱机数据处理出现错误！null
[2017-12-30 16:16:37 ERROR] [main] (com.erp.task.DefaultFTPClient:438) - 结束脱机数据处理...
[2017-12-30 16:16:37 ERROR] [main] (com.erp.task.DefaultFTPClient:438) - 开始脱机数据处理...
[2017-12-30 16:16:41 ERROR] [main] (com.erp.task.DefaultFTPClient:438) - 结束脱机数据处理...
[2017-12-30 16:16:41 ERROR] [main] (com.erp.task.DefaultFTPClient:438) - 开始上传拒付（SS）、清算(QS)、清算文件明细(NS)  文件...
[2017-12-30 16:16:41 ERROR] [main] (com.erp.task.OfflineHlhtTask:220) - com.erp.exception.CommonException: 获取ftp配置出错，请联系系统管理员！
[2017-12-30 16:16:41 ERROR] [main] (com.erp.task.DefaultFTPClient:438) - 脱机数据处理出现错误！获取ftp配置出错，请联系系统管理员！
[2017-12-30 16:16:41 ERROR] [main] (com.erp.task.DefaultFTPClient:438) - 结束上传拒付（SS）、清算(QS)、清算文件明细(NS)  文件...
[2017-12-30 16:16:41 ERROR] [main] (com.erp.task.OfflineHlhtTask:259) - java.lang.NullPointerException
[2017-12-30 16:16:41 ERROR] [main] (com.erp.task.DefaultFTPClient:438) - 脱机数据处理出现错误！null
[2017-12-30 16:16:41 ERROR] [main] (com.erp.task.DefaultFTPClient:438) - 结束上传Gf文件...
[2017-12-30 16:16:41 ERROR] [main] (com.erp.task.OfflineHlhtTask:152) - 上传上海FH文件有误:null
[2017-12-30 16:16:41 ERROR] [main] (com.erp.task.OfflineHlhtTask:157) - 上传全国FH文件有误:null
[2017-12-30 16:18:07 ERROR] [main] (com.erp.task.DefaultFTPClient:438) - 开始处理嘉善停车收费离线数据文件...
[2017-12-30 16:18:07 ERROR] [main] (com.erp.task.DefaultFTPClient:438) - FTP连接成功：220 Serv-U FTP Server v6.4 for WinSock ready...
[2017-12-30 16:18:07 ERROR] [main] (com.erp.task.DefaultFTPClient:438) - FTP登录成功：230 User logged in, proceed.
[2017-12-30 16:18:15 ERROR] [main] (com.erp.task.DefaultFTPClient:438) - /upload/XF2017121806100102100101450001处理成功.
[2017-12-30 16:18:15 ERROR] [main] (com.erp.task.DefaultFTPClient:438) - 结束处理嘉善停车收费离线数据文件...
[2017-12-30 16:18:15 ERROR] [main] (com.erp.task.DefaultFTPClient:438) - 开始验证消费数据TAC...
[2017-12-30 16:18:21 ERROR] [main] (com.erp.task.DefaultFTPClient:438) - 结束验证消费数据TAC...
[2017-12-30 16:18:21 ERROR] [main] (com.erp.task.OfflineHlhtTask:97) - 获取DF和DT有误:null
[2017-12-30 16:18:21 ERROR] [main] (com.erp.task.OfflineHlhtTask:104) - 处理DF和DT有误:null
[2017-12-30 16:18:21 ERROR] [main] (com.erp.task.DefaultFTPClient:438) - 开始脱机数据处理...
[2017-12-30 16:18:21 ERROR] [main] (com.erp.task.OfflineHlhtTask:180) - java.lang.NullPointerException
[2017-12-30 16:18:21 ERROR] [main] (com.erp.task.DefaultFTPClient:438) - 脱机数据处理出现错误！null
[2017-12-30 16:18:21 ERROR] [main] (com.erp.task.DefaultFTPClient:438) - 结束脱机数据处理...
[2017-12-30 16:18:21 ERROR] [main] (com.erp.task.DefaultFTPClient:438) - 开始脱机数据处理...
[2017-12-30 16:18:25 ERROR] [main] (com.erp.task.DefaultFTPClient:438) - 结束脱机数据处理...
[2017-12-30 16:18:25 ERROR] [main] (com.erp.task.DefaultFTPClient:438) - 开始上传拒付（SS）、清算(QS)、清算文件明细(NS)  文件...
[2017-12-30 16:18:25 ERROR] [main] (com.erp.task.OfflineHlhtTask:220) - com.erp.exception.CommonException: 获取ftp配置出错，请联系系统管理员！
[2017-12-30 16:18:25 ERROR] [main] (com.erp.task.DefaultFTPClient:438) - 脱机数据处理出现错误！获取ftp配置出错，请联系系统管理员！
[2017-12-30 16:18:25 ERROR] [main] (com.erp.task.DefaultFTPClient:438) - 结束上传拒付（SS）、清算(QS)、清算文件明细(NS)  文件...
[2017-12-30 16:18:25 ERROR] [main] (com.erp.task.DefaultFTPClient:438) - 开始上传嘉善拒付（SS）、清算(QS)、清算文件明细(NS)  文件...
[2017-12-30 16:18:29 ERROR] [main] (com.erp.task.DefaultFTPClient:438) - FTP连接成功：220 Serv-U FTP Server v6.4 for WinSock ready...
[2017-12-30 16:18:29 ERROR] [main] (com.erp.task.DefaultFTPClient:438) - FTP登录成功：230 User logged in, proceed.
[2017-12-30 16:20:12 ERROR] [main] (com.erp.task.DefaultFTPClient:438) - 结束上传嘉善拒付（SS）、清算(QS)、清算文件明细(NS)  文件...
[2017-12-30 16:20:12 ERROR] [main] (com.erp.task.OfflineHlhtTask:259) - java.lang.NullPointerException
[2017-12-30 16:20:12 ERROR] [main] (com.erp.task.DefaultFTPClient:438) - 脱机数据处理出现错误！null
[2017-12-30 16:20:12 ERROR] [main] (com.erp.task.DefaultFTPClient:438) - 结束上传Gf文件...
[2017-12-30 16:20:12 ERROR] [main] (com.erp.task.OfflineHlhtTask:152) - 上传上海FH文件有误:null
[2017-12-30 16:20:12 ERROR] [main] (com.erp.task.OfflineHlhtTask:157) - 上传全国FH文件有误:null
[2017-12-30 16:22:41 ERROR] [main] (com.erp.task.DefaultFTPClient:438) - 开始处理嘉善停车收费离线数据文件...
[2017-12-30 16:22:42 ERROR] [main] (com.erp.task.DefaultFTPClient:438) - FTP连接成功：220 Serv-U FTP Server v6.4 for WinSock ready...
[2017-12-30 16:22:42 ERROR] [main] (com.erp.task.DefaultFTPClient:438) - FTP登录成功：230 User logged in, proceed.
[2017-12-30 16:22:49 ERROR] [main] (com.erp.task.DefaultFTPClient:438) - /upload/XF2017121806100102100101450001处理成功.
[2017-12-30 16:22:49 ERROR] [main] (com.erp.task.DefaultFTPClient:438) - 结束处理嘉善停车收费离线数据文件...
[2017-12-30 16:22:49 ERROR] [main] (com.erp.task.DefaultFTPClient:438) - 开始验证消费数据TAC...
[2017-12-30 16:22:55 ERROR] [main] (com.erp.task.DefaultFTPClient:438) - 结束验证消费数据TAC...
[2017-12-30 16:22:55 ERROR] [main] (com.erp.task.OfflineHlhtTask:97) - 获取DF和DT有误:null
[2017-12-30 16:22:55 ERROR] [main] (com.erp.task.OfflineHlhtTask:104) - 处理DF和DT有误:null
[2017-12-30 16:22:55 ERROR] [main] (com.erp.task.DefaultFTPClient:438) - 开始脱机数据处理...
[2017-12-30 16:22:55 ERROR] [main] (com.erp.task.OfflineHlhtTask:180) - java.lang.NullPointerException
[2017-12-30 16:22:55 ERROR] [main] (com.erp.task.DefaultFTPClient:438) - 脱机数据处理出现错误！null
[2017-12-30 16:22:55 ERROR] [main] (com.erp.task.DefaultFTPClient:438) - 结束脱机数据处理...
[2017-12-30 16:22:55 ERROR] [main] (com.erp.task.DefaultFTPClient:438) - 开始脱机数据处理...
[2017-12-30 16:22:58 ERROR] [main] (com.erp.task.DefaultFTPClient:438) - 结束脱机数据处理...
[2017-12-30 16:22:58 ERROR] [main] (com.erp.task.DefaultFTPClient:438) - 开始上传拒付（SS）、清算(QS)、清算文件明细(NS)  文件...
[2017-12-30 16:22:59 ERROR] [main] (com.erp.task.OfflineHlhtTask:220) - com.erp.exception.CommonException: 获取ftp配置出错，请联系系统管理员！
[2017-12-30 16:22:59 ERROR] [main] (com.erp.task.DefaultFTPClient:438) - 脱机数据处理出现错误！获取ftp配置出错，请联系系统管理员！
[2017-12-30 16:22:59 ERROR] [main] (com.erp.task.DefaultFTPClient:438) - 结束上传拒付（SS）、清算(QS)、清算文件明细(NS)  文件...
[2017-12-30 16:22:59 ERROR] [main] (com.erp.task.DefaultFTPClient:438) - 开始上传嘉善拒付（SS）、清算(QS)、清算文件明细(NS)  文件...
[2017-12-30 16:23:03 ERROR] [main] (com.erp.task.DefaultFTPClient:438) - FTP连接成功：220 Serv-U FTP Server v6.4 for WinSock ready...
[2017-12-30 16:23:03 ERROR] [main] (com.erp.task.DefaultFTPClient:438) - FTP登录成功：230 User logged in, proceed.
