[2017-12-31 12:54:49 ERROR] [main] (com.erp.task.DefaultFTPClient:438) - 开始处理嘉善停车收费离线数据文件...
[2017-12-31 12:54:49 ERROR] [main] (com.erp.task.DefaultFTPClient:438) - FTP连接成功：220 Serv-U FTP Server v6.4 for WinSock ready...
[2017-12-31 12:54:50 ERROR] [main] (com.erp.task.DefaultFTPClient:438) - FTP登录成功：230 User logged in, proceed.
[2017-12-31 12:54:55 ERROR] [main] (com.erp.task.DefaultFTPClient:438) - 商户【100102100101450非法文件：upload/PayResponseBody.java 文件名格式不正确，未知文件类型!
[2017-12-31 12:54:56 ERROR] [main] (com.erp.task.DefaultFTPClient:438) - 结束处理嘉善停车收费离线数据文件...
[2017-12-31 12:54:56 ERROR] [main] (com.erp.task.DefaultFTPClient:438) - 开始验证消费数据TAC...
[2017-12-31 12:54:59 ERROR] [main] (com.erp.serviceImpl.OfflineDataProcessServiceImpl:345) - 未获取到需要验证TAC的数据文件...
[2017-12-31 12:54:59 ERROR] [main] (com.erp.task.DefaultFTPClient:438) - 验证XF消费数据 TAC出现错误！未获取到需要验证TAC的数据文件...
[2017-12-31 12:54:59 ERROR] [main] (com.erp.task.DefaultFTPClient:438) - 结束验证消费数据TAC...
[2017-12-31 12:54:59 ERROR] [main] (com.erp.task.OfflineHlhtTask:97) - 获取DF和DT有误:null
[2017-12-31 12:54:59 ERROR] [main] (com.erp.task.OfflineHlhtTask:104) - 处理DF和DT有误:null
[2017-12-31 12:54:59 ERROR] [main] (com.erp.task.DefaultFTPClient:438) - 开始脱机数据处理...
[2017-12-31 12:54:59 ERROR] [main] (com.erp.task.OfflineHlhtTask:180) - java.lang.NullPointerException
[2017-12-31 12:54:59 ERROR] [main] (com.erp.task.DefaultFTPClient:438) - 脱机数据处理出现错误！null
[2017-12-31 12:54:59 ERROR] [main] (com.erp.task.DefaultFTPClient:438) - 结束脱机数据处理...
[2017-12-31 12:54:59 ERROR] [main] (com.erp.task.DefaultFTPClient:438) - 开始脱机数据处理...
[2017-12-31 12:55:02 ERROR] [main] (com.erp.task.DefaultFTPClient:438) - 结束脱机数据处理...
[2017-12-31 12:55:02 ERROR] [main] (com.erp.task.DefaultFTPClient:438) - 开始上传拒付（SS）、清算(QS)、清算文件明细(NS)  文件...
[2017-12-31 12:55:02 ERROR] [main] (com.erp.task.OfflineHlhtTask:220) - com.erp.exception.CommonException: 获取ftp配置出错，请联系系统管理员！
[2017-12-31 12:55:02 ERROR] [main] (com.erp.task.DefaultFTPClient:438) - 脱机数据处理出现错误！获取ftp配置出错，请联系系统管理员！
[2017-12-31 12:55:02 ERROR] [main] (com.erp.task.DefaultFTPClient:438) - 结束上传拒付（SS）、清算(QS)、清算文件明细(NS)  文件...
[2017-12-31 12:55:02 ERROR] [main] (com.erp.task.DefaultFTPClient:438) - 开始上传嘉善拒付（SS）、清算(QS)、清算文件明细(NS)  文件...
[2017-12-31 12:55:06 ERROR] [main] (com.erp.task.DefaultFTPClient:438) - FTP连接成功：220 Serv-U FTP Server v6.4 for WinSock ready...
[2017-12-31 12:55:06 ERROR] [main] (com.erp.task.DefaultFTPClient:438) - FTP登录成功：230 User logged in, proceed.
[2017-12-31 12:55:12 ERROR] [main] (com.erp.task.DefaultFTPClient:438) - 结束上传嘉善拒付（SS）、清算(QS)、清算文件明细(NS)  文件...
[2017-12-31 12:55:12 ERROR] [main] (com.erp.task.OfflineHlhtTask:259) - java.lang.NullPointerException
[2017-12-31 12:55:12 ERROR] [main] (com.erp.task.DefaultFTPClient:438) - 脱机数据处理出现错误！null
[2017-12-31 12:55:12 ERROR] [main] (com.erp.task.DefaultFTPClient:438) - 结束上传Gf文件...
[2017-12-31 12:55:12 ERROR] [main] (com.erp.task.OfflineHlhtTask:152) - 上传上海FH文件有误:null
[2017-12-31 12:55:12 ERROR] [main] (com.erp.task.OfflineHlhtTask:157) - 上传全国FH文件有误:null
[2017-12-31 12:56:30 ERROR] [main] (com.erp.task.DefaultFTPClient:438) - 开始处理嘉善停车收费离线数据文件...
[2017-12-31 12:56:30 ERROR] [main] (com.erp.task.DefaultFTPClient:438) - FTP连接成功：220 Serv-U FTP Server v6.4 for WinSock ready...
[2017-12-31 12:56:31 ERROR] [main] (com.erp.task.DefaultFTPClient:438) - FTP登录成功：230 User logged in, proceed.
[2017-12-31 12:56:38 ERROR] [main] (com.erp.task.DefaultFTPClient:438) - /upload/XF2017121806100102100101450001处理成功.
[2017-12-31 12:56:39 ERROR] [main] (com.erp.task.DefaultFTPClient:438) - 结束处理嘉善停车收费离线数据文件...
[2017-12-31 12:56:39 ERROR] [main] (com.erp.task.DefaultFTPClient:438) - 开始验证消费数据TAC...
[2017-12-31 12:56:47 ERROR] [main] (com.erp.task.DefaultFTPClient:438) - 结束验证消费数据TAC...
[2017-12-31 12:56:47 ERROR] [main] (com.erp.task.OfflineHlhtTask:97) - 获取DF和DT有误:null
[2017-12-31 12:56:47 ERROR] [main] (com.erp.task.OfflineHlhtTask:104) - 处理DF和DT有误:null
[2017-12-31 12:56:47 ERROR] [main] (com.erp.task.DefaultFTPClient:438) - 开始脱机数据处理...
[2017-12-31 12:56:47 ERROR] [main] (com.erp.task.OfflineHlhtTask:180) - java.lang.NullPointerException
[2017-12-31 12:56:47 ERROR] [main] (com.erp.task.DefaultFTPClient:438) - 脱机数据处理出现错误！null
[2017-12-31 12:56:47 ERROR] [main] (com.erp.task.DefaultFTPClient:438) - 结束脱机数据处理...
[2017-12-31 12:56:47 ERROR] [main] (com.erp.task.DefaultFTPClient:438) - 开始脱机数据处理...
[2017-12-31 12:56:50 ERROR] [main] (com.erp.task.DefaultFTPClient:438) - 结束脱机数据处理...
[2017-12-31 12:56:50 ERROR] [main] (com.erp.task.DefaultFTPClient:438) - 开始上传拒付（SS）、清算(QS)、清算文件明细(NS)  文件...
[2017-12-31 12:56:50 ERROR] [main] (com.erp.task.OfflineHlhtTask:220) - com.erp.exception.CommonException: 获取ftp配置出错，请联系系统管理员！
[2017-12-31 12:56:50 ERROR] [main] (com.erp.task.DefaultFTPClient:438) - 脱机数据处理出现错误！获取ftp配置出错，请联系系统管理员！
[2017-12-31 12:56:50 ERROR] [main] (com.erp.task.DefaultFTPClient:438) - 结束上传拒付（SS）、清算(QS)、清算文件明细(NS)  文件...
[2017-12-31 12:56:50 ERROR] [main] (com.erp.task.DefaultFTPClient:438) - 开始上传嘉善拒付（SS）、清算(QS)、清算文件明细(NS)  文件...
[2017-12-31 12:56:54 ERROR] [main] (com.erp.task.DefaultFTPClient:438) - FTP连接成功：220 Serv-U FTP Server v6.4 for WinSock ready...
[2017-12-31 12:56:54 ERROR] [main] (com.erp.task.DefaultFTPClient:438) - FTP登录成功：230 User logged in, proceed.
[2017-12-31 12:57:00 ERROR] [main] (com.erp.task.DefaultFTPClient:438) - 结束上传嘉善拒付（SS）、清算(QS)、清算文件明细(NS)  文件...
[2017-12-31 12:57:00 ERROR] [main] (com.erp.task.OfflineHlhtTask:259) - java.lang.NullPointerException
[2017-12-31 12:57:00 ERROR] [main] (com.erp.task.DefaultFTPClient:438) - 脱机数据处理出现错误！null
[2017-12-31 12:57:00 ERROR] [main] (com.erp.task.DefaultFTPClient:438) - 结束上传Gf文件...
[2017-12-31 12:57:00 ERROR] [main] (com.erp.task.OfflineHlhtTask:152) - 上传上海FH文件有误:null
[2017-12-31 12:57:00 ERROR] [main] (com.erp.task.OfflineHlhtTask:157) - 上传全国FH文件有误:null
[2017-12-31 12:58:54 ERROR] [main] (com.erp.task.DefaultFTPClient:438) - 开始处理嘉善停车收费离线数据文件...
[2017-12-31 12:58:54 ERROR] [main] (com.erp.task.DefaultFTPClient:438) - FTP连接成功：220 Serv-U FTP Server v6.4 for WinSock ready...
[2017-12-31 12:58:55 ERROR] [main] (com.erp.task.DefaultFTPClient:438) - FTP登录成功：230 User logged in, proceed.
[2017-12-31 12:59:01 ERROR] [main] (com.erp.task.DefaultFTPClient:438) - 商户【100102100101450】移动文件/upload/XF2017121806100102100101450001出现错误:550 Permission denied.,将在下次处理时进行移动.
[2017-12-31 12:59:01 ERROR] [main] (com.erp.task.DefaultFTPClient:438) - 处理文件失败,位置在商户100102100101450,文件名称XF2017121806100102100101450001 , 商户【100102100101450】消费文件：upload/XF2017121806100102100101450001 重复,现在移到repeat目录下
[2017-12-31 12:59:01 ERROR] [main] (com.erp.task.DefaultFTPClient:438) - 结束处理嘉善停车收费离线数据文件...
[2017-12-31 12:59:01 ERROR] [main] (com.erp.task.DefaultFTPClient:438) - 开始验证消费数据TAC...
[2017-12-31 12:59:04 ERROR] [main] (com.erp.serviceImpl.OfflineDataProcessServiceImpl:345) - 未获取到需要验证TAC的数据文件...
[2017-12-31 12:59:04 ERROR] [main] (com.erp.task.DefaultFTPClient:438) - 验证XF消费数据 TAC出现错误！未获取到需要验证TAC的数据文件...
[2017-12-31 12:59:05 ERROR] [main] (com.erp.task.DefaultFTPClient:438) - 结束验证消费数据TAC...
[2017-12-31 12:59:05 ERROR] [main] (com.erp.task.OfflineHlhtTask:97) - 获取DF和DT有误:null
[2017-12-31 12:59:05 ERROR] [main] (com.erp.task.OfflineHlhtTask:104) - 处理DF和DT有误:null
[2017-12-31 12:59:05 ERROR] [main] (com.erp.task.DefaultFTPClient:438) - 开始脱机数据处理...
[2017-12-31 12:59:05 ERROR] [main] (com.erp.task.OfflineHlhtTask:180) - java.lang.NullPointerException
[2017-12-31 12:59:05 ERROR] [main] (com.erp.task.DefaultFTPClient:438) - 脱机数据处理出现错误！null
[2017-12-31 12:59:05 ERROR] [main] (com.erp.task.DefaultFTPClient:438) - 结束脱机数据处理...
[2017-12-31 12:59:05 ERROR] [main] (com.erp.task.DefaultFTPClient:438) - 开始脱机数据处理...
[2017-12-31 12:59:08 ERROR] [main] (com.erp.task.DefaultFTPClient:438) - 结束脱机数据处理...
[2017-12-31 12:59:08 ERROR] [main] (com.erp.task.DefaultFTPClient:438) - 开始上传拒付（SS）、清算(QS)、清算文件明细(NS)  文件...
[2017-12-31 12:59:08 ERROR] [main] (com.erp.task.OfflineHlhtTask:220) - com.erp.exception.CommonException: 获取ftp配置出错，请联系系统管理员！
[2017-12-31 12:59:08 ERROR] [main] (com.erp.task.DefaultFTPClient:438) - 脱机数据处理出现错误！获取ftp配置出错，请联系系统管理员！
[2017-12-31 12:59:08 ERROR] [main] (com.erp.task.DefaultFTPClient:438) - 结束上传拒付（SS）、清算(QS)、清算文件明细(NS)  文件...
[2017-12-31 12:59:08 ERROR] [main] (com.erp.task.OfflineHlhtTask:259) - java.lang.NullPointerException
[2017-12-31 12:59:08 ERROR] [main] (com.erp.task.DefaultFTPClient:438) - 脱机数据处理出现错误！null
[2017-12-31 12:59:08 ERROR] [main] (com.erp.task.DefaultFTPClient:438) - 结束上传Gf文件...
[2017-12-31 12:59:08 ERROR] [main] (com.erp.task.OfflineHlhtTask:152) - 上传上海FH文件有误:null
[2017-12-31 12:59:08 ERROR] [main] (com.erp.task.OfflineHlhtTask:157) - 上传全国FH文件有误:null
[2017-12-31 13:14:36 ERROR] [main] (com.erp.task.DefaultFTPClient:438) - 开始处理嘉善停车收费离线数据文件...
[2017-12-31 13:14:36 ERROR] [main] (com.erp.task.DefaultFTPClient:438) - FTP连接成功：220 Serv-U FTP Server v6.4 for WinSock ready...
[2017-12-31 13:14:37 ERROR] [main] (com.erp.task.DefaultFTPClient:438) - FTP登录成功：230 User logged in, proceed.
[2017-12-31 13:14:43 ERROR] [main] (com.erp.task.DefaultFTPClient:438) - 商户【100102100101450】移动文件/upload/XF2017121806100102100101450001出现错误:550 Permission denied.,将在下次处理时进行移动.
[2017-12-31 13:14:44 ERROR] [main] (com.erp.task.DefaultFTPClient:438) - 处理文件失败,位置在商户100102100101450,文件名称XF2017121806100102100101450001 , 商户【100102100101450】消费文件：upload/XF2017121806100102100101450001 重复,现在移到repeat目录下
[2017-12-31 13:14:44 ERROR] [main] (com.erp.task.DefaultFTPClient:438) - 结束处理嘉善停车收费离线数据文件...
[2017-12-31 13:14:44 ERROR] [main] (com.erp.task.DefaultFTPClient:438) - 开始验证消费数据TAC...
[2017-12-31 13:14:48 ERROR] [main] (com.erp.serviceImpl.OfflineDataProcessServiceImpl:345) - 未获取到需要验证TAC的数据文件...
[2017-12-31 13:14:48 ERROR] [main] (com.erp.task.DefaultFTPClient:438) - 验证XF消费数据 TAC出现错误！未获取到需要验证TAC的数据文件...
[2017-12-31 13:14:48 ERROR] [main] (com.erp.task.DefaultFTPClient:438) - 结束验证消费数据TAC...
[2017-12-31 13:14:48 ERROR] [main] (com.erp.task.OfflineHlhtTask:97) - 获取DF和DT有误:null
[2017-12-31 13:14:48 ERROR] [main] (com.erp.task.OfflineHlhtTask:104) - 处理DF和DT有误:null
[2017-12-31 13:14:48 ERROR] [main] (com.erp.task.DefaultFTPClient:438) - 开始脱机数据处理...
[2017-12-31 13:14:48 ERROR] [main] (com.erp.task.OfflineHlhtTask:180) - java.lang.NullPointerException
[2017-12-31 13:14:48 ERROR] [main] (com.erp.task.DefaultFTPClient:438) - 脱机数据处理出现错误！null
[2017-12-31 13:14:48 ERROR] [main] (com.erp.task.DefaultFTPClient:438) - 结束脱机数据处理...
[2017-12-31 13:14:48 ERROR] [main] (com.erp.task.DefaultFTPClient:438) - 开始脱机数据处理...
[2017-12-31 13:14:52 ERROR] [main] (com.erp.task.DefaultFTPClient:438) - 结束脱机数据处理...
[2017-12-31 13:14:52 ERROR] [main] (com.erp.task.DefaultFTPClient:438) - 开始上传拒付（SS）、清算(QS)、清算文件明细(NS)  文件...
[2017-12-31 13:14:52 ERROR] [main] (com.erp.task.OfflineHlhtTask:220) - com.erp.exception.CommonException: 获取ftp配置出错，请联系系统管理员！
[2017-12-31 13:14:52 ERROR] [main] (com.erp.task.DefaultFTPClient:438) - 脱机数据处理出现错误！获取ftp配置出错，请联系系统管理员！
[2017-12-31 13:14:52 ERROR] [main] (com.erp.task.DefaultFTPClient:438) - 结束上传拒付（SS）、清算(QS)、清算文件明细(NS)  文件...
[2017-12-31 13:14:52 ERROR] [main] (com.erp.task.OfflineHlhtTask:259) - java.lang.NullPointerException
[2017-12-31 13:14:52 ERROR] [main] (com.erp.task.DefaultFTPClient:438) - 脱机数据处理出现错误！null
[2017-12-31 13:14:52 ERROR] [main] (com.erp.task.DefaultFTPClient:438) - 结束上传Gf文件...
[2017-12-31 13:14:52 ERROR] [main] (com.erp.task.OfflineHlhtTask:152) - 上传上海FH文件有误:null
[2017-12-31 13:14:52 ERROR] [main] (com.erp.task.OfflineHlhtTask:157) - 上传全国FH文件有误:null
[2017-12-31 13:18:32 ERROR] [main] (com.erp.task.DefaultFTPClient:438) - 开始处理嘉善停车收费离线数据文件...
[2017-12-31 13:18:32 ERROR] [main] (com.erp.task.DefaultFTPClient:438) - FTP连接成功：220 Serv-U FTP Server v6.4 for WinSock ready...
[2017-12-31 13:18:32 ERROR] [main] (com.erp.task.DefaultFTPClient:438) - FTP登录成功：230 User logged in, proceed.
[2017-12-31 13:19:33 ERROR] [main] (com.erp.task.DefaultFTPClient:438) - 商户【100102100101450】移动文件/upload/XF2017121806100102100101450001出现错误:550 Permission denied.,将在下次处理时进行移动.
[2017-12-31 13:22:40 ERROR] [main] (com.erp.task.DefaultFTPClient:438) - 处理文件失败,位置在商户100102100101450,文件名称XF2017121806100102100101450001 , 商户【100102100101450】消费文件：upload/XF2017121806100102100101450001 重复,现在移到repeat目录下
[2017-12-31 13:22:41 ERROR] [main] (com.erp.task.DefaultFTPClient:438) - 结束处理嘉善停车收费离线数据文件...
[2017-12-31 13:22:41 ERROR] [main] (com.erp.task.DefaultFTPClient:438) - 开始验证消费数据TAC...
[2017-12-31 13:22:45 ERROR] [main] (com.erp.serviceImpl.OfflineDataProcessServiceImpl:345) - 未获取到需要验证TAC的数据文件...
[2017-12-31 13:22:45 ERROR] [main] (com.erp.task.DefaultFTPClient:438) - 验证XF消费数据 TAC出现错误！未获取到需要验证TAC的数据文件...
[2017-12-31 13:22:45 ERROR] [main] (com.erp.task.DefaultFTPClient:438) - 结束验证消费数据TAC...
[2017-12-31 13:22:45 ERROR] [main] (com.erp.task.OfflineHlhtTask:97) - 获取DF和DT有误:null
[2017-12-31 13:22:45 ERROR] [main] (com.erp.task.OfflineHlhtTask:104) - 处理DF和DT有误:null
[2017-12-31 13:22:45 ERROR] [main] (com.erp.task.DefaultFTPClient:438) - 开始脱机数据处理...
[2017-12-31 13:22:45 ERROR] [main] (com.erp.task.OfflineHlhtTask:180) - java.lang.NullPointerException
[2017-12-31 13:22:45 ERROR] [main] (com.erp.task.DefaultFTPClient:438) - 脱机数据处理出现错误！null
[2017-12-31 13:22:45 ERROR] [main] (com.erp.task.DefaultFTPClient:438) - 结束脱机数据处理...
[2017-12-31 13:22:45 ERROR] [main] (com.erp.task.DefaultFTPClient:438) - 开始脱机数据处理...
[2017-12-31 13:22:49 ERROR] [main] (com.erp.task.DefaultFTPClient:438) - 结束脱机数据处理...
[2017-12-31 13:22:49 ERROR] [main] (com.erp.task.DefaultFTPClient:438) - 开始上传拒付（SS）、清算(QS)、清算文件明细(NS)  文件...
[2017-12-31 13:22:49 ERROR] [main] (com.erp.task.OfflineHlhtTask:220) - com.erp.exception.CommonException: 获取ftp配置出错，请联系系统管理员！
[2017-12-31 13:22:49 ERROR] [main] (com.erp.task.DefaultFTPClient:438) - 脱机数据处理出现错误！获取ftp配置出错，请联系系统管理员！
[2017-12-31 13:22:49 ERROR] [main] (com.erp.task.DefaultFTPClient:438) - 结束上传拒付（SS）、清算(QS)、清算文件明细(NS)  文件...
[2017-12-31 13:22:49 ERROR] [main] (com.erp.task.OfflineHlhtTask:259) - java.lang.NullPointerException
[2017-12-31 13:22:49 ERROR] [main] (com.erp.task.DefaultFTPClient:438) - 脱机数据处理出现错误！null
[2017-12-31 13:22:49 ERROR] [main] (com.erp.task.DefaultFTPClient:438) - 结束上传Gf文件...
[2017-12-31 13:22:49 ERROR] [main] (com.erp.task.OfflineHlhtTask:152) - 上传上海FH文件有误:null
[2017-12-31 13:22:49 ERROR] [main] (com.erp.task.OfflineHlhtTask:157) - 上传全国FH文件有误:null
[2017-12-31 13:23:11 ERROR] [main] (com.erp.task.DefaultFTPClient:438) - 开始处理嘉善停车收费离线数据文件...
[2017-12-31 13:23:12 ERROR] [main] (com.erp.task.DefaultFTPClient:438) - FTP连接成功：220 Serv-U FTP Server v6.4 for WinSock ready...
[2017-12-31 13:23:12 ERROR] [main] (com.erp.task.DefaultFTPClient:438) - FTP登录成功：230 User logged in, proceed.
[2017-12-31 13:23:18 ERROR] [main] (com.erp.task.DefaultFTPClient:438) - 商户【100102100101450】移动文件/upload/XF2017121806100102100101450001出现错误:550 Permission denied.,将在下次处理时进行移动.
[2017-12-31 13:23:18 ERROR] [main] (com.erp.task.DefaultFTPClient:438) - 处理文件失败,位置在商户100102100101450,文件名称XF2017121806100102100101450001 , 商户【100102100101450】消费文件：upload/XF2017121806100102100101450001 重复,现在移到repeat目录下
[2017-12-31 13:23:18 ERROR] [main] (com.erp.task.DefaultFTPClient:438) - 结束处理嘉善停车收费离线数据文件...
[2017-12-31 13:23:18 ERROR] [main] (com.erp.task.DefaultFTPClient:438) - 开始验证消费数据TAC...
[2017-12-31 13:23:23 ERROR] [main] (com.erp.serviceImpl.OfflineDataProcessServiceImpl:345) - 未获取到需要验证TAC的数据文件...
[2017-12-31 13:23:23 ERROR] [main] (com.erp.task.DefaultFTPClient:438) - 验证XF消费数据 TAC出现错误！未获取到需要验证TAC的数据文件...
[2017-12-31 13:23:23 ERROR] [main] (com.erp.task.DefaultFTPClient:438) - 结束验证消费数据TAC...
[2017-12-31 13:23:23 ERROR] [main] (com.erp.task.OfflineHlhtTask:97) - 获取DF和DT有误:null
[2017-12-31 13:23:23 ERROR] [main] (com.erp.task.OfflineHlhtTask:104) - 处理DF和DT有误:null
[2017-12-31 13:23:23 ERROR] [main] (com.erp.task.DefaultFTPClient:438) - 开始脱机数据处理...
[2017-12-31 13:23:23 ERROR] [main] (com.erp.task.OfflineHlhtTask:180) - java.lang.NullPointerException
[2017-12-31 13:23:23 ERROR] [main] (com.erp.task.DefaultFTPClient:438) - 脱机数据处理出现错误！null
[2017-12-31 13:23:23 ERROR] [main] (com.erp.task.DefaultFTPClient:438) - 结束脱机数据处理...
[2017-12-31 13:23:23 ERROR] [main] (com.erp.task.DefaultFTPClient:438) - 开始脱机数据处理...
[2017-12-31 13:23:28 ERROR] [main] (com.erp.task.DefaultFTPClient:438) - 结束脱机数据处理...
[2017-12-31 13:23:28 ERROR] [main] (com.erp.task.DefaultFTPClient:438) - 开始上传拒付（SS）、清算(QS)、清算文件明细(NS)  文件...
[2017-12-31 13:23:28 ERROR] [main] (com.erp.task.OfflineHlhtTask:220) - com.erp.exception.CommonException: 获取ftp配置出错，请联系系统管理员！
[2017-12-31 13:23:28 ERROR] [main] (com.erp.task.DefaultFTPClient:438) - 脱机数据处理出现错误！获取ftp配置出错，请联系系统管理员！
[2017-12-31 13:23:28 ERROR] [main] (com.erp.task.DefaultFTPClient:438) - 结束上传拒付（SS）、清算(QS)、清算文件明细(NS)  文件...
[2017-12-31 13:23:28 ERROR] [main] (com.erp.task.OfflineHlhtTask:259) - java.lang.NullPointerException
[2017-12-31 13:23:28 ERROR] [main] (com.erp.task.DefaultFTPClient:438) - 脱机数据处理出现错误！null
[2017-12-31 13:23:28 ERROR] [main] (com.erp.task.DefaultFTPClient:438) - 结束上传Gf文件...
[2017-12-31 13:23:28 ERROR] [main] (com.erp.task.OfflineHlhtTask:152) - 上传上海FH文件有误:null
[2017-12-31 13:23:28 ERROR] [main] (com.erp.task.OfflineHlhtTask:157) - 上传全国FH文件有误:null
[2017-12-31 13:24:09 ERROR] [main] (com.erp.task.DefaultFTPClient:438) - 开始处理嘉善停车收费离线数据文件...
[2017-12-31 13:24:09 ERROR] [main] (com.erp.task.DefaultFTPClient:438) - FTP连接成功：220 Serv-U FTP Server v6.4 for WinSock ready...
[2017-12-31 13:24:10 ERROR] [main] (com.erp.task.DefaultFTPClient:438) - FTP登录成功：230 User logged in, proceed.
[2017-12-31 13:24:18 ERROR] [main] (com.erp.task.DefaultFTPClient:438) - /upload/XF2017121806100102100101450001处理成功.
[2017-12-31 13:24:18 ERROR] [main] (com.erp.task.DefaultFTPClient:438) - 结束处理嘉善停车收费离线数据文件...
[2017-12-31 13:24:18 ERROR] [main] (com.erp.task.DefaultFTPClient:438) - 开始验证消费数据TAC...
[2017-12-31 13:24:26 ERROR] [main] (com.erp.task.DefaultFTPClient:438) - 结束验证消费数据TAC...
[2017-12-31 13:24:26 ERROR] [main] (com.erp.task.OfflineHlhtTask:97) - 获取DF和DT有误:null
[2017-12-31 13:24:26 ERROR] [main] (com.erp.task.OfflineHlhtTask:104) - 处理DF和DT有误:null
[2017-12-31 13:24:26 ERROR] [main] (com.erp.task.DefaultFTPClient:438) - 开始脱机数据处理...
[2017-12-31 13:24:26 ERROR] [main] (com.erp.task.OfflineHlhtTask:180) - java.lang.NullPointerException
[2017-12-31 13:24:26 ERROR] [main] (com.erp.task.DefaultFTPClient:438) - 脱机数据处理出现错误！null
[2017-12-31 13:24:26 ERROR] [main] (com.erp.task.DefaultFTPClient:438) - 结束脱机数据处理...
[2017-12-31 13:24:26 ERROR] [main] (com.erp.task.DefaultFTPClient:438) - 开始脱机数据处理...
[2017-12-31 13:24:30 ERROR] [main] (com.erp.task.DefaultFTPClient:438) - 结束脱机数据处理...
[2017-12-31 13:24:30 ERROR] [main] (com.erp.task.DefaultFTPClient:438) - 开始上传拒付（SS）、清算(QS)、清算文件明细(NS)  文件...
[2017-12-31 13:24:30 ERROR] [main] (com.erp.task.OfflineHlhtTask:220) - com.erp.exception.CommonException: 获取ftp配置出错，请联系系统管理员！
[2017-12-31 13:24:30 ERROR] [main] (com.erp.task.DefaultFTPClient:438) - 脱机数据处理出现错误！获取ftp配置出错，请联系系统管理员！
[2017-12-31 13:24:30 ERROR] [main] (com.erp.task.DefaultFTPClient:438) - 结束上传拒付（SS）、清算(QS)、清算文件明细(NS)  文件...
[2017-12-31 13:24:30 ERROR] [main] (com.erp.task.DefaultFTPClient:438) - 开始上传嘉善拒付（SS）、清算(QS)、清算文件明细(NS)  文件...
[2017-12-31 13:24:34 ERROR] [main] (com.erp.task.DefaultFTPClient:438) - FTP连接成功：220 Serv-U FTP Server v6.4 for WinSock ready...
[2017-12-31 13:24:34 ERROR] [main] (com.erp.task.DefaultFTPClient:438) - FTP登录成功：230 User logged in, proceed.
[2017-12-31 13:24:41 ERROR] [main] (com.erp.task.DefaultFTPClient:438) - 结束上传嘉善拒付（SS）、清算(QS)、清算文件明细(NS)  文件...
[2017-12-31 13:24:41 ERROR] [main] (com.erp.task.OfflineHlhtTask:259) - java.lang.NullPointerException
[2017-12-31 13:24:41 ERROR] [main] (com.erp.task.DefaultFTPClient:438) - 脱机数据处理出现错误！null
[2017-12-31 13:24:41 ERROR] [main] (com.erp.task.DefaultFTPClient:438) - 结束上传Gf文件...
[2017-12-31 13:24:41 ERROR] [main] (com.erp.task.OfflineHlhtTask:152) - 上传上海FH文件有误:null
[2017-12-31 13:24:41 ERROR] [main] (com.erp.task.OfflineHlhtTask:157) - 上传全国FH文件有误:null
[2017-12-31 13:29:16 ERROR] [main] (com.erp.task.DefaultFTPClient:438) - 开始处理嘉善停车收费离线数据文件...
[2017-12-31 13:29:17 ERROR] [main] (com.erp.task.DefaultFTPClient:438) - FTP连接成功：220 Serv-U FTP Server v6.4 for WinSock ready...
[2017-12-31 13:29:17 ERROR] [main] (com.erp.task.DefaultFTPClient:438) - FTP登录成功：230 User logged in, proceed.
[2017-12-31 13:31:18 ERROR] [main] (com.erp.task.DefaultFTPClient:438) - 商户【100102100101450】移动文件/upload/XF2017121806100102100101450001出现错误:550 Permission denied.,将在下次处理时进行移动.
[2017-12-31 13:31:18 ERROR] [main] (com.erp.task.DefaultFTPClient:438) - 处理文件失败,位置在商户100102100101450,文件名称XF2017121806100102100101450001 , 商户【100102100101450】消费文件：upload/XF2017121806100102100101450001 重复,现在移到repeat目录下
[2017-12-31 13:31:18 ERROR] [main] (com.erp.task.DefaultFTPClient:438) - 结束处理嘉善停车收费离线数据文件...
[2017-12-31 13:31:18 ERROR] [main] (com.erp.task.DefaultFTPClient:438) - 开始验证消费数据TAC...
[2017-12-31 13:31:23 ERROR] [main] (com.erp.serviceImpl.OfflineDataProcessServiceImpl:345) - 未获取到需要验证TAC的数据文件...
[2017-12-31 13:31:23 ERROR] [main] (com.erp.task.DefaultFTPClient:438) - 验证XF消费数据 TAC出现错误！未获取到需要验证TAC的数据文件...
[2017-12-31 13:31:23 ERROR] [main] (com.erp.task.DefaultFTPClient:438) - 结束验证消费数据TAC...
[2017-12-31 13:31:23 ERROR] [main] (com.erp.task.OfflineHlhtTask:97) - 获取DF和DT有误:null
[2017-12-31 13:31:23 ERROR] [main] (com.erp.task.OfflineHlhtTask:104) - 处理DF和DT有误:null
[2017-12-31 13:31:23 ERROR] [main] (com.erp.task.DefaultFTPClient:438) - 开始脱机数据处理...
[2017-12-31 13:31:23 ERROR] [main] (com.erp.task.OfflineHlhtTask:180) - java.lang.NullPointerException
[2017-12-31 13:31:23 ERROR] [main] (com.erp.task.DefaultFTPClient:438) - 脱机数据处理出现错误！null
[2017-12-31 13:31:23 ERROR] [main] (com.erp.task.DefaultFTPClient:438) - 结束脱机数据处理...
[2017-12-31 13:31:23 ERROR] [main] (com.erp.task.DefaultFTPClient:438) - 开始脱机数据处理...
[2017-12-31 13:31:27 ERROR] [main] (com.erp.task.DefaultFTPClient:438) - 结束脱机数据处理...
[2017-12-31 13:31:27 ERROR] [main] (com.erp.task.DefaultFTPClient:438) - 开始上传拒付（SS）、清算(QS)、清算文件明细(NS)  文件...
[2017-12-31 13:31:27 ERROR] [main] (com.erp.task.OfflineHlhtTask:220) - com.erp.exception.CommonException: 获取ftp配置出错，请联系系统管理员！
[2017-12-31 13:31:27 ERROR] [main] (com.erp.task.DefaultFTPClient:438) - 脱机数据处理出现错误！获取ftp配置出错，请联系系统管理员！
[2017-12-31 13:31:27 ERROR] [main] (com.erp.task.DefaultFTPClient:438) - 结束上传拒付（SS）、清算(QS)、清算文件明细(NS)  文件...
[2017-12-31 13:31:27 ERROR] [main] (com.erp.task.OfflineHlhtTask:259) - java.lang.NullPointerException
[2017-12-31 13:31:27 ERROR] [main] (com.erp.task.DefaultFTPClient:438) - 脱机数据处理出现错误！null
[2017-12-31 13:31:27 ERROR] [main] (com.erp.task.DefaultFTPClient:438) - 结束上传Gf文件...
[2017-12-31 13:31:27 ERROR] [main] (com.erp.task.OfflineHlhtTask:152) - 上传上海FH文件有误:null
[2017-12-31 13:31:27 ERROR] [main] (com.erp.task.OfflineHlhtTask:157) - 上传全国FH文件有误:null
[2017-12-31 13:31:52 ERROR] [main] (com.erp.task.DefaultFTPClient:438) - 开始处理嘉善停车收费离线数据文件...
[2017-12-31 13:31:52 ERROR] [main] (com.erp.task.DefaultFTPClient:438) - FTP连接成功：220 Serv-U FTP Server v6.4 for WinSock ready...
[2017-12-31 13:31:53 ERROR] [main] (com.erp.task.DefaultFTPClient:438) - FTP登录成功：230 User logged in, proceed.
[2017-12-31 13:40:34 ERROR] [main] (com.erp.task.DefaultFTPClient:438) - 开始处理嘉善停车收费离线数据文件...
[2017-12-31 13:40:35 ERROR] [main] (com.erp.task.DefaultFTPClient:438) - FTP连接成功：220 Serv-U FTP Server v6.4 for WinSock ready...
[2017-12-31 13:40:35 ERROR] [main] (com.erp.task.DefaultFTPClient:438) - FTP登录成功：230 User logged in, proceed.
[2017-12-31 13:40:35 ERROR] [main] (com.erp.task.DefaultFTPClient:438) - 未获取到指定目录下的文件：/upload/
[2017-12-31 13:40:35 ERROR] [main] (com.erp.task.DefaultFTPClient:438) - 结束处理嘉善停车收费离线数据文件...
[2017-12-31 13:40:35 ERROR] [main] (com.erp.task.DefaultFTPClient:438) - 开始验证消费数据TAC...
[2017-12-31 13:40:40 ERROR] [main] (com.erp.serviceImpl.OfflineDataProcessServiceImpl:345) - 未获取到需要验证TAC的数据文件...
[2017-12-31 13:40:40 ERROR] [main] (com.erp.task.DefaultFTPClient:438) - 验证XF消费数据 TAC出现错误！未获取到需要验证TAC的数据文件...
[2017-12-31 13:40:40 ERROR] [main] (com.erp.task.DefaultFTPClient:438) - 结束验证消费数据TAC...
[2017-12-31 13:40:40 ERROR] [main] (com.erp.task.OfflineHlhtTask:97) - 获取DF和DT有误:null
[2017-12-31 13:40:40 ERROR] [main] (com.erp.task.OfflineHlhtTask:104) - 处理DF和DT有误:null
[2017-12-31 13:40:40 ERROR] [main] (com.erp.task.DefaultFTPClient:438) - 开始脱机数据处理...
[2017-12-31 13:40:40 ERROR] [main] (com.erp.task.OfflineHlhtTask:180) - java.lang.NullPointerException
[2017-12-31 13:40:40 ERROR] [main] (com.erp.task.DefaultFTPClient:438) - 脱机数据处理出现错误！null
[2017-12-31 13:40:40 ERROR] [main] (com.erp.task.DefaultFTPClient:438) - 结束脱机数据处理...
[2017-12-31 13:40:40 ERROR] [main] (com.erp.task.DefaultFTPClient:438) - 开始脱机数据处理...
[2017-12-31 13:40:45 ERROR] [main] (com.erp.task.DefaultFTPClient:438) - 结束脱机数据处理...
[2017-12-31 13:40:45 ERROR] [main] (com.erp.task.DefaultFTPClient:438) - 开始上传拒付（SS）、清算(QS)、清算文件明细(NS)  文件...
[2017-12-31 13:40:45 ERROR] [main] (com.erp.task.OfflineHlhtTask:220) - com.erp.exception.CommonException: 获取ftp配置出错，请联系系统管理员！
[2017-12-31 13:40:45 ERROR] [main] (com.erp.task.DefaultFTPClient:438) - 脱机数据处理出现错误！获取ftp配置出错，请联系系统管理员！
[2017-12-31 13:40:45 ERROR] [main] (com.erp.task.DefaultFTPClient:438) - 结束上传拒付（SS）、清算(QS)、清算文件明细(NS)  文件...
[2017-12-31 13:40:45 ERROR] [main] (com.erp.task.OfflineHlhtTask:259) - java.lang.NullPointerException
[2017-12-31 13:40:45 ERROR] [main] (com.erp.task.DefaultFTPClient:438) - 脱机数据处理出现错误！null
[2017-12-31 13:40:45 ERROR] [main] (com.erp.task.DefaultFTPClient:438) - 结束上传Gf文件...
[2017-12-31 13:40:45 ERROR] [main] (com.erp.task.OfflineHlhtTask:152) - 上传上海FH文件有误:null
[2017-12-31 13:40:45 ERROR] [main] (com.erp.task.OfflineHlhtTask:157) - 上传全国FH文件有误:null
[2017-12-31 13:42:12 ERROR] [main] (com.erp.task.DefaultFTPClient:438) - 开始处理嘉善停车收费离线数据文件...
[2017-12-31 13:42:13 ERROR] [main] (com.erp.task.DefaultFTPClient:438) - FTP连接成功：220 Serv-U FTP Server v6.4 for WinSock ready...
[2017-12-31 13:42:13 ERROR] [main] (com.erp.task.DefaultFTPClient:438) - FTP登录成功：230 User logged in, proceed.
[2017-12-31 13:42:13 ERROR] [main] (com.erp.task.DefaultFTPClient:438) - 未获取到指定目录下的文件：/upload/
[2017-12-31 13:42:13 ERROR] [main] (com.erp.task.DefaultFTPClient:438) - 结束处理嘉善停车收费离线数据文件...
[2017-12-31 13:42:13 ERROR] [main] (com.erp.task.DefaultFTPClient:438) - 开始验证消费数据TAC...
[2017-12-31 13:42:17 ERROR] [main] (com.erp.serviceImpl.OfflineDataProcessServiceImpl:345) - 未获取到需要验证TAC的数据文件...
[2017-12-31 13:42:17 ERROR] [main] (com.erp.task.DefaultFTPClient:438) - 验证XF消费数据 TAC出现错误！未获取到需要验证TAC的数据文件...
[2017-12-31 13:42:18 ERROR] [main] (com.erp.task.DefaultFTPClient:438) - 结束验证消费数据TAC...
[2017-12-31 13:42:18 ERROR] [main] (com.erp.task.OfflineHlhtTask:97) - 获取DF和DT有误:null
[2017-12-31 13:42:18 ERROR] [main] (com.erp.task.OfflineHlhtTask:104) - 处理DF和DT有误:null
[2017-12-31 13:42:18 ERROR] [main] (com.erp.task.DefaultFTPClient:438) - 开始脱机数据处理...
[2017-12-31 13:42:18 ERROR] [main] (com.erp.task.OfflineHlhtTask:180) - java.lang.NullPointerException
[2017-12-31 13:42:18 ERROR] [main] (com.erp.task.DefaultFTPClient:438) - 脱机数据处理出现错误！null
[2017-12-31 13:42:18 ERROR] [main] (com.erp.task.DefaultFTPClient:438) - 结束脱机数据处理...
[2017-12-31 13:42:18 ERROR] [main] (com.erp.task.DefaultFTPClient:438) - 开始脱机数据处理...
[2017-12-31 13:42:21 ERROR] [main] (com.erp.task.DefaultFTPClient:438) - 结束脱机数据处理...
[2017-12-31 13:42:21 ERROR] [main] (com.erp.task.DefaultFTPClient:438) - 开始上传拒付（SS）、清算(QS)、清算文件明细(NS)  文件...
[2017-12-31 13:42:21 ERROR] [main] (com.erp.task.OfflineHlhtTask:220) - com.erp.exception.CommonException: 获取ftp配置出错，请联系系统管理员！
[2017-12-31 13:42:21 ERROR] [main] (com.erp.task.DefaultFTPClient:438) - 脱机数据处理出现错误！获取ftp配置出错，请联系系统管理员！
[2017-12-31 13:42:21 ERROR] [main] (com.erp.task.DefaultFTPClient:438) - 结束上传拒付（SS）、清算(QS)、清算文件明细(NS)  文件...
[2017-12-31 13:42:21 ERROR] [main] (com.erp.task.OfflineHlhtTask:259) - java.lang.NullPointerException
[2017-12-31 13:42:21 ERROR] [main] (com.erp.task.DefaultFTPClient:438) - 脱机数据处理出现错误！null
[2017-12-31 13:42:21 ERROR] [main] (com.erp.task.DefaultFTPClient:438) - 结束上传Gf文件...
[2017-12-31 13:42:21 ERROR] [main] (com.erp.task.OfflineHlhtTask:152) - 上传上海FH文件有误:null
[2017-12-31 13:42:21 ERROR] [main] (com.erp.task.OfflineHlhtTask:157) - 上传全国FH文件有误:null
[2017-12-31 13:46:38 ERROR] [main] (com.erp.task.DefaultFTPClient:438) - 开始处理嘉善停车收费离线数据文件...
[2017-12-31 13:46:46 ERROR] [main] (com.erp.task.DefaultFTPClient:438) - FTP连接成功：220 Serv-U FTP Server v6.4 for WinSock ready...
[2017-12-31 13:46:49 ERROR] [main] (com.erp.task.DefaultFTPClient:438) - FTP登录成功：230 User logged in, proceed.
[2017-12-31 13:46:53 ERROR] [main] (com.erp.task.DefaultFTPClient:438) - 未获取到指定目录下的文件：/upload/
