[2017-12-26 18:04:51 ERROR] [main] (com.erp.task.DefaultFTPClient:438) - 开始处理嘉善停车收费离线数据文件...
[2017-12-26 18:04:51 ERROR] [main] (com.erp.task.DefaultFTPClient:438) - 结束处理嘉善停车收费离线数据文件...
[2017-12-26 18:04:51 ERROR] [main] (com.erp.task.DefaultFTPClient:438) - 开始验证消费数据TAC...
[2017-12-26 18:04:51 ERROR] [main] (com.erp.task.OfflineHlhtTask:446) - java.lang.NullPointerException
[2017-12-26 18:04:51 ERROR] [main] (com.erp.task.DefaultFTPClient:438) - 验证XF消费数据 TAC出现错误！null
[2017-12-26 18:04:51 ERROR] [main] (com.erp.task.DefaultFTPClient:438) - 结束验证消费数据TAC...
[2017-12-26 18:04:51 ERROR] [main] (com.erp.task.OfflineHlhtTask:93) - 获取DF和DT有误:null
[2017-12-26 18:04:51 ERROR] [main] (com.erp.task.OfflineHlhtTask:100) - 处理DF和DT有误:null
[2017-12-26 18:04:51 ERROR] [main] (com.erp.task.DefaultFTPClient:438) - 开始脱机数据处理...
[2017-12-26 18:04:51 ERROR] [main] (com.erp.task.OfflineHlhtTask:173) - java.lang.NullPointerException
[2017-12-26 18:04:51 ERROR] [main] (com.erp.task.DefaultFTPClient:438) - 脱机数据处理出现错误！null
[2017-12-26 18:04:51 ERROR] [main] (com.erp.task.DefaultFTPClient:438) - 结束脱机数据处理...
[2017-12-26 18:04:51 ERROR] [main] (com.erp.task.DefaultFTPClient:438) - 开始脱机数据处理...
[2017-12-26 18:04:51 ERROR] [main] (com.erp.task.OfflineHlhtTask:190) - java.lang.NullPointerException
[2017-12-26 18:04:51 ERROR] [main] (com.erp.task.DefaultFTPClient:438) - 脱机数据处理出现错误！null
[2017-12-26 18:04:51 ERROR] [main] (com.erp.task.DefaultFTPClient:438) - 结束脱机数据处理...
[2017-12-26 18:04:51 ERROR] [main] (com.erp.task.DefaultFTPClient:438) - 开始上传拒付（SS）、清算(QS)、清算文件明细(NS)  文件...
[2017-12-26 18:04:51 ERROR] [main] (com.erp.task.OfflineHlhtTask:211) - com.erp.exception.CommonException: 获取ftp配置出错，请联系系统管理员！
[2017-12-26 18:04:51 ERROR] [main] (com.erp.task.DefaultFTPClient:438) - 脱机数据处理出现错误！获取ftp配置出错，请联系系统管理员！
[2017-12-26 18:04:51 ERROR] [main] (com.erp.task.DefaultFTPClient:438) - 结束上传拒付（SS）、清算(QS)、清算文件明细(NS)  文件...
[2017-12-26 18:04:51 ERROR] [main] (com.erp.task.DefaultFTPClient:438) - 开始上传嘉善拒付（SS）、清算(QS)、清算文件明细(NS)  文件...
[2017-12-26 18:04:51 ERROR] [main] (com.erp.task.OfflineHlhtTask:232) - com.erp.exception.CommonException: 获取ftp配置出错，请联系系统管理员！
[2017-12-26 18:04:51 ERROR] [main] (com.erp.task.DefaultFTPClient:438) - 脱机数据处理出现错误！获取ftp配置出错，请联系系统管理员！
[2017-12-26 18:04:51 ERROR] [main] (com.erp.task.DefaultFTPClient:438) - 结束上传嘉善拒付（SS）、清算(QS)、清算文件明细(NS)  文件...
[2017-12-26 18:04:51 ERROR] [main] (com.erp.task.OfflineHlhtTask:248) - java.lang.NullPointerException
[2017-12-26 18:04:51 ERROR] [main] (com.erp.task.DefaultFTPClient:438) - 脱机数据处理出现错误！null
[2017-12-26 18:04:51 ERROR] [main] (com.erp.task.DefaultFTPClient:438) - 结束上传Gf文件...
[2017-12-26 18:04:51 ERROR] [main] (com.erp.task.OfflineHlhtTask:145) - 上传上海FH文件有误:null
[2017-12-26 18:04:51 ERROR] [main] (com.erp.task.OfflineHlhtTask:150) - 上传全国FH文件有误:null
[2017-12-26 18:05:41 ERROR] [main] (com.erp.task.DefaultFTPClient:438) - 开始处理嘉善停车收费离线数据文件...
[2017-12-26 18:05:41 ERROR] [main] (com.erp.task.DefaultFTPClient:438) - 结束处理嘉善停车收费离线数据文件...
[2017-12-26 18:05:41 ERROR] [main] (com.erp.task.DefaultFTPClient:438) - 开始验证消费数据TAC...
[2017-12-26 18:05:41 ERROR] [main] (com.erp.task.OfflineHlhtTask:446) - java.lang.NullPointerException
[2017-12-26 18:05:41 ERROR] [main] (com.erp.task.DefaultFTPClient:438) - 验证XF消费数据 TAC出现错误！null
[2017-12-26 18:05:41 ERROR] [main] (com.erp.task.DefaultFTPClient:438) - 结束验证消费数据TAC...
[2017-12-26 18:05:41 ERROR] [main] (com.erp.task.OfflineHlhtTask:93) - 获取DF和DT有误:null
[2017-12-26 18:05:41 ERROR] [main] (com.erp.task.OfflineHlhtTask:100) - 处理DF和DT有误:null
[2017-12-26 18:05:41 ERROR] [main] (com.erp.task.DefaultFTPClient:438) - 开始脱机数据处理...
[2017-12-26 18:05:41 ERROR] [main] (com.erp.task.OfflineHlhtTask:173) - java.lang.NullPointerException
[2017-12-26 18:05:41 ERROR] [main] (com.erp.task.DefaultFTPClient:438) - 脱机数据处理出现错误！null
[2017-12-26 18:05:41 ERROR] [main] (com.erp.task.DefaultFTPClient:438) - 结束脱机数据处理...
[2017-12-26 18:05:41 ERROR] [main] (com.erp.task.DefaultFTPClient:438) - 开始脱机数据处理...
[2017-12-26 18:05:41 ERROR] [main] (com.erp.task.OfflineHlhtTask:190) - java.lang.NullPointerException
[2017-12-26 18:05:41 ERROR] [main] (com.erp.task.DefaultFTPClient:438) - 脱机数据处理出现错误！null
[2017-12-26 18:05:41 ERROR] [main] (com.erp.task.DefaultFTPClient:438) - 结束脱机数据处理...
[2017-12-26 18:05:41 ERROR] [main] (com.erp.task.DefaultFTPClient:438) - 开始上传拒付（SS）、清算(QS)、清算文件明细(NS)  文件...
[2017-12-26 18:05:41 ERROR] [main] (com.erp.task.OfflineHlhtTask:211) - com.erp.exception.CommonException: 获取ftp配置出错，请联系系统管理员！
[2017-12-26 18:05:41 ERROR] [main] (com.erp.task.DefaultFTPClient:438) - 脱机数据处理出现错误！获取ftp配置出错，请联系系统管理员！
[2017-12-26 18:05:41 ERROR] [main] (com.erp.task.DefaultFTPClient:438) - 结束上传拒付（SS）、清算(QS)、清算文件明细(NS)  文件...
[2017-12-26 18:05:41 ERROR] [main] (com.erp.task.DefaultFTPClient:438) - 开始上传嘉善拒付（SS）、清算(QS)、清算文件明细(NS)  文件...
[2017-12-26 18:05:41 ERROR] [main] (com.erp.task.OfflineHlhtTask:232) - com.erp.exception.CommonException: 获取ftp配置出错，请联系系统管理员！
[2017-12-26 18:05:41 ERROR] [main] (com.erp.task.DefaultFTPClient:438) - 脱机数据处理出现错误！获取ftp配置出错，请联系系统管理员！
[2017-12-26 18:05:41 ERROR] [main] (com.erp.task.DefaultFTPClient:438) - 结束上传嘉善拒付（SS）、清算(QS)、清算文件明细(NS)  文件...
[2017-12-26 18:05:41 ERROR] [main] (com.erp.task.OfflineHlhtTask:248) - java.lang.NullPointerException
[2017-12-26 18:05:41 ERROR] [main] (com.erp.task.DefaultFTPClient:438) - 脱机数据处理出现错误！null
[2017-12-26 18:05:41 ERROR] [main] (com.erp.task.DefaultFTPClient:438) - 结束上传Gf文件...
[2017-12-26 18:05:41 ERROR] [main] (com.erp.task.OfflineHlhtTask:145) - 上传上海FH文件有误:null
[2017-12-26 18:05:41 ERROR] [main] (com.erp.task.OfflineHlhtTask:150) - 上传全国FH文件有误:null
[2017-12-26 18:05:57 ERROR] [main] (com.erp.task.DefaultFTPClient:438) - 开始处理嘉善停车收费离线数据文件...
[2017-12-26 18:05:57 ERROR] [main] (com.erp.task.DefaultFTPClient:438) - 结束处理嘉善停车收费离线数据文件...
[2017-12-26 18:05:57 ERROR] [main] (com.erp.task.DefaultFTPClient:438) - 开始验证消费数据TAC...
[2017-12-26 18:05:57 ERROR] [main] (com.erp.task.OfflineHlhtTask:446) - java.lang.NullPointerException
[2017-12-26 18:05:57 ERROR] [main] (com.erp.task.DefaultFTPClient:438) - 验证XF消费数据 TAC出现错误！null
[2017-12-26 18:05:57 ERROR] [main] (com.erp.task.DefaultFTPClient:438) - 结束验证消费数据TAC...
[2017-12-26 18:05:57 ERROR] [main] (com.erp.task.OfflineHlhtTask:93) - 获取DF和DT有误:null
[2017-12-26 18:05:57 ERROR] [main] (com.erp.task.OfflineHlhtTask:100) - 处理DF和DT有误:null
[2017-12-26 18:05:57 ERROR] [main] (com.erp.task.DefaultFTPClient:438) - 开始脱机数据处理...
[2017-12-26 18:05:57 ERROR] [main] (com.erp.task.OfflineHlhtTask:173) - java.lang.NullPointerException
[2017-12-26 18:05:57 ERROR] [main] (com.erp.task.DefaultFTPClient:438) - 脱机数据处理出现错误！null
[2017-12-26 18:05:57 ERROR] [main] (com.erp.task.DefaultFTPClient:438) - 结束脱机数据处理...
[2017-12-26 18:05:57 ERROR] [main] (com.erp.task.DefaultFTPClient:438) - 开始脱机数据处理...
[2017-12-26 18:05:57 ERROR] [main] (com.erp.task.OfflineHlhtTask:190) - java.lang.NullPointerException
[2017-12-26 18:05:57 ERROR] [main] (com.erp.task.DefaultFTPClient:438) - 脱机数据处理出现错误！null
[2017-12-26 18:05:57 ERROR] [main] (com.erp.task.DefaultFTPClient:438) - 结束脱机数据处理...
[2017-12-26 18:05:57 ERROR] [main] (com.erp.task.DefaultFTPClient:438) - 开始上传拒付（SS）、清算(QS)、清算文件明细(NS)  文件...
[2017-12-26 18:05:57 ERROR] [main] (com.erp.task.OfflineHlhtTask:211) - com.erp.exception.CommonException: 获取ftp配置出错，请联系系统管理员！
[2017-12-26 18:05:57 ERROR] [main] (com.erp.task.DefaultFTPClient:438) - 脱机数据处理出现错误！获取ftp配置出错，请联系系统管理员！
[2017-12-26 18:05:57 ERROR] [main] (com.erp.task.DefaultFTPClient:438) - 结束上传拒付（SS）、清算(QS)、清算文件明细(NS)  文件...
[2017-12-26 18:05:57 ERROR] [main] (com.erp.task.DefaultFTPClient:438) - 开始上传嘉善拒付（SS）、清算(QS)、清算文件明细(NS)  文件...
[2017-12-26 18:05:57 ERROR] [main] (com.erp.task.OfflineHlhtTask:232) - com.erp.exception.CommonException: 获取ftp配置出错，请联系系统管理员！
[2017-12-26 18:05:57 ERROR] [main] (com.erp.task.DefaultFTPClient:438) - 脱机数据处理出现错误！获取ftp配置出错，请联系系统管理员！
[2017-12-26 18:05:57 ERROR] [main] (com.erp.task.DefaultFTPClient:438) - 结束上传嘉善拒付（SS）、清算(QS)、清算文件明细(NS)  文件...
[2017-12-26 18:05:57 ERROR] [main] (com.erp.task.OfflineHlhtTask:248) - java.lang.NullPointerException
[2017-12-26 18:05:57 ERROR] [main] (com.erp.task.DefaultFTPClient:438) - 脱机数据处理出现错误！null
[2017-12-26 18:05:57 ERROR] [main] (com.erp.task.DefaultFTPClient:438) - 结束上传Gf文件...
[2017-12-26 18:05:57 ERROR] [main] (com.erp.task.OfflineHlhtTask:145) - 上传上海FH文件有误:null
[2017-12-26 18:05:57 ERROR] [main] (com.erp.task.OfflineHlhtTask:150) - 上传全国FH文件有误:null
[2017-12-26 18:07:46 ERROR] [main] (com.erp.task.DefaultFTPClient:438) - 开始处理嘉善停车收费离线数据文件...
[2017-12-26 18:07:46 ERROR] [main] (com.erp.task.DefaultFTPClient:438) - 结束处理嘉善停车收费离线数据文件...
[2017-12-26 18:07:56 ERROR] [main] (com.erp.task.DefaultFTPClient:438) - 开始验证消费数据TAC...
[2017-12-26 18:07:56 ERROR] [main] (com.erp.task.OfflineHlhtTask:446) - java.lang.NullPointerException
[2017-12-26 18:07:56 ERROR] [main] (com.erp.task.DefaultFTPClient:438) - 验证XF消费数据 TAC出现错误！null
[2017-12-26 18:07:56 ERROR] [main] (com.erp.task.DefaultFTPClient:438) - 结束验证消费数据TAC...
[2017-12-26 18:08:27 ERROR] [main] (com.erp.task.DefaultFTPClient:438) - 开始处理嘉善停车收费离线数据文件...
[2017-12-26 18:08:27 ERROR] [main] (com.erp.task.DefaultFTPClient:438) - 结束处理嘉善停车收费离线数据文件...
[2017-12-26 18:08:38 ERROR] [main] (com.erp.task.DefaultFTPClient:438) - 开始验证消费数据TAC...
[2017-12-26 18:08:38 ERROR] [main] (com.erp.task.OfflineHlhtTask:446) - java.lang.NullPointerException
[2017-12-26 18:08:38 ERROR] [main] (com.erp.task.DefaultFTPClient:438) - 验证XF消费数据 TAC出现错误！null
[2017-12-26 18:08:38 ERROR] [main] (com.erp.task.DefaultFTPClient:438) - 结束验证消费数据TAC...
[2017-12-26 18:08:38 ERROR] [main] (com.erp.task.OfflineHlhtTask:93) - 获取DF和DT有误:null
[2017-12-26 18:08:38 ERROR] [main] (com.erp.task.OfflineHlhtTask:100) - 处理DF和DT有误:null
[2017-12-26 18:08:38 ERROR] [main] (com.erp.task.DefaultFTPClient:438) - 开始脱机数据处理...
[2017-12-26 18:08:38 ERROR] [main] (com.erp.task.OfflineHlhtTask:173) - java.lang.NullPointerException
[2017-12-26 18:08:38 ERROR] [main] (com.erp.task.DefaultFTPClient:438) - 脱机数据处理出现错误！null
[2017-12-26 18:08:38 ERROR] [main] (com.erp.task.DefaultFTPClient:438) - 结束脱机数据处理...
[2017-12-26 18:08:38 ERROR] [main] (com.erp.task.DefaultFTPClient:438) - 开始脱机数据处理...
[2017-12-26 18:08:38 ERROR] [main] (com.erp.task.OfflineHlhtTask:190) - java.lang.NullPointerException
[2017-12-26 18:08:38 ERROR] [main] (com.erp.task.DefaultFTPClient:438) - 脱机数据处理出现错误！null
[2017-12-26 18:08:38 ERROR] [main] (com.erp.task.DefaultFTPClient:438) - 结束脱机数据处理...
[2017-12-26 18:08:38 ERROR] [main] (com.erp.task.DefaultFTPClient:438) - 开始上传拒付（SS）、清算(QS)、清算文件明细(NS)  文件...
[2017-12-26 18:08:38 ERROR] [main] (com.erp.task.OfflineHlhtTask:211) - com.erp.exception.CommonException: 获取ftp配置出错，请联系系统管理员！
[2017-12-26 18:08:38 ERROR] [main] (com.erp.task.DefaultFTPClient:438) - 脱机数据处理出现错误！获取ftp配置出错，请联系系统管理员！
[2017-12-26 18:08:38 ERROR] [main] (com.erp.task.DefaultFTPClient:438) - 结束上传拒付（SS）、清算(QS)、清算文件明细(NS)  文件...
[2017-12-26 18:08:38 ERROR] [main] (com.erp.task.DefaultFTPClient:438) - 开始上传嘉善拒付（SS）、清算(QS)、清算文件明细(NS)  文件...
[2017-12-26 18:08:38 ERROR] [main] (com.erp.task.OfflineHlhtTask:232) - com.erp.exception.CommonException: 获取ftp配置出错，请联系系统管理员！
[2017-12-26 18:08:38 ERROR] [main] (com.erp.task.DefaultFTPClient:438) - 脱机数据处理出现错误！获取ftp配置出错，请联系系统管理员！
[2017-12-26 18:08:38 ERROR] [main] (com.erp.task.DefaultFTPClient:438) - 结束上传嘉善拒付（SS）、清算(QS)、清算文件明细(NS)  文件...
[2017-12-26 18:08:38 ERROR] [main] (com.erp.task.OfflineHlhtTask:248) - java.lang.NullPointerException
[2017-12-26 18:08:38 ERROR] [main] (com.erp.task.DefaultFTPClient:438) - 脱机数据处理出现错误！null
[2017-12-26 18:08:38 ERROR] [main] (com.erp.task.DefaultFTPClient:438) - 结束上传Gf文件...
[2017-12-26 18:08:38 ERROR] [main] (com.erp.task.OfflineHlhtTask:145) - 上传上海FH文件有误:null
[2017-12-26 18:08:38 ERROR] [main] (com.erp.task.OfflineHlhtTask:150) - 上传全国FH文件有误:null
[2017-12-26 18:08:56 ERROR] [main] (com.erp.task.DefaultFTPClient:438) - 开始处理嘉善停车收费离线数据文件...
[2017-12-26 18:08:56 ERROR] [main] (com.erp.task.DefaultFTPClient:438) - 结束处理嘉善停车收费离线数据文件...
[2017-12-26 18:08:56 ERROR] [main] (com.erp.task.DefaultFTPClient:438) - 开始验证消费数据TAC...
[2017-12-26 18:08:56 ERROR] [main] (com.erp.task.OfflineHlhtTask:446) - java.lang.NullPointerException
[2017-12-26 18:08:56 ERROR] [main] (com.erp.task.DefaultFTPClient:438) - 验证XF消费数据 TAC出现错误！null
[2017-12-26 18:08:56 ERROR] [main] (com.erp.task.DefaultFTPClient:438) - 结束验证消费数据TAC...
[2017-12-26 18:08:56 ERROR] [main] (com.erp.task.OfflineHlhtTask:93) - 获取DF和DT有误:null
[2017-12-26 18:08:56 ERROR] [main] (com.erp.task.OfflineHlhtTask:100) - 处理DF和DT有误:null
[2017-12-26 18:08:56 ERROR] [main] (com.erp.task.DefaultFTPClient:438) - 开始脱机数据处理...
[2017-12-26 18:08:56 ERROR] [main] (com.erp.task.OfflineHlhtTask:173) - java.lang.NullPointerException
[2017-12-26 18:08:56 ERROR] [main] (com.erp.task.DefaultFTPClient:438) - 脱机数据处理出现错误！null
[2017-12-26 18:08:56 ERROR] [main] (com.erp.task.DefaultFTPClient:438) - 结束脱机数据处理...
[2017-12-26 18:08:56 ERROR] [main] (com.erp.task.DefaultFTPClient:438) - 开始脱机数据处理...
[2017-12-26 18:08:56 ERROR] [main] (com.erp.task.OfflineHlhtTask:190) - java.lang.NullPointerException
[2017-12-26 18:08:56 ERROR] [main] (com.erp.task.DefaultFTPClient:438) - 脱机数据处理出现错误！null
[2017-12-26 18:08:56 ERROR] [main] (com.erp.task.DefaultFTPClient:438) - 结束脱机数据处理...
[2017-12-26 18:08:56 ERROR] [main] (com.erp.task.DefaultFTPClient:438) - 开始上传拒付（SS）、清算(QS)、清算文件明细(NS)  文件...
[2017-12-26 18:08:56 ERROR] [main] (com.erp.task.OfflineHlhtTask:211) - com.erp.exception.CommonException: 获取ftp配置出错，请联系系统管理员！
[2017-12-26 18:08:56 ERROR] [main] (com.erp.task.DefaultFTPClient:438) - 脱机数据处理出现错误！获取ftp配置出错，请联系系统管理员！
[2017-12-26 18:08:56 ERROR] [main] (com.erp.task.DefaultFTPClient:438) - 结束上传拒付（SS）、清算(QS)、清算文件明细(NS)  文件...
[2017-12-26 18:08:56 ERROR] [main] (com.erp.task.DefaultFTPClient:438) - 开始上传嘉善拒付（SS）、清算(QS)、清算文件明细(NS)  文件...
[2017-12-26 18:08:56 ERROR] [main] (com.erp.task.OfflineHlhtTask:232) - com.erp.exception.CommonException: 获取ftp配置出错，请联系系统管理员！
[2017-12-26 18:08:56 ERROR] [main] (com.erp.task.DefaultFTPClient:438) - 脱机数据处理出现错误！获取ftp配置出错，请联系系统管理员！
[2017-12-26 18:08:56 ERROR] [main] (com.erp.task.DefaultFTPClient:438) - 结束上传嘉善拒付（SS）、清算(QS)、清算文件明细(NS)  文件...
[2017-12-26 18:08:56 ERROR] [main] (com.erp.task.OfflineHlhtTask:248) - java.lang.NullPointerException
[2017-12-26 18:08:56 ERROR] [main] (com.erp.task.DefaultFTPClient:438) - 脱机数据处理出现错误！null
[2017-12-26 18:08:56 ERROR] [main] (com.erp.task.DefaultFTPClient:438) - 结束上传Gf文件...
[2017-12-26 18:08:56 ERROR] [main] (com.erp.task.OfflineHlhtTask:145) - 上传上海FH文件有误:null
[2017-12-26 18:08:56 ERROR] [main] (com.erp.task.OfflineHlhtTask:150) - 上传全国FH文件有误:null
[2017-12-26 18:09:23 ERROR] [main] (com.erp.task.DefaultFTPClient:438) - 开始处理嘉善停车收费离线数据文件...
[2017-12-26 18:09:54 ERROR] [main] (com.erp.task.DefaultFTPClient:438) - 结束处理嘉善停车收费离线数据文件...
[2017-12-26 18:09:54 ERROR] [main] (com.erp.task.DefaultFTPClient:438) - 开始验证消费数据TAC...
[2017-12-26 18:09:54 ERROR] [main] (com.erp.task.OfflineHlhtTask:446) - java.lang.NullPointerException
[2017-12-26 18:09:54 ERROR] [main] (com.erp.task.DefaultFTPClient:438) - 验证XF消费数据 TAC出现错误！null
[2017-12-26 18:09:54 ERROR] [main] (com.erp.task.DefaultFTPClient:438) - 结束验证消费数据TAC...
[2017-12-26 18:09:54 ERROR] [main] (com.erp.task.OfflineHlhtTask:93) - 获取DF和DT有误:null
[2017-12-26 18:09:54 ERROR] [main] (com.erp.task.OfflineHlhtTask:100) - 处理DF和DT有误:null
[2017-12-26 18:09:54 ERROR] [main] (com.erp.task.DefaultFTPClient:438) - 开始脱机数据处理...
[2017-12-26 18:09:54 ERROR] [main] (com.erp.task.OfflineHlhtTask:173) - java.lang.NullPointerException
[2017-12-26 18:09:54 ERROR] [main] (com.erp.task.DefaultFTPClient:438) - 脱机数据处理出现错误！null
[2017-12-26 18:09:54 ERROR] [main] (com.erp.task.DefaultFTPClient:438) - 结束脱机数据处理...
[2017-12-26 18:09:54 ERROR] [main] (com.erp.task.DefaultFTPClient:438) - 开始脱机数据处理...
[2017-12-26 18:09:54 ERROR] [main] (com.erp.task.OfflineHlhtTask:190) - java.lang.NullPointerException
[2017-12-26 18:09:54 ERROR] [main] (com.erp.task.DefaultFTPClient:438) - 脱机数据处理出现错误！null
[2017-12-26 18:09:54 ERROR] [main] (com.erp.task.DefaultFTPClient:438) - 结束脱机数据处理...
[2017-12-26 18:09:54 ERROR] [main] (com.erp.task.DefaultFTPClient:438) - 开始上传拒付（SS）、清算(QS)、清算文件明细(NS)  文件...
[2017-12-26 18:09:54 ERROR] [main] (com.erp.task.OfflineHlhtTask:211) - com.erp.exception.CommonException: 获取ftp配置出错，请联系系统管理员！
[2017-12-26 18:09:54 ERROR] [main] (com.erp.task.DefaultFTPClient:438) - 脱机数据处理出现错误！获取ftp配置出错，请联系系统管理员！
[2017-12-26 18:09:54 ERROR] [main] (com.erp.task.DefaultFTPClient:438) - 结束上传拒付（SS）、清算(QS)、清算文件明细(NS)  文件...
[2017-12-26 18:09:54 ERROR] [main] (com.erp.task.DefaultFTPClient:438) - 开始上传嘉善拒付（SS）、清算(QS)、清算文件明细(NS)  文件...
[2017-12-26 18:09:54 ERROR] [main] (com.erp.task.OfflineHlhtTask:232) - com.erp.exception.CommonException: 获取ftp配置出错，请联系系统管理员！
[2017-12-26 18:09:54 ERROR] [main] (com.erp.task.DefaultFTPClient:438) - 脱机数据处理出现错误！获取ftp配置出错，请联系系统管理员！
[2017-12-26 18:09:54 ERROR] [main] (com.erp.task.DefaultFTPClient:438) - 结束上传嘉善拒付（SS）、清算(QS)、清算文件明细(NS)  文件...
[2017-12-26 18:09:54 ERROR] [main] (com.erp.task.OfflineHlhtTask:248) - java.lang.NullPointerException
[2017-12-26 18:09:54 ERROR] [main] (com.erp.task.DefaultFTPClient:438) - 脱机数据处理出现错误！null
[2017-12-26 18:09:54 ERROR] [main] (com.erp.task.DefaultFTPClient:438) - 结束上传Gf文件...
[2017-12-26 18:09:54 ERROR] [main] (com.erp.task.OfflineHlhtTask:145) - 上传上海FH文件有误:null
[2017-12-26 18:09:54 ERROR] [main] (com.erp.task.OfflineHlhtTask:150) - 上传全国FH文件有误:null
[2017-12-26 18:10:25 ERROR] [main] (com.erp.task.DefaultFTPClient:438) - 开始处理嘉善停车收费离线数据文件...
[2017-12-26 18:11:53 ERROR] [main] (com.erp.task.DefaultFTPClient:438) - 结束处理嘉善停车收费离线数据文件...
[2017-12-26 18:11:53 ERROR] [main] (com.erp.task.DefaultFTPClient:438) - 开始验证消费数据TAC...
[2017-12-26 18:11:53 ERROR] [main] (com.erp.task.OfflineHlhtTask:446) - java.lang.NullPointerException
[2017-12-26 18:11:53 ERROR] [main] (com.erp.task.DefaultFTPClient:438) - 验证XF消费数据 TAC出现错误！null
[2017-12-26 18:11:53 ERROR] [main] (com.erp.task.DefaultFTPClient:438) - 结束验证消费数据TAC...
[2017-12-26 18:11:53 ERROR] [main] (com.erp.task.OfflineHlhtTask:93) - 获取DF和DT有误:null
[2017-12-26 18:11:53 ERROR] [main] (com.erp.task.OfflineHlhtTask:100) - 处理DF和DT有误:null
[2017-12-26 18:11:53 ERROR] [main] (com.erp.task.DefaultFTPClient:438) - 开始脱机数据处理...
[2017-12-26 18:11:53 ERROR] [main] (com.erp.task.OfflineHlhtTask:173) - java.lang.NullPointerException
[2017-12-26 18:11:53 ERROR] [main] (com.erp.task.DefaultFTPClient:438) - 脱机数据处理出现错误！null
[2017-12-26 18:11:53 ERROR] [main] (com.erp.task.DefaultFTPClient:438) - 结束脱机数据处理...
[2017-12-26 18:11:53 ERROR] [main] (com.erp.task.DefaultFTPClient:438) - 开始脱机数据处理...
[2017-12-26 18:11:53 ERROR] [main] (com.erp.task.OfflineHlhtTask:190) - java.lang.NullPointerException
[2017-12-26 18:11:53 ERROR] [main] (com.erp.task.DefaultFTPClient:438) - 脱机数据处理出现错误！null
[2017-12-26 18:11:53 ERROR] [main] (com.erp.task.DefaultFTPClient:438) - 结束脱机数据处理...
[2017-12-26 18:11:53 ERROR] [main] (com.erp.task.DefaultFTPClient:438) - 开始上传拒付（SS）、清算(QS)、清算文件明细(NS)  文件...
[2017-12-26 18:11:53 ERROR] [main] (com.erp.task.OfflineHlhtTask:211) - com.erp.exception.CommonException: 获取ftp配置出错，请联系系统管理员！
[2017-12-26 18:11:53 ERROR] [main] (com.erp.task.DefaultFTPClient:438) - 脱机数据处理出现错误！获取ftp配置出错，请联系系统管理员！
[2017-12-26 18:11:53 ERROR] [main] (com.erp.task.DefaultFTPClient:438) - 结束上传拒付（SS）、清算(QS)、清算文件明细(NS)  文件...
[2017-12-26 18:11:53 ERROR] [main] (com.erp.task.DefaultFTPClient:438) - 开始上传嘉善拒付（SS）、清算(QS)、清算文件明细(NS)  文件...
[2017-12-26 18:11:53 ERROR] [main] (com.erp.task.OfflineHlhtTask:232) - com.erp.exception.CommonException: 获取ftp配置出错，请联系系统管理员！
[2017-12-26 18:11:53 ERROR] [main] (com.erp.task.DefaultFTPClient:438) - 脱机数据处理出现错误！获取ftp配置出错，请联系系统管理员！
[2017-12-26 18:11:53 ERROR] [main] (com.erp.task.DefaultFTPClient:438) - 结束上传嘉善拒付（SS）、清算(QS)、清算文件明细(NS)  文件...
[2017-12-26 18:11:53 ERROR] [main] (com.erp.task.OfflineHlhtTask:248) - java.lang.NullPointerException
[2017-12-26 18:11:53 ERROR] [main] (com.erp.task.DefaultFTPClient:438) - 脱机数据处理出现错误！null
[2017-12-26 18:11:53 ERROR] [main] (com.erp.task.DefaultFTPClient:438) - 结束上传Gf文件...
[2017-12-26 18:11:53 ERROR] [main] (com.erp.task.OfflineHlhtTask:145) - 上传上海FH文件有误:null
[2017-12-26 18:11:53 ERROR] [main] (com.erp.task.OfflineHlhtTask:150) - 上传全国FH文件有误:null
[2017-12-26 18:12:14 ERROR] [main] (com.erp.task.DefaultFTPClient:438) - 开始处理嘉善停车收费离线数据文件...
[2017-12-26 18:12:29 ERROR] [main] (com.erp.task.DefaultFTPClient:438) - 结束处理嘉善停车收费离线数据文件...
[2017-12-26 18:12:29 ERROR] [main] (com.erp.task.DefaultFTPClient:438) - 开始验证消费数据TAC...
[2017-12-26 18:12:29 ERROR] [main] (com.erp.task.OfflineHlhtTask:446) - java.lang.NullPointerException
[2017-12-26 18:12:29 ERROR] [main] (com.erp.task.DefaultFTPClient:438) - 验证XF消费数据 TAC出现错误！null
[2017-12-26 18:12:29 ERROR] [main] (com.erp.task.DefaultFTPClient:438) - 结束验证消费数据TAC...
[2017-12-26 18:12:29 ERROR] [main] (com.erp.task.OfflineHlhtTask:93) - 获取DF和DT有误:null
[2017-12-26 18:12:29 ERROR] [main] (com.erp.task.OfflineHlhtTask:100) - 处理DF和DT有误:null
[2017-12-26 18:12:29 ERROR] [main] (com.erp.task.DefaultFTPClient:438) - 开始脱机数据处理...
[2017-12-26 18:12:29 ERROR] [main] (com.erp.task.OfflineHlhtTask:173) - java.lang.NullPointerException
[2017-12-26 18:12:29 ERROR] [main] (com.erp.task.DefaultFTPClient:438) - 脱机数据处理出现错误！null
[2017-12-26 18:12:29 ERROR] [main] (com.erp.task.DefaultFTPClient:438) - 结束脱机数据处理...
[2017-12-26 18:12:29 ERROR] [main] (com.erp.task.DefaultFTPClient:438) - 开始脱机数据处理...
[2017-12-26 18:12:29 ERROR] [main] (com.erp.task.OfflineHlhtTask:190) - java.lang.NullPointerException
[2017-12-26 18:12:29 ERROR] [main] (com.erp.task.DefaultFTPClient:438) - 脱机数据处理出现错误！null
[2017-12-26 18:12:29 ERROR] [main] (com.erp.task.DefaultFTPClient:438) - 结束脱机数据处理...
[2017-12-26 18:12:29 ERROR] [main] (com.erp.task.DefaultFTPClient:438) - 开始上传拒付（SS）、清算(QS)、清算文件明细(NS)  文件...
[2017-12-26 18:12:29 ERROR] [main] (com.erp.task.OfflineHlhtTask:211) - com.erp.exception.CommonException: 获取ftp配置出错，请联系系统管理员！
[2017-12-26 18:12:29 ERROR] [main] (com.erp.task.DefaultFTPClient:438) - 脱机数据处理出现错误！获取ftp配置出错，请联系系统管理员！
[2017-12-26 18:12:29 ERROR] [main] (com.erp.task.DefaultFTPClient:438) - 结束上传拒付（SS）、清算(QS)、清算文件明细(NS)  文件...
[2017-12-26 18:12:29 ERROR] [main] (com.erp.task.DefaultFTPClient:438) - 开始上传嘉善拒付（SS）、清算(QS)、清算文件明细(NS)  文件...
[2017-12-26 18:12:29 ERROR] [main] (com.erp.task.OfflineHlhtTask:232) - com.erp.exception.CommonException: 获取ftp配置出错，请联系系统管理员！
[2017-12-26 18:12:29 ERROR] [main] (com.erp.task.DefaultFTPClient:438) - 脱机数据处理出现错误！获取ftp配置出错，请联系系统管理员！
[2017-12-26 18:12:29 ERROR] [main] (com.erp.task.DefaultFTPClient:438) - 结束上传嘉善拒付（SS）、清算(QS)、清算文件明细(NS)  文件...
[2017-12-26 18:12:29 ERROR] [main] (com.erp.task.OfflineHlhtTask:248) - java.lang.NullPointerException
[2017-12-26 18:12:29 ERROR] [main] (com.erp.task.DefaultFTPClient:438) - 脱机数据处理出现错误！null
[2017-12-26 18:12:29 ERROR] [main] (com.erp.task.DefaultFTPClient:438) - 结束上传Gf文件...
[2017-12-26 18:12:29 ERROR] [main] (com.erp.task.OfflineHlhtTask:145) - 上传上海FH文件有误:null
[2017-12-26 18:12:29 ERROR] [main] (com.erp.task.OfflineHlhtTask:150) - 上传全国FH文件有误:null
[2017-12-26 18:13:13 ERROR] [main] (com.erp.task.DefaultFTPClient:438) - 开始处理嘉善停车收费离线数据文件...
[2017-12-26 18:15:07 ERROR] [main] (com.erp.task.DefaultFTPClient:438) - 结束处理嘉善停车收费离线数据文件...
[2017-12-26 18:15:11 ERROR] [main] (com.erp.task.DefaultFTPClient:438) - 开始验证消费数据TAC...
[2017-12-26 18:15:11 ERROR] [main] (com.erp.task.OfflineHlhtTask:446) - java.lang.NullPointerException
[2017-12-26 18:15:11 ERROR] [main] (com.erp.task.DefaultFTPClient:438) - 验证XF消费数据 TAC出现错误！null
[2017-12-26 18:15:11 ERROR] [main] (com.erp.task.DefaultFTPClient:438) - 结束验证消费数据TAC...
[2017-12-26 18:15:11 ERROR] [main] (com.erp.task.OfflineHlhtTask:93) - 获取DF和DT有误:null
[2017-12-26 18:15:11 ERROR] [main] (com.erp.task.OfflineHlhtTask:100) - 处理DF和DT有误:null
[2017-12-26 18:15:11 ERROR] [main] (com.erp.task.DefaultFTPClient:438) - 开始脱机数据处理...
[2017-12-26 18:15:11 ERROR] [main] (com.erp.task.OfflineHlhtTask:173) - java.lang.NullPointerException
[2017-12-26 18:15:11 ERROR] [main] (com.erp.task.DefaultFTPClient:438) - 脱机数据处理出现错误！null
[2017-12-26 18:15:11 ERROR] [main] (com.erp.task.DefaultFTPClient:438) - 结束脱机数据处理...
[2017-12-26 18:15:11 ERROR] [main] (com.erp.task.DefaultFTPClient:438) - 开始脱机数据处理...
[2017-12-26 18:15:11 ERROR] [main] (com.erp.task.OfflineHlhtTask:190) - java.lang.NullPointerException
[2017-12-26 18:15:11 ERROR] [main] (com.erp.task.DefaultFTPClient:438) - 脱机数据处理出现错误！null
[2017-12-26 18:15:11 ERROR] [main] (com.erp.task.DefaultFTPClient:438) - 结束脱机数据处理...
[2017-12-26 18:15:11 ERROR] [main] (com.erp.task.DefaultFTPClient:438) - 开始上传拒付（SS）、清算(QS)、清算文件明细(NS)  文件...
[2017-12-26 18:15:11 ERROR] [main] (com.erp.task.OfflineHlhtTask:211) - com.erp.exception.CommonException: 获取ftp配置出错，请联系系统管理员！
[2017-12-26 18:15:11 ERROR] [main] (com.erp.task.DefaultFTPClient:438) - 脱机数据处理出现错误！获取ftp配置出错，请联系系统管理员！
[2017-12-26 18:15:11 ERROR] [main] (com.erp.task.DefaultFTPClient:438) - 结束上传拒付（SS）、清算(QS)、清算文件明细(NS)  文件...
[2017-12-26 18:15:11 ERROR] [main] (com.erp.task.DefaultFTPClient:438) - 开始上传嘉善拒付（SS）、清算(QS)、清算文件明细(NS)  文件...
[2017-12-26 18:15:11 ERROR] [main] (com.erp.task.OfflineHlhtTask:232) - com.erp.exception.CommonException: 获取ftp配置出错，请联系系统管理员！
[2017-12-26 18:15:11 ERROR] [main] (com.erp.task.DefaultFTPClient:438) - 脱机数据处理出现错误！获取ftp配置出错，请联系系统管理员！
[2017-12-26 18:15:11 ERROR] [main] (com.erp.task.DefaultFTPClient:438) - 结束上传嘉善拒付（SS）、清算(QS)、清算文件明细(NS)  文件...
[2017-12-26 18:15:11 ERROR] [main] (com.erp.task.OfflineHlhtTask:248) - java.lang.NullPointerException
[2017-12-26 18:15:11 ERROR] [main] (com.erp.task.DefaultFTPClient:438) - 脱机数据处理出现错误！null
[2017-12-26 18:15:11 ERROR] [main] (com.erp.task.DefaultFTPClient:438) - 结束上传Gf文件...
[2017-12-26 18:15:11 ERROR] [main] (com.erp.task.OfflineHlhtTask:145) - 上传上海FH文件有误:null
[2017-12-26 18:15:11 ERROR] [main] (com.erp.task.OfflineHlhtTask:150) - 上传全国FH文件有误:null
[2017-12-26 18:15:36 ERROR] [main] (com.erp.task.DefaultFTPClient:438) - 开始处理嘉善停车收费离线数据文件...
[2017-12-26 18:15:36 ERROR] [main] (com.erp.task.DefaultFTPClient:438) - 结束处理嘉善停车收费离线数据文件...
[2017-12-26 18:15:36 ERROR] [main] (com.erp.task.DefaultFTPClient:438) - 开始验证消费数据TAC...
[2017-12-26 18:15:36 ERROR] [main] (com.erp.task.OfflineHlhtTask:446) - java.lang.NullPointerException
[2017-12-26 18:15:36 ERROR] [main] (com.erp.task.DefaultFTPClient:438) - 验证XF消费数据 TAC出现错误！null
[2017-12-26 18:15:36 ERROR] [main] (com.erp.task.DefaultFTPClient:438) - 结束验证消费数据TAC...
[2017-12-26 18:15:36 ERROR] [main] (com.erp.task.OfflineHlhtTask:93) - 获取DF和DT有误:null
[2017-12-26 18:15:36 ERROR] [main] (com.erp.task.OfflineHlhtTask:100) - 处理DF和DT有误:null
[2017-12-26 18:15:36 ERROR] [main] (com.erp.task.DefaultFTPClient:438) - 开始脱机数据处理...
[2017-12-26 18:15:36 ERROR] [main] (com.erp.task.OfflineHlhtTask:173) - java.lang.NullPointerException
[2017-12-26 18:15:36 ERROR] [main] (com.erp.task.DefaultFTPClient:438) - 脱机数据处理出现错误！null
[2017-12-26 18:15:36 ERROR] [main] (com.erp.task.DefaultFTPClient:438) - 结束脱机数据处理...
[2017-12-26 18:15:36 ERROR] [main] (com.erp.task.DefaultFTPClient:438) - 开始脱机数据处理...
[2017-12-26 18:15:36 ERROR] [main] (com.erp.task.OfflineHlhtTask:190) - java.lang.NullPointerException
[2017-12-26 18:15:36 ERROR] [main] (com.erp.task.DefaultFTPClient:438) - 脱机数据处理出现错误！null
[2017-12-26 18:15:36 ERROR] [main] (com.erp.task.DefaultFTPClient:438) - 结束脱机数据处理...
[2017-12-26 18:15:36 ERROR] [main] (com.erp.task.DefaultFTPClient:438) - 开始上传拒付（SS）、清算(QS)、清算文件明细(NS)  文件...
[2017-12-26 18:15:36 ERROR] [main] (com.erp.task.OfflineHlhtTask:211) - com.erp.exception.CommonException: 获取ftp配置出错，请联系系统管理员！
[2017-12-26 18:15:36 ERROR] [main] (com.erp.task.DefaultFTPClient:438) - 脱机数据处理出现错误！获取ftp配置出错，请联系系统管理员！
[2017-12-26 18:15:36 ERROR] [main] (com.erp.task.DefaultFTPClient:438) - 结束上传拒付（SS）、清算(QS)、清算文件明细(NS)  文件...
[2017-12-26 18:15:36 ERROR] [main] (com.erp.task.DefaultFTPClient:438) - 开始上传嘉善拒付（SS）、清算(QS)、清算文件明细(NS)  文件...
[2017-12-26 18:15:36 ERROR] [main] (com.erp.task.OfflineHlhtTask:232) - com.erp.exception.CommonException: 获取ftp配置出错，请联系系统管理员！
[2017-12-26 18:15:36 ERROR] [main] (com.erp.task.DefaultFTPClient:438) - 脱机数据处理出现错误！获取ftp配置出错，请联系系统管理员！
[2017-12-26 18:15:36 ERROR] [main] (com.erp.task.DefaultFTPClient:438) - 结束上传嘉善拒付（SS）、清算(QS)、清算文件明细(NS)  文件...
[2017-12-26 18:15:36 ERROR] [main] (com.erp.task.OfflineHlhtTask:248) - java.lang.NullPointerException
[2017-12-26 18:15:36 ERROR] [main] (com.erp.task.DefaultFTPClient:438) - 脱机数据处理出现错误！null
[2017-12-26 18:15:36 ERROR] [main] (com.erp.task.DefaultFTPClient:438) - 结束上传Gf文件...
[2017-12-26 18:15:36 ERROR] [main] (com.erp.task.OfflineHlhtTask:145) - 上传上海FH文件有误:null
[2017-12-26 18:15:36 ERROR] [main] (com.erp.task.OfflineHlhtTask:150) - 上传全国FH文件有误:null
[2017-12-26 18:15:59 ERROR] [main] (com.erp.task.DefaultFTPClient:438) - 开始处理嘉善停车收费离线数据文件...
[2017-12-26 18:17:09 ERROR] [main] (com.erp.task.DefaultFTPClient:438) - 结束处理嘉善停车收费离线数据文件...
[2017-12-26 18:17:14 ERROR] [main] (com.erp.task.DefaultFTPClient:438) - 开始验证消费数据TAC...
[2017-12-26 18:17:14 ERROR] [main] (com.erp.task.OfflineHlhtTask:446) - java.lang.NullPointerException
[2017-12-26 18:17:14 ERROR] [main] (com.erp.task.DefaultFTPClient:438) - 验证XF消费数据 TAC出现错误！null
[2017-12-26 18:17:14 ERROR] [main] (com.erp.task.DefaultFTPClient:438) - 结束验证消费数据TAC...
[2017-12-26 18:17:21 ERROR] [main] (com.erp.task.OfflineHlhtTask:93) - 获取DF和DT有误:null
[2017-12-26 18:17:24 ERROR] [main] (com.erp.task.OfflineHlhtTask:100) - 处理DF和DT有误:null
[2017-12-26 18:17:25 ERROR] [main] (com.erp.task.DefaultFTPClient:438) - 开始脱机数据处理...
[2017-12-26 18:17:25 ERROR] [main] (com.erp.task.OfflineHlhtTask:173) - java.lang.NullPointerException
[2017-12-26 18:17:25 ERROR] [main] (com.erp.task.DefaultFTPClient:438) - 脱机数据处理出现错误！null
[2017-12-26 18:17:25 ERROR] [main] (com.erp.task.DefaultFTPClient:438) - 结束脱机数据处理...
[2017-12-26 18:17:27 ERROR] [main] (com.erp.task.DefaultFTPClient:438) - 开始脱机数据处理...
[2017-12-26 18:17:27 ERROR] [main] (com.erp.task.OfflineHlhtTask:190) - java.lang.NullPointerException
[2017-12-26 18:17:27 ERROR] [main] (com.erp.task.DefaultFTPClient:438) - 脱机数据处理出现错误！null
[2017-12-26 18:17:27 ERROR] [main] (com.erp.task.DefaultFTPClient:438) - 结束脱机数据处理...
[2017-12-26 18:17:29 ERROR] [main] (com.erp.task.DefaultFTPClient:438) - 开始上传拒付（SS）、清算(QS)、清算文件明细(NS)  文件...
[2017-12-26 18:17:29 ERROR] [main] (com.erp.task.OfflineHlhtTask:211) - com.erp.exception.CommonException: 获取ftp配置出错，请联系系统管理员！
[2017-12-26 18:17:29 ERROR] [main] (com.erp.task.DefaultFTPClient:438) - 脱机数据处理出现错误！获取ftp配置出错，请联系系统管理员！
[2017-12-26 18:17:29 ERROR] [main] (com.erp.task.DefaultFTPClient:438) - 结束上传拒付（SS）、清算(QS)、清算文件明细(NS)  文件...
[2017-12-26 18:17:37 ERROR] [main] (com.erp.task.DefaultFTPClient:438) - 开始上传嘉善拒付（SS）、清算(QS)、清算文件明细(NS)  文件...
[2017-12-26 18:17:37 ERROR] [main] (com.erp.task.OfflineHlhtTask:232) - com.erp.exception.CommonException: 获取ftp配置出错，请联系系统管理员！
[2017-12-26 18:17:37 ERROR] [main] (com.erp.task.DefaultFTPClient:438) - 脱机数据处理出现错误！获取ftp配置出错，请联系系统管理员！
[2017-12-26 18:17:37 ERROR] [main] (com.erp.task.DefaultFTPClient:438) - 结束上传嘉善拒付（SS）、清算(QS)、清算文件明细(NS)  文件...
[2017-12-26 18:18:01 ERROR] [main] (com.erp.task.OfflineHlhtTask:248) - java.lang.NullPointerException
[2017-12-26 18:18:01 ERROR] [main] (com.erp.task.DefaultFTPClient:438) - 脱机数据处理出现错误！null
[2017-12-26 18:18:01 ERROR] [main] (com.erp.task.DefaultFTPClient:438) - 结束上传Gf文件...
[2017-12-26 18:18:01 ERROR] [main] (com.erp.task.OfflineHlhtTask:145) - 上传上海FH文件有误:null
[2017-12-26 18:18:01 ERROR] [main] (com.erp.task.OfflineHlhtTask:150) - 上传全国FH文件有误:null
[2017-12-26 18:18:18 ERROR] [main] (com.erp.task.DefaultFTPClient:438) - 开始处理嘉善停车收费离线数据文件...
[2017-12-26 18:18:21 ERROR] [main] (com.erp.task.DefaultFTPClient:438) - 结束处理嘉善停车收费离线数据文件...
[2017-12-26 18:18:24 ERROR] [main] (com.erp.task.DefaultFTPClient:438) - 开始验证消费数据TAC...
[2017-12-26 18:18:24 ERROR] [main] (com.erp.task.OfflineHlhtTask:446) - java.lang.NullPointerException
[2017-12-26 18:18:24 ERROR] [main] (com.erp.task.DefaultFTPClient:438) - 验证XF消费数据 TAC出现错误！null
[2017-12-26 18:18:24 ERROR] [main] (com.erp.task.DefaultFTPClient:438) - 结束验证消费数据TAC...
[2017-12-26 18:18:26 ERROR] [main] (com.erp.task.OfflineHlhtTask:93) - 获取DF和DT有误:null
[2017-12-26 18:18:29 ERROR] [main] (com.erp.task.OfflineHlhtTask:100) - 处理DF和DT有误:null
[2017-12-26 18:18:30 ERROR] [main] (com.erp.task.DefaultFTPClient:438) - 开始脱机数据处理...
[2017-12-26 18:18:30 ERROR] [main] (com.erp.task.OfflineHlhtTask:173) - java.lang.NullPointerException
[2017-12-26 18:18:30 ERROR] [main] (com.erp.task.DefaultFTPClient:438) - 脱机数据处理出现错误！null
[2017-12-26 18:18:30 ERROR] [main] (com.erp.task.DefaultFTPClient:438) - 结束脱机数据处理...
[2017-12-26 18:18:33 ERROR] [main] (com.erp.task.DefaultFTPClient:438) - 开始脱机数据处理...
[2017-12-26 18:18:33 ERROR] [main] (com.erp.task.OfflineHlhtTask:190) - java.lang.NullPointerException
[2017-12-26 18:18:33 ERROR] [main] (com.erp.task.DefaultFTPClient:438) - 脱机数据处理出现错误！null
[2017-12-26 18:18:33 ERROR] [main] (com.erp.task.DefaultFTPClient:438) - 结束脱机数据处理...
[2017-12-26 18:18:37 ERROR] [main] (com.erp.task.DefaultFTPClient:438) - 开始上传拒付（SS）、清算(QS)、清算文件明细(NS)  文件...
[2017-12-26 18:18:37 ERROR] [main] (com.erp.task.OfflineHlhtTask:211) - com.erp.exception.CommonException: 获取ftp配置出错，请联系系统管理员！
[2017-12-26 18:18:37 ERROR] [main] (com.erp.task.DefaultFTPClient:438) - 脱机数据处理出现错误！获取ftp配置出错，请联系系统管理员！
[2017-12-26 18:18:37 ERROR] [main] (com.erp.task.DefaultFTPClient:438) - 结束上传拒付（SS）、清算(QS)、清算文件明细(NS)  文件...
[2017-12-26 18:18:46 ERROR] [main] (com.erp.task.DefaultFTPClient:438) - 开始上传嘉善拒付（SS）、清算(QS)、清算文件明细(NS)  文件...
[2017-12-26 18:21:35 ERROR] [main] (com.erp.task.OfflineHlhtTask:232) - com.erp.exception.CommonException: 获取ftp配置出错，请联系系统管理员！
[2017-12-26 18:21:38 ERROR] [main] (com.erp.task.DefaultFTPClient:438) - 脱机数据处理出现错误！获取ftp配置出错，请联系系统管理员！
[2017-12-26 18:21:38 ERROR] [main] (com.erp.task.DefaultFTPClient:438) - 结束上传嘉善拒付（SS）、清算(QS)、清算文件明细(NS)  文件...
[2017-12-26 18:21:38 ERROR] [main] (com.erp.task.OfflineHlhtTask:248) - java.lang.NullPointerException
[2017-12-26 18:21:38 ERROR] [main] (com.erp.task.DefaultFTPClient:438) - 脱机数据处理出现错误！null
[2017-12-26 18:21:38 ERROR] [main] (com.erp.task.DefaultFTPClient:438) - 结束上传Gf文件...
[2017-12-26 18:21:38 ERROR] [main] (com.erp.task.OfflineHlhtTask:145) - 上传上海FH文件有误:null
[2017-12-26 18:21:38 ERROR] [main] (com.erp.task.OfflineHlhtTask:150) - 上传全国FH文件有误:null
[2017-12-26 18:21:54 ERROR] [main] (com.erp.task.DefaultFTPClient:438) - 开始处理嘉善停车收费离线数据文件...
[2017-12-26 18:21:57 ERROR] [main] (com.erp.task.DefaultFTPClient:438) - 结束处理嘉善停车收费离线数据文件...
[2017-12-26 18:21:58 ERROR] [main] (com.erp.task.DefaultFTPClient:438) - 开始验证消费数据TAC...
[2017-12-26 18:21:58 ERROR] [main] (com.erp.task.OfflineHlhtTask:446) - java.lang.NullPointerException
[2017-12-26 18:21:58 ERROR] [main] (com.erp.task.DefaultFTPClient:438) - 验证XF消费数据 TAC出现错误！null
[2017-12-26 18:21:58 ERROR] [main] (com.erp.task.DefaultFTPClient:438) - 结束验证消费数据TAC...
[2017-12-26 18:22:00 ERROR] [main] (com.erp.task.OfflineHlhtTask:93) - 获取DF和DT有误:null
[2017-12-26 18:22:04 ERROR] [main] (com.erp.task.OfflineHlhtTask:100) - 处理DF和DT有误:null
[2017-12-26 18:22:06 ERROR] [main] (com.erp.task.DefaultFTPClient:438) - 开始脱机数据处理...
[2017-12-26 18:22:06 ERROR] [main] (com.erp.task.OfflineHlhtTask:173) - java.lang.NullPointerException
[2017-12-26 18:22:06 ERROR] [main] (com.erp.task.DefaultFTPClient:438) - 脱机数据处理出现错误！null
[2017-12-26 18:22:06 ERROR] [main] (com.erp.task.DefaultFTPClient:438) - 结束脱机数据处理...
[2017-12-26 18:22:19 ERROR] [main] (com.erp.task.DefaultFTPClient:438) - 开始脱机数据处理...
[2017-12-26 18:22:21 ERROR] [main] (com.erp.task.OfflineHlhtTask:190) - java.lang.NullPointerException
[2017-12-26 18:22:21 ERROR] [main] (com.erp.task.DefaultFTPClient:438) - 脱机数据处理出现错误！null
[2017-12-26 18:22:25 ERROR] [main] (com.erp.task.DefaultFTPClient:438) - 结束脱机数据处理...
[2017-12-26 18:22:29 ERROR] [main] (com.erp.task.DefaultFTPClient:438) - 开始上传拒付（SS）、清算(QS)、清算文件明细(NS)  文件...
[2017-12-26 18:22:29 ERROR] [main] (com.erp.task.OfflineHlhtTask:211) - com.erp.exception.CommonException: 获取ftp配置出错，请联系系统管理员！
[2017-12-26 18:22:29 ERROR] [main] (com.erp.task.DefaultFTPClient:438) - 脱机数据处理出现错误！获取ftp配置出错，请联系系统管理员！
[2017-12-26 18:22:29 ERROR] [main] (com.erp.task.DefaultFTPClient:438) - 结束上传拒付（SS）、清算(QS)、清算文件明细(NS)  文件...
[2017-12-26 18:22:33 ERROR] [main] (com.erp.task.DefaultFTPClient:438) - 开始上传嘉善拒付（SS）、清算(QS)、清算文件明细(NS)  文件...
[2017-12-26 18:22:33 ERROR] [main] (com.erp.task.OfflineHlhtTask:232) - com.erp.exception.CommonException: 获取ftp配置出错，请联系系统管理员！
[2017-12-26 18:22:33 ERROR] [main] (com.erp.task.DefaultFTPClient:438) - 脱机数据处理出现错误！获取ftp配置出错，请联系系统管理员！
[2017-12-26 18:22:33 ERROR] [main] (com.erp.task.DefaultFTPClient:438) - 结束上传嘉善拒付（SS）、清算(QS)、清算文件明细(NS)  文件...
[2017-12-26 18:22:37 ERROR] [main] (com.erp.task.OfflineHlhtTask:248) - java.lang.NullPointerException
[2017-12-26 18:22:37 ERROR] [main] (com.erp.task.DefaultFTPClient:438) - 脱机数据处理出现错误！null
[2017-12-26 18:22:37 ERROR] [main] (com.erp.task.DefaultFTPClient:438) - 结束上传Gf文件...
[2017-12-26 18:22:37 ERROR] [main] (com.erp.task.OfflineHlhtTask:145) - 上传上海FH文件有误:null
[2017-12-26 18:22:37 ERROR] [main] (com.erp.task.OfflineHlhtTask:150) - 上传全国FH文件有误:null
[2017-12-26 18:22:53 ERROR] [main] (com.erp.task.DefaultFTPClient:438) - 开始处理嘉善停车收费离线数据文件...
[2017-12-26 18:22:56 ERROR] [main] (com.erp.task.DefaultFTPClient:438) - 结束处理嘉善停车收费离线数据文件...
[2017-12-26 18:22:56 ERROR] [main] (com.erp.task.DefaultFTPClient:438) - 开始验证消费数据TAC...
[2017-12-26 18:22:56 ERROR] [main] (com.erp.task.OfflineHlhtTask:446) - java.lang.NullPointerException
[2017-12-26 18:22:56 ERROR] [main] (com.erp.task.DefaultFTPClient:438) - 验证XF消费数据 TAC出现错误！null
[2017-12-26 18:22:56 ERROR] [main] (com.erp.task.DefaultFTPClient:438) - 结束验证消费数据TAC...
[2017-12-26 18:22:56 ERROR] [main] (com.erp.task.OfflineHlhtTask:93) - 获取DF和DT有误:null
[2017-12-26 18:22:56 ERROR] [main] (com.erp.task.OfflineHlhtTask:100) - 处理DF和DT有误:null
[2017-12-26 18:22:56 ERROR] [main] (com.erp.task.DefaultFTPClient:438) - 开始脱机数据处理...
[2017-12-26 18:22:56 ERROR] [main] (com.erp.task.OfflineHlhtTask:173) - java.lang.NullPointerException
[2017-12-26 18:22:56 ERROR] [main] (com.erp.task.DefaultFTPClient:438) - 脱机数据处理出现错误！null
[2017-12-26 18:22:56 ERROR] [main] (com.erp.task.DefaultFTPClient:438) - 结束脱机数据处理...
[2017-12-26 18:22:56 ERROR] [main] (com.erp.task.DefaultFTPClient:438) - 开始脱机数据处理...
[2017-12-26 18:22:56 ERROR] [main] (com.erp.task.OfflineHlhtTask:190) - java.lang.NullPointerException
[2017-12-26 18:22:56 ERROR] [main] (com.erp.task.DefaultFTPClient:438) - 脱机数据处理出现错误！null
[2017-12-26 18:22:56 ERROR] [main] (com.erp.task.DefaultFTPClient:438) - 结束脱机数据处理...
[2017-12-26 18:22:56 ERROR] [main] (com.erp.task.DefaultFTPClient:438) - 开始上传拒付（SS）、清算(QS)、清算文件明细(NS)  文件...
[2017-12-26 18:22:56 ERROR] [main] (com.erp.task.OfflineHlhtTask:211) - com.erp.exception.CommonException: 获取ftp配置出错，请联系系统管理员！
[2017-12-26 18:22:56 ERROR] [main] (com.erp.task.DefaultFTPClient:438) - 脱机数据处理出现错误！获取ftp配置出错，请联系系统管理员！
[2017-12-26 18:22:56 ERROR] [main] (com.erp.task.DefaultFTPClient:438) - 结束上传拒付（SS）、清算(QS)、清算文件明细(NS)  文件...
[2017-12-26 18:23:00 ERROR] [main] (com.erp.task.DefaultFTPClient:438) - 开始上传嘉善拒付（SS）、清算(QS)、清算文件明细(NS)  文件...
[2017-12-26 18:26:44 ERROR] [main] (com.erp.task.DefaultFTPClient:438) - 开始处理嘉善停车收费离线数据文件...
[2017-12-26 18:26:56 ERROR] [main] (com.erp.task.DefaultFTPClient:438) - 结束处理嘉善停车收费离线数据文件...
[2017-12-26 18:26:58 ERROR] [main] (com.erp.task.DefaultFTPClient:438) - 开始验证消费数据TAC...
[2017-12-26 18:26:58 ERROR] [main] (com.erp.task.OfflineHlhtTask:446) - java.lang.NullPointerException
[2017-12-26 18:26:58 ERROR] [main] (com.erp.task.DefaultFTPClient:438) - 验证XF消费数据 TAC出现错误！null
[2017-12-26 18:26:58 ERROR] [main] (com.erp.task.DefaultFTPClient:438) - 结束验证消费数据TAC...
[2017-12-26 18:27:00 ERROR] [main] (com.erp.task.OfflineHlhtTask:93) - 获取DF和DT有误:null
[2017-12-26 18:27:01 ERROR] [main] (com.erp.task.OfflineHlhtTask:100) - 处理DF和DT有误:null
[2017-12-26 18:27:01 ERROR] [main] (com.erp.task.DefaultFTPClient:438) - 开始脱机数据处理...
[2017-12-26 18:27:01 ERROR] [main] (com.erp.task.OfflineHlhtTask:173) - java.lang.NullPointerException
[2017-12-26 18:27:01 ERROR] [main] (com.erp.task.DefaultFTPClient:438) - 脱机数据处理出现错误！null
[2017-12-26 18:27:01 ERROR] [main] (com.erp.task.DefaultFTPClient:438) - 结束脱机数据处理...
[2017-12-26 18:27:02 ERROR] [main] (com.erp.task.DefaultFTPClient:438) - 开始脱机数据处理...
[2017-12-26 18:27:02 ERROR] [main] (com.erp.task.OfflineHlhtTask:190) - java.lang.NullPointerException
[2017-12-26 18:27:02 ERROR] [main] (com.erp.task.DefaultFTPClient:438) - 脱机数据处理出现错误！null
[2017-12-26 18:27:02 ERROR] [main] (com.erp.task.DefaultFTPClient:438) - 结束脱机数据处理...
[2017-12-26 18:27:03 ERROR] [main] (com.erp.task.DefaultFTPClient:438) - 开始上传拒付（SS）、清算(QS)、清算文件明细(NS)  文件...
[2017-12-26 18:27:03 ERROR] [main] (com.erp.task.OfflineHlhtTask:211) - com.erp.exception.CommonException: 获取ftp配置出错，请联系系统管理员！
[2017-12-26 18:27:03 ERROR] [main] (com.erp.task.DefaultFTPClient:438) - 脱机数据处理出现错误！获取ftp配置出错，请联系系统管理员！
[2017-12-26 18:27:03 ERROR] [main] (com.erp.task.DefaultFTPClient:438) - 结束上传拒付（SS）、清算(QS)、清算文件明细(NS)  文件...
[2017-12-26 18:27:11 ERROR] [main] (com.erp.task.DefaultFTPClient:438) - 开始上传嘉善拒付（SS）、清算(QS)、清算文件明细(NS)  文件...
[2017-12-26 18:27:43 ERROR] [main] (com.erp.task.OfflineHlhtTask:232) - java.lang.NullPointerException
[2017-12-26 18:27:53 ERROR] [main] (com.erp.task.DefaultFTPClient:438) - 脱机数据处理出现错误！null
[2017-12-26 18:28:03 ERROR] [main] (com.erp.task.DefaultFTPClient:438) - 结束上传嘉善拒付（SS）、清算(QS)、清算文件明细(NS)  文件...
[2017-12-26 18:28:37 ERROR] [main] (com.erp.task.OfflineHlhtTask:248) - java.lang.NullPointerException
[2017-12-26 18:28:37 ERROR] [main] (com.erp.task.DefaultFTPClient:438) - 脱机数据处理出现错误！null
[2017-12-26 18:28:37 ERROR] [main] (com.erp.task.DefaultFTPClient:438) - 结束上传Gf文件...
[2017-12-26 18:29:50 ERROR] [main] (com.erp.task.DefaultFTPClient:438) - 开始处理嘉善停车收费离线数据文件...
[2017-12-26 18:29:58 ERROR] [main] (com.erp.task.DefaultFTPClient:438) - 结束处理嘉善停车收费离线数据文件...
[2017-12-26 18:30:00 ERROR] [main] (com.erp.task.DefaultFTPClient:438) - 开始验证消费数据TAC...
[2017-12-26 18:30:00 ERROR] [main] (com.erp.task.OfflineHlhtTask:446) - java.lang.NullPointerException
[2017-12-26 18:30:00 ERROR] [main] (com.erp.task.DefaultFTPClient:438) - 验证XF消费数据 TAC出现错误！null
[2017-12-26 18:30:00 ERROR] [main] (com.erp.task.DefaultFTPClient:438) - 结束验证消费数据TAC...
[2017-12-26 18:30:02 ERROR] [main] (com.erp.task.OfflineHlhtTask:93) - 获取DF和DT有误:null
[2017-12-26 18:30:04 ERROR] [main] (com.erp.task.OfflineHlhtTask:100) - 处理DF和DT有误:null
[2017-12-26 18:30:05 ERROR] [main] (com.erp.task.DefaultFTPClient:438) - 开始脱机数据处理...
[2017-12-26 18:30:05 ERROR] [main] (com.erp.task.OfflineHlhtTask:173) - java.lang.NullPointerException
[2017-12-26 18:30:05 ERROR] [main] (com.erp.task.DefaultFTPClient:438) - 脱机数据处理出现错误！null
[2017-12-26 18:30:05 ERROR] [main] (com.erp.task.DefaultFTPClient:438) - 结束脱机数据处理...
[2017-12-26 18:30:07 ERROR] [main] (com.erp.task.DefaultFTPClient:438) - 开始脱机数据处理...
[2017-12-26 18:30:07 ERROR] [main] (com.erp.task.OfflineHlhtTask:190) - java.lang.NullPointerException
[2017-12-26 18:30:07 ERROR] [main] (com.erp.task.DefaultFTPClient:438) - 脱机数据处理出现错误！null
[2017-12-26 18:30:07 ERROR] [main] (com.erp.task.DefaultFTPClient:438) - 结束脱机数据处理...
[2017-12-26 18:30:09 ERROR] [main] (com.erp.task.DefaultFTPClient:438) - 开始上传拒付（SS）、清算(QS)、清算文件明细(NS)  文件...
[2017-12-26 18:30:09 ERROR] [main] (com.erp.task.OfflineHlhtTask:211) - com.erp.exception.CommonException: 获取ftp配置出错，请联系系统管理员！
[2017-12-26 18:30:09 ERROR] [main] (com.erp.task.DefaultFTPClient:438) - 脱机数据处理出现错误！获取ftp配置出错，请联系系统管理员！
[2017-12-26 18:30:09 ERROR] [main] (com.erp.task.DefaultFTPClient:438) - 结束上传拒付（SS）、清算(QS)、清算文件明细(NS)  文件...
[2017-12-26 18:30:18 ERROR] [main] (com.erp.task.DefaultFTPClient:438) - 开始上传嘉善拒付（SS）、清算(QS)、清算文件明细(NS)  文件...
[2017-12-26 18:30:18 ERROR] [main] (com.erp.task.OfflineHlhtTask:232) - java.lang.NullPointerException
[2017-12-26 18:30:18 ERROR] [main] (com.erp.task.DefaultFTPClient:438) - 脱机数据处理出现错误！null
[2017-12-26 18:30:18 ERROR] [main] (com.erp.task.DefaultFTPClient:438) - 结束上传嘉善拒付（SS）、清算(QS)、清算文件明细(NS)  文件...
